<?xml version="1.0" encoding="UTF-8"?>
<testsuites name="WD Request" time="363" tests="0" failures="2" errors="0">
   <testsuite name="WD Request" tests="0" failures="2" errors="0" time="363" timestamp="2018-11-21 16:03:31" hostname="Ashavini - COMP116.etplember.local" id="Test Suites/WD Request">
      <properties>
         <property name="deviceName" value=""/>
         <property name="devicePlatform" value=""/>
         <property name="logFolder" value="C:\\Users\\ashavini\\Desktop\\Katalon\\Ankita\\LERMS_CP\\LERMS_CP\\Reports\\WD Request\\20181121_160328"/>
         <property name="logFiles" value="C:\\Users\\ashavini\\Desktop\\Katalon\\Ankita\\LERMS_CP\\LERMS_CP\\Reports\\WD Request\\20181121_160328\\execution0.log"/>
         <property name="attachments" value="C:\\Users\\ashavini\\Desktop\\Katalon\\Ankita\\LERMS_CP\\LERMS_CP\\Reports\\WD Request\\20181121_160328\\1542796640460.png, C:\\Users\\ashavini\\Desktop\\Katalon\\Ankita\\LERMS_CP\\LERMS_CP\\Reports\\WD Request\\20181121_160328\\1542796666062.png, C:\\Users\\ashavini\\Desktop\\Katalon\\Ankita\\Automation Project\\LERMS_Counterparty\\Screenshots\\MakerInitiation.png, C:\\Users\\ashavini\\Desktop\\Katalon\\Ankita\\LERMS_CP\\LERMS_CP\\Reports\\WD Request\\20181121_160328\\1542796710433.png, C:\\Users\\ashavini\\Desktop\\Katalon\\Ankita\\Automation Project\\LERMS_Counterparty\\Screenshots\\WD transfer Limit.png"/>
         <property name="hostName" value="Ashavini - COMP116.etplember.local"/>
         <property name="os" value="Windows 8.1 64bit"/>
         <property name="katalonVersion" value="5.8.6.1"/>
         <property name="browser" value="Chrome 70.0.3538.102"/>
         <property name="hostAddress" value="192.168.50.116"/>
         <property name="sessionId" value="c3b56fc9645a78f56b000652e926b158"/>
         <property name="seleniumVersion" value="3.7.1"/>
         <property name="proxyInformation" value="ProxyInformation{proxyOption=NO_PROXY, proxyServerType=HTTP, password=, proxyServerAddress=, proxyServerPort=0}"/>
         <property name="platform" value="Windows 8.1"/>
      </properties>
      <testcase name="Test Cases/MK_Initiate_WD" classname="Test Cases/MK_Initiate_WD" status="FAILED">
         <failure type="FAILED" message="(Stack trace: com.kms.katalon.core.exception.StepFailedException: Unable to select option by value 'SG' of object 'Object Repository/WD Objects/MK Initiate/Page_Counterparty Limit Monitoring/select_--SELECT--INDIASINGAPOR'  using regular expression (Root cause: org.openqa.selenium.StaleElementReferenceException: stale element reference: element is not attached to the page document
  (Session info: chrome=70.0.3538.102)
  (Driver info: chromedriver=2.43.600210 (68dcf5eebde37173d4027fa8635e332711d2874a),platform=Windows NT 6.3.9600 x86_64) (WARNING: The server did not provide any stacktrace information)
Command duration or timeout: 0 milliseconds
For documentation on this error, please visit: http://seleniumhq.org/exceptions/stale_element_reference.html
Build info: version: '3.7.1', revision: '8a0099a', time: '2017-11-06T21:07:36.161Z'
System info: host: 'COMP116', ip: '192.168.50.116', os.name: 'Windows 8.1', os.arch: 'amd64', os.version: '6.3', java.version: '1.8.0_181'
Driver info: com.kms.katalon.selenium.driver.CChromeDriver
Capabilities {acceptInsecureCerts: false, acceptSslCerts: false, applicationCacheEnabled: false, browserConnectionEnabled: false, browserName: chrome, chrome: {chromedriverVersion: 2.43.600210 (68dcf5eebde371..., userDataDir: C:\Users\ashavini\AppData\L...}, cssSelectorsEnabled: true, databaseEnabled: false, goog:chromeOptions: {debuggerAddress: localhost:2578}, handlesAlerts: true, hasTouchScreen: false, javascriptEnabled: true, locationContextEnabled: true, mobileEmulationEnabled: false, nativeEvents: true, networkConnectionEnabled: false, pageLoadStrategy: normal, platform: XP, platformName: XP, rotatable: false, setWindowRect: true, takesHeapSnapshot: true, takesScreenshot: true, unexpectedAlertBehaviour: , unhandledPromptBehavior: , version: 70.0.3538.102, webStorageEnabled: true}
Session ID: c3b56fc9645a78f56b000652e926b158)
	at com.kms.katalon.core.keyword.internal.KeywordMain.stepFailed(KeywordMain.groovy:32)
	at com.kms.katalon.core.webui.keyword.internal.WebUIKeywordMain.stepFailed(WebUIKeywordMain.groovy:65)
	at com.kms.katalon.core.webui.keyword.internal.WebUIKeywordMain.runKeyword(WebUIKeywordMain.groovy:27)
	at com.kms.katalon.core.webui.keyword.builtin.SelectOptionByValueKeyword.selectOptionByValue(SelectOptionByValueKeyword.groovy:99)
	at com.kms.katalon.core.webui.keyword.builtin.SelectOptionByValueKeyword.execute(SelectOptionByValueKeyword.groovy:71)
	at com.kms.katalon.core.keyword.internal.KeywordExecutor.executeKeywordForPlatform(KeywordExecutor.groovy:53)
	at com.kms.katalon.core.webui.keyword.WebUiBuiltInKeywords.selectOptionByValue(WebUiBuiltInKeywords.groovy:1138)
	at com.kms.katalon.core.webui.keyword.WebUiBuiltInKeywords$selectOptionByValue$9.call(Unknown Source)
	at org.codehaus.groovy.runtime.callsite.CallSiteArray.defaultCall(CallSiteArray.java:48)
	at org.codehaus.groovy.runtime.callsite.AbstractCallSite.call(AbstractCallSite.java:113)
	at org.codehaus.groovy.runtime.callsite.AbstractCallSite.call(AbstractCallSite.java:141)
	at Script1542782649460.run(Script1542782649460.groovy:130)
	at com.kms.katalon.core.main.ScriptEngine.run(ScriptEngine.java:183)
	at com.kms.katalon.core.main.ScriptEngine.runScriptAsRawText(ScriptEngine.java:108)
	at com.kms.katalon.core.main.TestCaseExecutor.runScript(TestCaseExecutor.java:294)
	at com.kms.katalon.core.main.TestCaseExecutor.doExecute(TestCaseExecutor.java:285)
	at com.kms.katalon.core.main.TestCaseExecutor.processExecutionPhase(TestCaseExecutor.java:264)
	at com.kms.katalon.core.main.TestCaseExecutor.accessMainPhase(TestCaseExecutor.java:256)
	at com.kms.katalon.core.main.TestCaseExecutor.execute(TestCaseExecutor.java:200)
	at com.kms.katalon.core.main.TestSuiteExecutor.accessTestCaseMainPhase(TestSuiteExecutor.java:129)
	at com.kms.katalon.core.main.TestSuiteExecutor.accessTestSuiteMainPhase(TestSuiteExecutor.java:112)
	at com.kms.katalon.core.main.TestSuiteExecutor.execute(TestSuiteExecutor.java:81)
	at com.kms.katalon.core.main.TestCaseMain.startTestSuite(TestCaseMain.java:142)
	at com.kms.katalon.core.main.TestCaseMain$startTestSuite$0.call(Unknown Source)
	at org.codehaus.groovy.runtime.callsite.CallSiteArray.defaultCall(CallSiteArray.java:48)
	at org.codehaus.groovy.runtime.callsite.AbstractCallSite.call(AbstractCallSite.java:113)
	at org.codehaus.groovy.runtime.callsite.AbstractCallSite.call(AbstractCallSite.java:141)
	at TempTestSuite1542796408060.run(TempTestSuite1542796408060.groovy:36)
	at groovy.lang.GroovyShell.runScriptOrMainOrTestOrRunnable(GroovyShell.java:263)
	at groovy.lang.GroovyShell.run(GroovyShell.java:518)
	at groovy.lang.GroovyShell.run(GroovyShell.java:507)
	at groovy.ui.GroovyMain.processOnce(GroovyMain.java:653)
	at groovy.ui.GroovyMain.run(GroovyMain.java:384)
	at groovy.ui.GroovyMain.process(GroovyMain.java:370)
	at groovy.ui.GroovyMain.processArgs(GroovyMain.java:129)
	at groovy.ui.GroovyMain.main(GroovyMain.java:109)
	at sun.reflect.NativeMethodAccessorImpl.invoke0(Native Method)
	at sun.reflect.NativeMethodAccessorImpl.invoke(NativeMethodAccessorImpl.java:62)
	at sun.reflect.DelegatingMethodAccessorImpl.invoke(DelegatingMethodAccessorImpl.java:43)
	at java.lang.reflect.Method.invoke(Method.java:498)
	at org.codehaus.groovy.tools.GroovyStarter.rootLoader(GroovyStarter.java:109)
	at org.codehaus.groovy.tools.GroovyStarter.main(GroovyStarter.java:131)
)"/>
         <system-out><![CDATA[2018-11-21 16:03:32 - [TEST_CASE][FAILED] - Test Cases/MK_Initiate_WD: Test Cases/MK_Initiate_WD FAILED because (of) (Stack trace: com.kms.katalon.core.exception.StepFailedException: Unable to select option by value 'SG' of object 'Object Repository/WD Objects/MK Initiate/Page_Counterparty Limit Monitoring/select_--SELECT--INDIASINGAPOR'  using regular expression (Root cause: org.openqa.selenium.StaleElementReferenceException: stale element reference: element is not attached to the page document
  (Session info: chrome=70.0.3538.102)
  (Driver info: chromedriver=2.43.600210 (68dcf5eebde37173d4027fa8635e332711d2874a),platform=Windows NT 6.3.9600 x86_64) (WARNING: The server did not provide any stacktrace information)
Command duration or timeout: 0 milliseconds
For documentation on this error, please visit: http://seleniumhq.org/exceptions/stale_element_reference.html
Build info: version: '3.7.1', revision: '8a0099a', time: '2017-11-06T21:07:36.161Z'
System info: host: 'COMP116', ip: '192.168.50.116', os.name: 'Windows 8.1', os.arch: 'amd64', os.version: '6.3', java.version: '1.8.0_181'
Driver info: com.kms.katalon.selenium.driver.CChromeDriver
Capabilities {acceptInsecureCerts: false, acceptSslCerts: false, applicationCacheEnabled: false, browserConnectionEnabled: false, browserName: chrome, chrome: {chromedriverVersion: 2.43.600210 (68dcf5eebde371..., userDataDir: C:\Users\ashavini\AppData\L...}, cssSelectorsEnabled: true, databaseEnabled: false, goog:chromeOptions: {debuggerAddress: localhost:2578}, handlesAlerts: true, hasTouchScreen: false, javascriptEnabled: true, locationContextEnabled: true, mobileEmulationEnabled: false, nativeEvents: true, networkConnectionEnabled: false, pageLoadStrategy: normal, platform: XP, platformName: XP, rotatable: false, setWindowRect: true, takesHeapSnapshot: true, takesScreenshot: true, unexpectedAlertBehaviour: , unhandledPromptBehavior: , version: 70.0.3538.102, webStorageEnabled: true}
Session ID: c3b56fc9645a78f56b000652e926b158)
	at com.kms.katalon.core.keyword.internal.KeywordMain.stepFailed(KeywordMain.groovy:32)
	at com.kms.katalon.core.webui.keyword.internal.WebUIKeywordMain.stepFailed(WebUIKeywordMain.groovy:65)
	at com.kms.katalon.core.webui.keyword.internal.WebUIKeywordMain.runKeyword(WebUIKeywordMain.groovy:27)
	at com.kms.katalon.core.webui.keyword.builtin.SelectOptionByValueKeyword.selectOptionByValue(SelectOptionByValueKeyword.groovy:99)
	at com.kms.katalon.core.webui.keyword.builtin.SelectOptionByValueKeyword.execute(SelectOptionByValueKeyword.groovy:71)
	at com.kms.katalon.core.keyword.internal.KeywordExecutor.executeKeywordForPlatform(KeywordExecutor.groovy:53)
	at com.kms.katalon.core.webui.keyword.WebUiBuiltInKeywords.selectOptionByValue(WebUiBuiltInKeywords.groovy:1138)
	at com.kms.katalon.core.webui.keyword.WebUiBuiltInKeywords$selectOptionByValue$9.call(Unknown Source)
	at org.codehaus.groovy.runtime.callsite.CallSiteArray.defaultCall(CallSiteArray.java:48)
	at org.codehaus.groovy.runtime.callsite.AbstractCallSite.call(AbstractCallSite.java:113)
	at org.codehaus.groovy.runtime.callsite.AbstractCallSite.call(AbstractCallSite.java:141)
	at Script1542782649460.run(Script1542782649460.groovy:130)
	at com.kms.katalon.core.main.ScriptEngine.run(ScriptEngine.java:183)
	at com.kms.katalon.core.main.ScriptEngine.runScriptAsRawText(ScriptEngine.java:108)
	at com.kms.katalon.core.main.TestCaseExecutor.runScript(TestCaseExecutor.java:294)
	at com.kms.katalon.core.main.TestCaseExecutor.doExecute(TestCaseExecutor.java:285)
	at com.kms.katalon.core.main.TestCaseExecutor.processExecutionPhase(TestCaseExecutor.java:264)
	at com.kms.katalon.core.main.TestCaseExecutor.accessMainPhase(TestCaseExecutor.java:256)
	at com.kms.katalon.core.main.TestCaseExecutor.execute(TestCaseExecutor.java:200)
	at com.kms.katalon.core.main.TestSuiteExecutor.accessTestCaseMainPhase(TestSuiteExecutor.java:129)
	at com.kms.katalon.core.main.TestSuiteExecutor.accessTestSuiteMainPhase(TestSuiteExecutor.java:112)
	at com.kms.katalon.core.main.TestSuiteExecutor.execute(TestSuiteExecutor.java:81)
	at com.kms.katalon.core.main.TestCaseMain.startTestSuite(TestCaseMain.java:142)
	at com.kms.katalon.core.main.TestCaseMain$startTestSuite$0.call(Unknown Source)
	at org.codehaus.groovy.runtime.callsite.CallSiteArray.defaultCall(CallSiteArray.java:48)
	at org.codehaus.groovy.runtime.callsite.AbstractCallSite.call(AbstractCallSite.java:113)
	at org.codehaus.groovy.runtime.callsite.AbstractCallSite.call(AbstractCallSite.java:141)
	at TempTestSuite1542796408060.run(TempTestSuite1542796408060.groovy:36)
	at groovy.lang.GroovyShell.runScriptOrMainOrTestOrRunnable(GroovyShell.java:263)
	at groovy.lang.GroovyShell.run(GroovyShell.java:518)
	at groovy.lang.GroovyShell.run(GroovyShell.java:507)
	at groovy.ui.GroovyMain.processOnce(GroovyMain.java:653)
	at groovy.ui.GroovyMain.run(GroovyMain.java:384)
	at groovy.ui.GroovyMain.process(GroovyMain.java:370)
	at groovy.ui.GroovyMain.processArgs(GroovyMain.java:129)
	at groovy.ui.GroovyMain.main(GroovyMain.java:109)
	at sun.reflect.NativeMethodAccessorImpl.invoke0(Native Method)
	at sun.reflect.NativeMethodAccessorImpl.invoke(NativeMethodAccessorImpl.java:62)
	at sun.reflect.DelegatingMethodAccessorImpl.invoke(DelegatingMethodAccessorImpl.java:43)
	at java.lang.reflect.Method.invoke(Method.java:498)
	at org.codehaus.groovy.tools.GroovyStarter.rootLoader(GroovyStarter.java:109)
	at org.codehaus.groovy.tools.GroovyStarter.main(GroovyStarter.java:131)
)

2018-11-21 16:03:35 - [TEST_STEP][PASSED] - openBrowser: Browser is opened with url: ''

2018-11-21 16:03:48 - [MESSAGE][PASSED] - Browser is opened with url: ''

2018-11-21 16:03:48 - [TEST_STEP][PASSED] - navigateToUrl: Navigate to 'http://siachen:8003/AXIS_LERM_WEB_UAT_V4/login.aspx' successfully

2018-11-21 16:03:50 - [MESSAGE][PASSED] - Navigate to 'http://siachen:8003/AXIS_LERM_WEB_UAT_V4/login.aspx' successfully

2018-11-21 16:03:50 - [TEST_STEP][PASSED] - setText: Text 'Siddhika' is set on object 'Object Repository/Folder 1/Page_Loan Equivalent Risk System/input_User Name_ctl00MainConte'

2018-11-21 16:03:55 - [MESSAGE][PASSED] - Text 'Siddhika' is set on object 'Object Repository/Folder 1/Page_Loan Equivalent Risk System/input_User Name_ctl00MainConte'

2018-11-21 16:03:55 - [TEST_STEP][PASSED] - setEncryptedText: Text ****** has been set on object 'Object Repository/Folder 1/Page_Loan Equivalent Risk System/input_Password_ctl00MainConten'

2018-11-21 16:03:59 - [MESSAGE][PASSED] - Text ****** has been set on object 'Object Repository/Folder 1/Page_Loan Equivalent Risk System/input_Password_ctl00MainConten'

2018-11-21 16:03:59 - [TEST_STEP][PASSED] - click: Object: 'Object Repository/Folder 1/Page_Loan Equivalent Risk System/input_Password_ctl00MainConten_1' is clicked on

2018-11-21 16:04:03 - [MESSAGE][PASSED] - Object: 'Object Repository/Folder 1/Page_Loan Equivalent Risk System/input_Password_ctl00MainConten_1' is clicked on

2018-11-21 16:04:03 - [TEST_STEP][PASSED] - acceptAlert: Alert accepted

2018-11-21 16:04:05 - [MESSAGE][PASSED] - Alert accepted

2018-11-21 16:04:05 - [TEST_STEP][PASSED] - delay: Delayed 2 second(s)

2018-11-21 16:04:07 - [MESSAGE][PASSED] - Delayed 2 second(s)

2018-11-21 16:04:07 - [TEST_STEP][PASSED] - click: Object: 'Object Repository/Folder 1/Page_Loan Equivalent Risk System/a_Counterparty Limit Maintaine' is clicked on

2018-11-21 16:04:09 - [MESSAGE][PASSED] - Object: 'Object Repository/Folder 1/Page_Loan Equivalent Risk System/a_Counterparty Limit Maintaine' is clicked on

2018-11-21 16:04:09 - [TEST_STEP][PASSED] - delay: Delayed 2 second(s)

2018-11-21 16:04:11 - [MESSAGE][PASSED] - Delayed 2 second(s)

2018-11-21 16:04:11 - [TEST_STEP][PASSED] - switchToWindowIndex: Switched to window with index: '1'

2018-11-21 16:04:14 - [MESSAGE][PASSED] - Switched to window with index: '1'

2018-11-21 16:04:14 - [TEST_STEP][PASSED] - delay: Delayed 2 second(s)

2018-11-21 16:04:16 - [MESSAGE][PASSED] - Delayed 2 second(s)

2018-11-21 16:04:16 - [TEST_STEP][PASSED] - maximizeWindow: Current window maximized

2018-11-21 16:04:18 - [MESSAGE][PASSED] - Current window maximized

2018-11-21 16:04:18 - [TEST_STEP][PASSED] - delay: Delayed 2 second(s)

2018-11-21 16:04:20 - [MESSAGE][PASSED] - Delayed 2 second(s)

2018-11-21 16:04:20 - [TEST_STEP][PASSED] - mouseOver: Object: 'Object Repository/Folder 1/Page_Counterparty Limit Monitoring/Page_Counterparty Limit Monitoring/a_Transactions' is hovered

2018-11-21 16:04:25 - [MESSAGE][PASSED] - Object: 'Object Repository/Folder 1/Page_Counterparty Limit Monitoring/Page_Counterparty Limit Monitoring/a_Transactions' is hovered

2018-11-21 16:04:25 - [TEST_STEP][PASSED] - waitForElementVisible: Object 'Object Repository/Folder 1/Page_Counterparty Limit Monitoring/a_Transfer Limit' is visible

2018-11-21 16:04:27 - [MESSAGE][PASSED] - Object 'Object Repository/Folder 1/Page_Counterparty Limit Monitoring/a_Transfer Limit' is visible

2018-11-21 16:04:27 - [TEST_STEP][PASSED] - click: Object: 'Object Repository/Folder 1/Page_Counterparty Limit Monitoring/a_Transfer Limit' is clicked on

2018-11-21 16:04:33 - [MESSAGE][PASSED] - Object: 'Object Repository/Folder 1/Page_Counterparty Limit Monitoring/a_Transfer Limit' is clicked on

2018-11-21 16:04:33 - [TEST_STEP][PASSED] - selectOptionByValue: All options with value '02' are selected in object 'Object Repository/Folder 1/Page_Counterparty Limit Monitoring/select_--SELECT--CHANGE IN LIM'  using regular expression

2018-11-21 16:04:48 - [MESSAGE][PASSED] - All options with value '02' are selected in object 'Object Repository/Folder 1/Page_Counterparty Limit Monitoring/select_--SELECT--CHANGE IN LIM'  using regular expression

2018-11-21 16:04:48 - [TEST_STEP][PASSED] - delay: Delayed 2 second(s)

2018-11-21 16:04:50 - [MESSAGE][PASSED] - Delayed 2 second(s)

2018-11-21 16:04:50 - [TEST_STEP][PASSED] - click: Object: 'Object Repository/Folder 1/Page_Counterparty Limit Monitoring/input__ctl00MainContentimgbtnL' is clicked on

2018-11-21 16:04:55 - [MESSAGE][PASSED] - Object: 'Object Repository/Folder 1/Page_Counterparty Limit Monitoring/input__ctl00MainContentimgbtnL' is clicked on

2018-11-21 16:04:55 - [TEST_STEP][PASSED] - delay: Delayed 2 second(s)

2018-11-21 16:04:57 - [MESSAGE][PASSED] - Delayed 2 second(s)

2018-11-21 16:04:57 - [TEST_STEP][PASSED] - mouseOver: Object: 'Object Repository/Folder 1/Page_Counterparty Limit Monitoring/iframe_or Esc Key_TB_iframeCon' is hovered

2018-11-21 16:05:00 - [MESSAGE][PASSED] - Object: 'Object Repository/Folder 1/Page_Counterparty Limit Monitoring/iframe_or Esc Key_TB_iframeCon' is hovered

2018-11-21 16:05:00 - [TEST_STEP][PASSED] - delay: Delayed 2 second(s)

2018-11-21 16:05:02 - [MESSAGE][PASSED] - Delayed 2 second(s)

2018-11-21 16:05:02 - [TEST_STEP][PASSED] - setText: Text 'AIDNI FO KNAB' is set on object 'Object Repository/WD Objects/MK Initiate/Page_Counterparty Limit Monitoring/input_COUNTERPARTY_NAME_GridVi'

2018-11-21 16:05:09 - [MESSAGE][PASSED] - Text 'AIDNI FO KNAB' is set on object 'Object Repository/WD Objects/MK Initiate/Page_Counterparty Limit Monitoring/input_COUNTERPARTY_NAME_GridVi'

2018-11-21 16:05:11 - [TEST_STEP][PASSED] - delay: Delayed 2 second(s)

2018-11-21 16:05:13 - [MESSAGE][PASSED] - Delayed 2 second(s)

2018-11-21 16:05:13 - [TEST_STEP][PASSED] - click: Object: 'Object Repository/WD Objects/MK Initiate/Page_Counterparty Limit Monitoring/input_COUNTERPARTY_NAME_GridVi_1' is clicked on

2018-11-21 16:05:19 - [MESSAGE][PASSED] - Object: 'Object Repository/WD Objects/MK Initiate/Page_Counterparty Limit Monitoring/input_COUNTERPARTY_NAME_GridVi_1' is clicked on

2018-11-21 16:05:22 - [TEST_STEP][PASSED] - click: Object: 'Object Repository/WD Objects/MK Initiate/Page_Counterparty Limit Monitoring/span_AIDNI FO KNAB' is clicked on

2018-11-21 16:05:26 - [MESSAGE][PASSED] - Object: 'Object Repository/WD Objects/MK Initiate/Page_Counterparty Limit Monitoring/span_AIDNI FO KNAB' is clicked on

2018-11-21 16:05:28 - [TEST_STEP][PASSED] - delay: Delayed 2 second(s)

2018-11-21 16:05:30 - [MESSAGE][PASSED] - Delayed 2 second(s)

2018-11-21 16:05:30 - [TEST_STEP][PASSED] - click: Object: 'Object Repository/Folder 1/Page_Counterparty Limit Monitoring/input__ctl00MainContentimgChec' is clicked on

2018-11-21 16:05:35 - [MESSAGE][PASSED] - Object: 'Object Repository/Folder 1/Page_Counterparty Limit Monitoring/input__ctl00MainContentimgChec' is clicked on

2018-11-21 16:05:35 - [TEST_STEP][PASSED] - delay: Delayed 2 second(s)

2018-11-21 16:05:37 - [MESSAGE][PASSED] - Delayed 2 second(s)

2018-11-21 16:05:37 - [TEST_STEP][PASSED] - mouseOver: Object: 'Object Repository/Folder 1/Page_Counterparty Limit Monitoring/iframe_or Esc Key_TB_iframeCon_12' is hovered

2018-11-21 16:05:40 - [MESSAGE][PASSED] - Object: 'Object Repository/Folder 1/Page_Counterparty Limit Monitoring/iframe_or Esc Key_TB_iframeCon_12' is hovered

2018-11-21 16:05:40 - [TEST_STEP][PASSED] - mouseOver: Object: 'Object Repository/Folder 1/Page_Counterparty Limit Monitoring/iframe_or Esc Key_TB_iframeCon' is hovered

2018-11-21 16:05:43 - [MESSAGE][PASSED] - Object: 'Object Repository/Folder 1/Page_Counterparty Limit Monitoring/iframe_or Esc Key_TB_iframeCon' is hovered

2018-11-21 16:05:43 - [TEST_STEP][PASSED] - delay: Delayed 2 second(s)

2018-11-21 16:05:45 - [MESSAGE][PASSED] - Delayed 2 second(s)

2018-11-21 16:05:45 - [TEST_STEP][PASSED] - setText: Text 'Ankita' is set on object 'Object Repository/Folder 1/Page_Counterparty Limit Monitoring/input_USERID_GridView1ctl01txt (9)'

2018-11-21 16:05:52 - [MESSAGE][PASSED] - Text 'Ankita' is set on object 'Object Repository/Folder 1/Page_Counterparty Limit Monitoring/input_USERID_GridView1ctl01txt (9)'

2018-11-21 16:05:54 - [TEST_STEP][PASSED] - delay: Delayed 2 second(s)

2018-11-21 16:05:56 - [MESSAGE][PASSED] - Delayed 2 second(s)

2018-11-21 16:05:56 - [TEST_STEP][PASSED] - click: Object: 'Object Repository/Folder 1/Page_Counterparty Limit Monitoring/input_USERID_GridView1ctl01btn (1)' is clicked on

2018-11-21 16:06:03 - [MESSAGE][PASSED] - Object: 'Object Repository/Folder 1/Page_Counterparty Limit Monitoring/input_USERID_GridView1ctl01btn (1)' is clicked on

2018-11-21 16:06:05 - [TEST_STEP][PASSED] - delay: Delayed 2 second(s)

2018-11-21 16:06:07 - [MESSAGE][PASSED] - Delayed 2 second(s)

2018-11-21 16:06:07 - [TEST_STEP][PASSED] - click: Object: 'Object Repository/Folder 1/Page_Counterparty Limit Monitoring/td_ANKITA' is clicked on

2018-11-21 16:06:12 - [MESSAGE][PASSED] - Object: 'Object Repository/Folder 1/Page_Counterparty Limit Monitoring/td_ANKITA' is clicked on

2018-11-21 16:06:14 - [TEST_STEP][PASSED] - delay: Delayed 4 second(s)

2018-11-21 16:06:18 - [MESSAGE][PASSED] - Delayed 4 second(s)

2018-11-21 16:06:18 - [TEST_STEP][PASSED] - click: Object: 'Object Repository/Folder 1/Page_Counterparty Limit Monitoring/input__ctl00MainContentimgChec_1' is clicked on

2018-11-21 16:06:22 - [MESSAGE][PASSED] - Object: 'Object Repository/Folder 1/Page_Counterparty Limit Monitoring/input__ctl00MainContentimgChec_1' is clicked on

2018-11-21 16:06:22 - [TEST_STEP][PASSED] - mouseOver: Object: 'Object Repository/Folder 1/Page_Counterparty Limit Monitoring/iframe_or Esc Key_TB_iframeCon' is hovered

2018-11-21 16:06:25 - [MESSAGE][PASSED] - Object: 'Object Repository/Folder 1/Page_Counterparty Limit Monitoring/iframe_or Esc Key_TB_iframeCon' is hovered

2018-11-21 16:06:25 - [TEST_STEP][PASSED] - delay: Delayed 2 second(s)

2018-11-21 16:06:27 - [MESSAGE][PASSED] - Delayed 2 second(s)

2018-11-21 16:06:27 - [TEST_STEP][PASSED] - setText: Text 'Ashavini' is set on object 'Object Repository/Folder 1/Page_Counterparty Limit Monitoring/input_USERID_GridView1ctl01txt (15)'

2018-11-21 16:06:34 - [MESSAGE][PASSED] - Text 'Ashavini' is set on object 'Object Repository/Folder 1/Page_Counterparty Limit Monitoring/input_USERID_GridView1ctl01txt (15)'

2018-11-21 16:06:36 - [TEST_STEP][PASSED] - delay: Delayed 2 second(s)

2018-11-21 16:06:38 - [MESSAGE][PASSED] - Delayed 2 second(s)

2018-11-21 16:06:38 - [TEST_STEP][PASSED] - click: Object: 'Object Repository/Folder 1/Page_Counterparty Limit Monitoring/input_USERID_GridView1ctl01btn (1)' is clicked on

2018-11-21 16:06:44 - [MESSAGE][PASSED] - Object: 'Object Repository/Folder 1/Page_Counterparty Limit Monitoring/input_USERID_GridView1ctl01btn (1)' is clicked on

2018-11-21 16:06:46 - [TEST_STEP][PASSED] - delay: Delayed 2 second(s)

2018-11-21 16:06:49 - [MESSAGE][PASSED] - Delayed 2 second(s)

2018-11-21 16:06:49 - [TEST_STEP][PASSED] - click: Object: 'Object Repository/Folder 1/Page_Counterparty Limit Monitoring/span_ASHAVINI' is clicked on

2018-11-21 16:06:53 - [MESSAGE][PASSED] - Object: 'Object Repository/Folder 1/Page_Counterparty Limit Monitoring/span_ASHAVINI' is clicked on

2018-11-21 16:06:56 - [TEST_STEP][PASSED] - delay: Delayed 2 second(s)

2018-11-21 16:06:58 - [MESSAGE][PASSED] - Delayed 2 second(s)

2018-11-21 16:06:58 - [TEST_STEP][PASSED] - setText: Text 'On Request initiate to check withdraw flow' is set on object 'Object Repository/WD Objects/MK Initiate/Page_Counterparty Limit Monitoring/textarea_Maker Remark_ctl00Mai'

2018-11-21 16:07:02 - [MESSAGE][PASSED] - Text 'On Request initiate to check withdraw flow' is set on object 'Object Repository/WD Objects/MK Initiate/Page_Counterparty Limit Monitoring/textarea_Maker Remark_ctl00Mai'

2018-11-21 16:07:02 - [TEST_STEP][FAILED] - selectOptionByValue: Unable to select option by value 'SG' of object 'Object Repository/WD Objects/MK Initiate/Page_Counterparty Limit Monitoring/select_--SELECT--INDIASINGAPOR'  using regular expression (Root cause: org.openqa.selenium.StaleElementReferenceException: stale element reference: element is not attached to the page document
  (Session info: chrome=70.0.3538.102)
  (Driver info: chromedriver=2.43.600210 (68dcf5eebde37173d4027fa8635e332711d2874a),platform=Windows NT 6.3.9600 x86_64) (WARNING: The server did not provide any stacktrace information)
Command duration or timeout: 0 milliseconds
For documentation on this error, please visit: http://seleniumhq.org/exceptions/stale_element_reference.html
Build info: version: '3.7.1', revision: '8a0099a', time: '2017-11-06T21:07:36.161Z'
System info: host: 'COMP116', ip: '192.168.50.116', os.name: 'Windows 8.1', os.arch: 'amd64', os.version: '6.3', java.version: '1.8.0_181'
Driver info: com.kms.katalon.selenium.driver.CChromeDriver
Capabilities {acceptInsecureCerts: false, acceptSslCerts: false, applicationCacheEnabled: false, browserConnectionEnabled: false, browserName: chrome, chrome: {chromedriverVersion: 2.43.600210 (68dcf5eebde371..., userDataDir: C:\Users\ashavini\AppData\L...}, cssSelectorsEnabled: true, databaseEnabled: false, goog:chromeOptions: {debuggerAddress: localhost:2578}, handlesAlerts: true, hasTouchScreen: false, javascriptEnabled: true, locationContextEnabled: true, mobileEmulationEnabled: false, nativeEvents: true, networkConnectionEnabled: false, pageLoadStrategy: normal, platform: XP, platformName: XP, rotatable: false, setWindowRect: true, takesHeapSnapshot: true, takesScreenshot: true, unexpectedAlertBehaviour: , unhandledPromptBehavior: , version: 70.0.3538.102, webStorageEnabled: true}
Session ID: c3b56fc9645a78f56b000652e926b158)

2018-11-21 16:07:21 - [MESSAGE][FAILED] - Unable to select option by value 'SG' of object 'Object Repository/WD Objects/MK Initiate/Page_Counterparty Limit Monitoring/select_--SELECT--INDIASINGAPOR'  using regular expression (Root cause: org.openqa.selenium.StaleElementReferenceException: stale element reference: element is not attached to the page document
  (Session info: chrome=70.0.3538.102)
  (Driver info: chromedriver=2.43.600210 (68dcf5eebde37173d4027fa8635e332711d2874a),platform=Windows NT 6.3.9600 x86_64) (WARNING: The server did not provide any stacktrace information)
Command duration or timeout: 0 milliseconds
For documentation on this error, please visit: http://seleniumhq.org/exceptions/stale_element_reference.html
Build info: version: '3.7.1', revision: '8a0099a', time: '2017-11-06T21:07:36.161Z'
System info: host: 'COMP116', ip: '192.168.50.116', os.name: 'Windows 8.1', os.arch: 'amd64', os.version: '6.3', java.version: '1.8.0_181'
Driver info: com.kms.katalon.selenium.driver.CChromeDriver
Capabilities {acceptInsecureCerts: false, acceptSslCerts: false, applicationCacheEnabled: false, browserConnectionEnabled: false, browserName: chrome, chrome: {chromedriverVersion: 2.43.600210 (68dcf5eebde371..., userDataDir: C:\Users\ashavini\AppData\L...}, cssSelectorsEnabled: true, databaseEnabled: false, goog:chromeOptions: {debuggerAddress: localhost:2578}, handlesAlerts: true, hasTouchScreen: false, javascriptEnabled: true, locationContextEnabled: true, mobileEmulationEnabled: false, nativeEvents: true, networkConnectionEnabled: false, pageLoadStrategy: normal, platform: XP, platformName: XP, rotatable: false, setWindowRect: true, takesHeapSnapshot: true, takesScreenshot: true, unexpectedAlertBehaviour: , unhandledPromptBehavior: , version: 70.0.3538.102, webStorageEnabled: true}
Session ID: c3b56fc9645a78f56b000652e926b158)
[[ATTACHMENT|C:\\Users\\ashavini\\Desktop\\Katalon\\Ankita\\LERMS_CP\\LERMS_CP\\Reports\\WD Request\\20181121_160328\\1542796640460.png]]

2018-11-21 16:07:21 - [TEST_STEP][PASSED] - setText: Text '10' is set on object 'Object Repository/WD Objects/MK Initiate/Page_Counterparty Limit Monitoring/input_DERIVATIVE_ctl00MainCont'

2018-11-21 16:07:26 - [MESSAGE][PASSED] - Text '10' is set on object 'Object Repository/WD Objects/MK Initiate/Page_Counterparty Limit Monitoring/input_DERIVATIVE_ctl00MainCont'

2018-11-21 16:07:26 - [TEST_STEP][PASSED] - delay: Delayed 2 second(s)

2018-11-21 16:07:28 - [MESSAGE][PASSED] - Delayed 2 second(s)

2018-11-21 16:07:28 - [TEST_STEP][PASSED] - sendKeys: Keys 'TAB + ' sent to object: 'Object Repository/Folder 1/Page_Counterparty Limit Monitoring/Page_Counterparty Limit Monitoring/input_CREDIT LIMITS_ctl00MainC'

2018-11-21 16:07:30 - [MESSAGE][PASSED] - Keys 'TAB + ' sent to object: 'Object Repository/Folder 1/Page_Counterparty Limit Monitoring/Page_Counterparty Limit Monitoring/input_CREDIT LIMITS_ctl00MainC'

2018-11-21 16:07:30 - [TEST_STEP][FAILED] - selectOptionByValue: Unable to select option by value 'IN' of object 'Object Repository/WD Objects/MK Initiate/Page_Counterparty Limit Monitoring/select_--SELECT--INDIASINGAPOR_1'  using regular expression (Root cause: org.openqa.selenium.StaleElementReferenceException: stale element reference: element is not attached to the page document
  (Session info: chrome=70.0.3538.102)
  (Driver info: chromedriver=2.43.600210 (68dcf5eebde37173d4027fa8635e332711d2874a),platform=Windows NT 6.3.9600 x86_64) (WARNING: The server did not provide any stacktrace information)
Command duration or timeout: 0 milliseconds
For documentation on this error, please visit: http://seleniumhq.org/exceptions/stale_element_reference.html
Build info: version: '3.7.1', revision: '8a0099a', time: '2017-11-06T21:07:36.161Z'
System info: host: 'COMP116', ip: '192.168.50.116', os.name: 'Windows 8.1', os.arch: 'amd64', os.version: '6.3', java.version: '1.8.0_181'
Driver info: com.kms.katalon.selenium.driver.CChromeDriver
Capabilities {acceptInsecureCerts: false, acceptSslCerts: false, applicationCacheEnabled: false, browserConnectionEnabled: false, browserName: chrome, chrome: {chromedriverVersion: 2.43.600210 (68dcf5eebde371..., userDataDir: C:\Users\ashavini\AppData\L...}, cssSelectorsEnabled: true, databaseEnabled: false, goog:chromeOptions: {debuggerAddress: localhost:2578}, handlesAlerts: true, hasTouchScreen: false, javascriptEnabled: true, locationContextEnabled: true, mobileEmulationEnabled: false, nativeEvents: true, networkConnectionEnabled: false, pageLoadStrategy: normal, platform: XP, platformName: XP, rotatable: false, setWindowRect: true, takesHeapSnapshot: true, takesScreenshot: true, unexpectedAlertBehaviour: , unhandledPromptBehavior: , version: 70.0.3538.102, webStorageEnabled: true}
Session ID: c3b56fc9645a78f56b000652e926b158)

2018-11-21 16:07:47 - [MESSAGE][FAILED] - Unable to select option by value 'IN' of object 'Object Repository/WD Objects/MK Initiate/Page_Counterparty Limit Monitoring/select_--SELECT--INDIASINGAPOR_1'  using regular expression (Root cause: org.openqa.selenium.StaleElementReferenceException: stale element reference: element is not attached to the page document
  (Session info: chrome=70.0.3538.102)
  (Driver info: chromedriver=2.43.600210 (68dcf5eebde37173d4027fa8635e332711d2874a),platform=Windows NT 6.3.9600 x86_64) (WARNING: The server did not provide any stacktrace information)
Command duration or timeout: 0 milliseconds
For documentation on this error, please visit: http://seleniumhq.org/exceptions/stale_element_reference.html
Build info: version: '3.7.1', revision: '8a0099a', time: '2017-11-06T21:07:36.161Z'
System info: host: 'COMP116', ip: '192.168.50.116', os.name: 'Windows 8.1', os.arch: 'amd64', os.version: '6.3', java.version: '1.8.0_181'
Driver info: com.kms.katalon.selenium.driver.CChromeDriver
Capabilities {acceptInsecureCerts: false, acceptSslCerts: false, applicationCacheEnabled: false, browserConnectionEnabled: false, browserName: chrome, chrome: {chromedriverVersion: 2.43.600210 (68dcf5eebde371..., userDataDir: C:\Users\ashavini\AppData\L...}, cssSelectorsEnabled: true, databaseEnabled: false, goog:chromeOptions: {debuggerAddress: localhost:2578}, handlesAlerts: true, hasTouchScreen: false, javascriptEnabled: true, locationContextEnabled: true, mobileEmulationEnabled: false, nativeEvents: true, networkConnectionEnabled: false, pageLoadStrategy: normal, platform: XP, platformName: XP, rotatable: false, setWindowRect: true, takesHeapSnapshot: true, takesScreenshot: true, unexpectedAlertBehaviour: , unhandledPromptBehavior: , version: 70.0.3538.102, webStorageEnabled: true}
Session ID: c3b56fc9645a78f56b000652e926b158)
[[ATTACHMENT|C:\\Users\\ashavini\\Desktop\\Katalon\\Ankita\\LERMS_CP\\LERMS_CP\\Reports\\WD Request\\20181121_160328\\1542796666062.png]]

2018-11-21 16:07:47 - [TEST_STEP][PASSED] - setText: Text '1' is set on object 'Object Repository/WD Objects/MK Initiate/Page_Counterparty Limit Monitoring/input_DERIVATIVE_ctl00MainCont_2'

2018-11-21 16:07:51 - [MESSAGE][PASSED] - Text '1' is set on object 'Object Repository/WD Objects/MK Initiate/Page_Counterparty Limit Monitoring/input_DERIVATIVE_ctl00MainCont_2'

2018-11-21 16:07:51 - [TEST_STEP][PASSED] - delay: Delayed 2 second(s)

2018-11-21 16:07:53 - [MESSAGE][PASSED] - Delayed 2 second(s)

2018-11-21 16:07:53 - [TEST_STEP][PASSED] - sendKeys: Keys 'TAB + ' sent to object: 'Object Repository/Folder 1/Page_Counterparty Limit Monitoring/Page_Counterparty Limit Monitoring/input_CREDIT LIMITS_ctl00MainC'

2018-11-21 16:07:55 - [MESSAGE][PASSED] - Keys 'TAB + ' sent to object: 'Object Repository/Folder 1/Page_Counterparty Limit Monitoring/Page_Counterparty Limit Monitoring/input_CREDIT LIMITS_ctl00MainC'

2018-11-21 16:07:55 - [TEST_STEP][PASSED] - delay: Delayed 2 second(s)

2018-11-21 16:07:57 - [MESSAGE][PASSED] - Delayed 2 second(s)

2018-11-21 16:07:57 - [TEST_STEP][PASSED] - scrollToElement: Scroll to object 'Object Repository/Folder 1/Page_Counterparty Limit Monitoring/input_()Mandatory Fields_ctl00' successfully

2018-11-21 16:08:00 - [MESSAGE][PASSED] - Scroll to object 'Object Repository/Folder 1/Page_Counterparty Limit Monitoring/input_()Mandatory Fields_ctl00' successfully

2018-11-21 16:08:00 - [TEST_STEP][PASSED] - delay: Delayed 3 second(s)

2018-11-21 16:08:03 - [MESSAGE][PASSED] - Delayed 3 second(s)

2018-11-21 16:08:03 - [TEST_STEP][PASSED] - takeScreenshot: Taking screenshot successfully

2018-11-21 16:08:04 - [MESSAGE][PASSED] - Taking screenshot successfully
[[ATTACHMENT|C:\\Users\\ashavini\\Desktop\\Katalon\\Ankita\\Automation Project\\LERMS_Counterparty\\Screenshots\\MakerInitiation.png]]

2018-11-21 16:08:04 - [TEST_STEP][PASSED] - click: Object: 'Object Repository/Folder 1/Page_Counterparty Limit Monitoring/input_()Mandatory Fields_ctl00' is clicked on

2018-11-21 16:08:06 - [MESSAGE][PASSED] - Object: 'Object Repository/Folder 1/Page_Counterparty Limit Monitoring/input_()Mandatory Fields_ctl00' is clicked on

2018-11-21 16:08:06 - [TEST_STEP][PASSED] - waitForAlert: Alert is present after 20 second(s).

2018-11-21 16:08:12 - [MESSAGE][PASSED] - Alert is present after 20 second(s).

2018-11-21 16:08:12 - [TEST_STEP][PASSED] - Statement - alertText = com.kms.katalon.core.webui.keyword.WebUiBuiltInKeywords.getAlertText(): Get alert text successfully: 'Limit Transfered successfully'

2018-11-21 16:08:14 - [MESSAGE][PASSED] - Get alert text successfully: 'Limit Transfered successfully'

2018-11-21 16:08:14 - [TEST_STEP][PASSED] - verifyMatch: Actual text 'Limit Transfered successfully' and expected text 'Limit Transfered successfully' are matched 

2018-11-21 16:08:14 - [MESSAGE][PASSED] - Actual text 'Limit Transfered successfully' and expected text 'Limit Transfered successfully' are matched 

2018-11-21 16:08:14 - [TEST_STEP][PASSED] - acceptAlert: Alert accepted

2018-11-21 16:08:16 - [MESSAGE][PASSED] - Alert accepted

2018-11-21 16:08:16 - [TEST_STEP][PASSED] - delay: Delayed 4 second(s)

2018-11-21 16:08:20 - [MESSAGE][PASSED] - Delayed 4 second(s)]]></system-out>
         <system-err><![CDATA[2018-11-21 16:03:32 - [TEST_CASE][FAILED] - Test Cases/MK_Initiate_WD: Test Cases/MK_Initiate_WD FAILED because (of) (Stack trace: com.kms.katalon.core.exception.StepFailedException: Unable to select option by value 'SG' of object 'Object Repository/WD Objects/MK Initiate/Page_Counterparty Limit Monitoring/select_--SELECT--INDIASINGAPOR'  using regular expression (Root cause: org.openqa.selenium.StaleElementReferenceException: stale element reference: element is not attached to the page document
  (Session info: chrome=70.0.3538.102)
  (Driver info: chromedriver=2.43.600210 (68dcf5eebde37173d4027fa8635e332711d2874a),platform=Windows NT 6.3.9600 x86_64) (WARNING: The server did not provide any stacktrace information)
Command duration or timeout: 0 milliseconds
For documentation on this error, please visit: http://seleniumhq.org/exceptions/stale_element_reference.html
Build info: version: '3.7.1', revision: '8a0099a', time: '2017-11-06T21:07:36.161Z'
System info: host: 'COMP116', ip: '192.168.50.116', os.name: 'Windows 8.1', os.arch: 'amd64', os.version: '6.3', java.version: '1.8.0_181'
Driver info: com.kms.katalon.selenium.driver.CChromeDriver
Capabilities {acceptInsecureCerts: false, acceptSslCerts: false, applicationCacheEnabled: false, browserConnectionEnabled: false, browserName: chrome, chrome: {chromedriverVersion: 2.43.600210 (68dcf5eebde371..., userDataDir: C:\Users\ashavini\AppData\L...}, cssSelectorsEnabled: true, databaseEnabled: false, goog:chromeOptions: {debuggerAddress: localhost:2578}, handlesAlerts: true, hasTouchScreen: false, javascriptEnabled: true, locationContextEnabled: true, mobileEmulationEnabled: false, nativeEvents: true, networkConnectionEnabled: false, pageLoadStrategy: normal, platform: XP, platformName: XP, rotatable: false, setWindowRect: true, takesHeapSnapshot: true, takesScreenshot: true, unexpectedAlertBehaviour: , unhandledPromptBehavior: , version: 70.0.3538.102, webStorageEnabled: true}
Session ID: c3b56fc9645a78f56b000652e926b158)
	at com.kms.katalon.core.keyword.internal.KeywordMain.stepFailed(KeywordMain.groovy:32)
	at com.kms.katalon.core.webui.keyword.internal.WebUIKeywordMain.stepFailed(WebUIKeywordMain.groovy:65)
	at com.kms.katalon.core.webui.keyword.internal.WebUIKeywordMain.runKeyword(WebUIKeywordMain.groovy:27)
	at com.kms.katalon.core.webui.keyword.builtin.SelectOptionByValueKeyword.selectOptionByValue(SelectOptionByValueKeyword.groovy:99)
	at com.kms.katalon.core.webui.keyword.builtin.SelectOptionByValueKeyword.execute(SelectOptionByValueKeyword.groovy:71)
	at com.kms.katalon.core.keyword.internal.KeywordExecutor.executeKeywordForPlatform(KeywordExecutor.groovy:53)
	at com.kms.katalon.core.webui.keyword.WebUiBuiltInKeywords.selectOptionByValue(WebUiBuiltInKeywords.groovy:1138)
	at com.kms.katalon.core.webui.keyword.WebUiBuiltInKeywords$selectOptionByValue$9.call(Unknown Source)
	at org.codehaus.groovy.runtime.callsite.CallSiteArray.defaultCall(CallSiteArray.java:48)
	at org.codehaus.groovy.runtime.callsite.AbstractCallSite.call(AbstractCallSite.java:113)
	at org.codehaus.groovy.runtime.callsite.AbstractCallSite.call(AbstractCallSite.java:141)
	at Script1542782649460.run(Script1542782649460.groovy:130)
	at com.kms.katalon.core.main.ScriptEngine.run(ScriptEngine.java:183)
	at com.kms.katalon.core.main.ScriptEngine.runScriptAsRawText(ScriptEngine.java:108)
	at com.kms.katalon.core.main.TestCaseExecutor.runScript(TestCaseExecutor.java:294)
	at com.kms.katalon.core.main.TestCaseExecutor.doExecute(TestCaseExecutor.java:285)
	at com.kms.katalon.core.main.TestCaseExecutor.processExecutionPhase(TestCaseExecutor.java:264)
	at com.kms.katalon.core.main.TestCaseExecutor.accessMainPhase(TestCaseExecutor.java:256)
	at com.kms.katalon.core.main.TestCaseExecutor.execute(TestCaseExecutor.java:200)
	at com.kms.katalon.core.main.TestSuiteExecutor.accessTestCaseMainPhase(TestSuiteExecutor.java:129)
	at com.kms.katalon.core.main.TestSuiteExecutor.accessTestSuiteMainPhase(TestSuiteExecutor.java:112)
	at com.kms.katalon.core.main.TestSuiteExecutor.execute(TestSuiteExecutor.java:81)
	at com.kms.katalon.core.main.TestCaseMain.startTestSuite(TestCaseMain.java:142)
	at com.kms.katalon.core.main.TestCaseMain$startTestSuite$0.call(Unknown Source)
	at org.codehaus.groovy.runtime.callsite.CallSiteArray.defaultCall(CallSiteArray.java:48)
	at org.codehaus.groovy.runtime.callsite.AbstractCallSite.call(AbstractCallSite.java:113)
	at org.codehaus.groovy.runtime.callsite.AbstractCallSite.call(AbstractCallSite.java:141)
	at TempTestSuite1542796408060.run(TempTestSuite1542796408060.groovy:36)
	at groovy.lang.GroovyShell.runScriptOrMainOrTestOrRunnable(GroovyShell.java:263)
	at groovy.lang.GroovyShell.run(GroovyShell.java:518)
	at groovy.lang.GroovyShell.run(GroovyShell.java:507)
	at groovy.ui.GroovyMain.processOnce(GroovyMain.java:653)
	at groovy.ui.GroovyMain.run(GroovyMain.java:384)
	at groovy.ui.GroovyMain.process(GroovyMain.java:370)
	at groovy.ui.GroovyMain.processArgs(GroovyMain.java:129)
	at groovy.ui.GroovyMain.main(GroovyMain.java:109)
	at sun.reflect.NativeMethodAccessorImpl.invoke0(Native Method)
	at sun.reflect.NativeMethodAccessorImpl.invoke(NativeMethodAccessorImpl.java:62)
	at sun.reflect.DelegatingMethodAccessorImpl.invoke(DelegatingMethodAccessorImpl.java:43)
	at java.lang.reflect.Method.invoke(Method.java:498)
	at org.codehaus.groovy.tools.GroovyStarter.rootLoader(GroovyStarter.java:109)
	at org.codehaus.groovy.tools.GroovyStarter.main(GroovyStarter.java:131)
)]]></system-err>
      </testcase>
      <testcase name="Test Cases/Withdraw Request" classname="Test Cases/Withdraw Request" status="FAILED">
         <failure type="FAILED" message="(Stack trace: com.kms.katalon.core.exception.StepFailedException: Unable to wait for object to be visible (Root cause: java.lang.IllegalArgumentException: Object is null)
	at com.kms.katalon.core.keyword.internal.KeywordMain.stepFailed(KeywordMain.groovy:32)
	at com.kms.katalon.core.webui.keyword.internal.WebUIKeywordMain.stepFailed(WebUIKeywordMain.groovy:65)
	at com.kms.katalon.core.webui.keyword.internal.WebUIKeywordMain.runKeyword(WebUIKeywordMain.groovy:27)
	at com.kms.katalon.core.webui.keyword.builtin.WaitForElementVisibleKeyword.waitForElementVisible(WaitForElementVisibleKeyword.groovy:99)
	at com.kms.katalon.core.webui.keyword.builtin.WaitForElementVisibleKeyword.execute(WaitForElementVisibleKeyword.groovy:68)
	at com.kms.katalon.core.keyword.internal.KeywordExecutor.executeKeywordForPlatform(KeywordExecutor.groovy:53)
	at com.kms.katalon.core.webui.keyword.WebUiBuiltInKeywords.waitForElementVisible(WebUiBuiltInKeywords.groovy:434)
	at com.kms.katalon.core.webui.keyword.WebUiBuiltInKeywords$waitForElementVisible$8.call(Unknown Source)
	at org.codehaus.groovy.runtime.callsite.CallSiteArray.defaultCall(CallSiteArray.java:48)
	at org.codehaus.groovy.runtime.callsite.AbstractCallSite.call(AbstractCallSite.java:113)
	at org.codehaus.groovy.runtime.callsite.AbstractCallSite.call(AbstractCallSite.java:133)
	at Script1542782452308.run(Script1542782452308.groovy:52)
	at com.kms.katalon.core.main.ScriptEngine.run(ScriptEngine.java:183)
	at com.kms.katalon.core.main.ScriptEngine.runScriptAsRawText(ScriptEngine.java:108)
	at com.kms.katalon.core.main.TestCaseExecutor.runScript(TestCaseExecutor.java:294)
	at com.kms.katalon.core.main.TestCaseExecutor.doExecute(TestCaseExecutor.java:285)
	at com.kms.katalon.core.main.TestCaseExecutor.processExecutionPhase(TestCaseExecutor.java:264)
	at com.kms.katalon.core.main.TestCaseExecutor.accessMainPhase(TestCaseExecutor.java:256)
	at com.kms.katalon.core.main.TestCaseExecutor.execute(TestCaseExecutor.java:200)
	at com.kms.katalon.core.main.TestSuiteExecutor.accessTestCaseMainPhase(TestSuiteExecutor.java:129)
	at com.kms.katalon.core.main.TestSuiteExecutor.accessTestSuiteMainPhase(TestSuiteExecutor.java:112)
	at com.kms.katalon.core.main.TestSuiteExecutor.execute(TestSuiteExecutor.java:81)
	at com.kms.katalon.core.main.TestCaseMain.startTestSuite(TestCaseMain.java:142)
	at com.kms.katalon.core.main.TestCaseMain$startTestSuite$0.call(Unknown Source)
	at org.codehaus.groovy.runtime.callsite.CallSiteArray.defaultCall(CallSiteArray.java:48)
	at org.codehaus.groovy.runtime.callsite.AbstractCallSite.call(AbstractCallSite.java:113)
	at org.codehaus.groovy.runtime.callsite.AbstractCallSite.call(AbstractCallSite.java:141)
	at TempTestSuite1542796408060.run(TempTestSuite1542796408060.groovy:36)
	at groovy.lang.GroovyShell.runScriptOrMainOrTestOrRunnable(GroovyShell.java:263)
	at groovy.lang.GroovyShell.run(GroovyShell.java:518)
	at groovy.lang.GroovyShell.run(GroovyShell.java:507)
	at groovy.ui.GroovyMain.processOnce(GroovyMain.java:653)
	at groovy.ui.GroovyMain.run(GroovyMain.java:384)
	at groovy.ui.GroovyMain.process(GroovyMain.java:370)
	at groovy.ui.GroovyMain.processArgs(GroovyMain.java:129)
	at groovy.ui.GroovyMain.main(GroovyMain.java:109)
	at sun.reflect.NativeMethodAccessorImpl.invoke0(Native Method)
	at sun.reflect.NativeMethodAccessorImpl.invoke(NativeMethodAccessorImpl.java:62)
	at sun.reflect.DelegatingMethodAccessorImpl.invoke(DelegatingMethodAccessorImpl.java:43)
	at java.lang.reflect.Method.invoke(Method.java:498)
	at org.codehaus.groovy.tools.GroovyStarter.rootLoader(GroovyStarter.java:109)
	at org.codehaus.groovy.tools.GroovyStarter.main(GroovyStarter.java:131)
)"/>
         <system-out><![CDATA[2018-11-21 16:08:22 - [TEST_CASE][FAILED] - Test Cases/Withdraw Request: Test Cases/Withdraw Request FAILED because (of) (Stack trace: com.kms.katalon.core.exception.StepFailedException: Unable to wait for object to be visible (Root cause: java.lang.IllegalArgumentException: Object is null)
	at com.kms.katalon.core.keyword.internal.KeywordMain.stepFailed(KeywordMain.groovy:32)
	at com.kms.katalon.core.webui.keyword.internal.WebUIKeywordMain.stepFailed(WebUIKeywordMain.groovy:65)
	at com.kms.katalon.core.webui.keyword.internal.WebUIKeywordMain.runKeyword(WebUIKeywordMain.groovy:27)
	at com.kms.katalon.core.webui.keyword.builtin.WaitForElementVisibleKeyword.waitForElementVisible(WaitForElementVisibleKeyword.groovy:99)
	at com.kms.katalon.core.webui.keyword.builtin.WaitForElementVisibleKeyword.execute(WaitForElementVisibleKeyword.groovy:68)
	at com.kms.katalon.core.keyword.internal.KeywordExecutor.executeKeywordForPlatform(KeywordExecutor.groovy:53)
	at com.kms.katalon.core.webui.keyword.WebUiBuiltInKeywords.waitForElementVisible(WebUiBuiltInKeywords.groovy:434)
	at com.kms.katalon.core.webui.keyword.WebUiBuiltInKeywords$waitForElementVisible$8.call(Unknown Source)
	at org.codehaus.groovy.runtime.callsite.CallSiteArray.defaultCall(CallSiteArray.java:48)
	at org.codehaus.groovy.runtime.callsite.AbstractCallSite.call(AbstractCallSite.java:113)
	at org.codehaus.groovy.runtime.callsite.AbstractCallSite.call(AbstractCallSite.java:133)
	at Script1542782452308.run(Script1542782452308.groovy:52)
	at com.kms.katalon.core.main.ScriptEngine.run(ScriptEngine.java:183)
	at com.kms.katalon.core.main.ScriptEngine.runScriptAsRawText(ScriptEngine.java:108)
	at com.kms.katalon.core.main.TestCaseExecutor.runScript(TestCaseExecutor.java:294)
	at com.kms.katalon.core.main.TestCaseExecutor.doExecute(TestCaseExecutor.java:285)
	at com.kms.katalon.core.main.TestCaseExecutor.processExecutionPhase(TestCaseExecutor.java:264)
	at com.kms.katalon.core.main.TestCaseExecutor.accessMainPhase(TestCaseExecutor.java:256)
	at com.kms.katalon.core.main.TestCaseExecutor.execute(TestCaseExecutor.java:200)
	at com.kms.katalon.core.main.TestSuiteExecutor.accessTestCaseMainPhase(TestSuiteExecutor.java:129)
	at com.kms.katalon.core.main.TestSuiteExecutor.accessTestSuiteMainPhase(TestSuiteExecutor.java:112)
	at com.kms.katalon.core.main.TestSuiteExecutor.execute(TestSuiteExecutor.java:81)
	at com.kms.katalon.core.main.TestCaseMain.startTestSuite(TestCaseMain.java:142)
	at com.kms.katalon.core.main.TestCaseMain$startTestSuite$0.call(Unknown Source)
	at org.codehaus.groovy.runtime.callsite.CallSiteArray.defaultCall(CallSiteArray.java:48)
	at org.codehaus.groovy.runtime.callsite.AbstractCallSite.call(AbstractCallSite.java:113)
	at org.codehaus.groovy.runtime.callsite.AbstractCallSite.call(AbstractCallSite.java:141)
	at TempTestSuite1542796408060.run(TempTestSuite1542796408060.groovy:36)
	at groovy.lang.GroovyShell.runScriptOrMainOrTestOrRunnable(GroovyShell.java:263)
	at groovy.lang.GroovyShell.run(GroovyShell.java:518)
	at groovy.lang.GroovyShell.run(GroovyShell.java:507)
	at groovy.ui.GroovyMain.processOnce(GroovyMain.java:653)
	at groovy.ui.GroovyMain.run(GroovyMain.java:384)
	at groovy.ui.GroovyMain.process(GroovyMain.java:370)
	at groovy.ui.GroovyMain.processArgs(GroovyMain.java:129)
	at groovy.ui.GroovyMain.main(GroovyMain.java:109)
	at sun.reflect.NativeMethodAccessorImpl.invoke0(Native Method)
	at sun.reflect.NativeMethodAccessorImpl.invoke(NativeMethodAccessorImpl.java:62)
	at sun.reflect.DelegatingMethodAccessorImpl.invoke(DelegatingMethodAccessorImpl.java:43)
	at java.lang.reflect.Method.invoke(Method.java:498)
	at org.codehaus.groovy.tools.GroovyStarter.rootLoader(GroovyStarter.java:109)
	at org.codehaus.groovy.tools.GroovyStarter.main(GroovyStarter.java:131)
)

2018-11-21 16:08:23 - [TEST_STEP][PASSED] - delay: Delayed 2 second(s)

2018-11-21 16:08:25 - [MESSAGE][PASSED] - Delayed 2 second(s)

2018-11-21 16:08:25 - [TEST_STEP][PASSED] - mouseOver: Object: 'Object Repository/Folder 1/Page_Counterparty Limit Monitoring/Page_Counterparty Limit Monitoring/a_Transactions' is hovered

2018-11-21 16:08:28 - [MESSAGE][PASSED] - Object: 'Object Repository/Folder 1/Page_Counterparty Limit Monitoring/Page_Counterparty Limit Monitoring/a_Transactions' is hovered

2018-11-21 16:08:28 - [TEST_STEP][PASSED] - delay: Delayed 2 second(s)

2018-11-21 16:08:30 - [MESSAGE][PASSED] - Delayed 2 second(s)

2018-11-21 16:08:30 - [TEST_STEP][FAILED] - waitForElementVisible: Unable to wait for object to be visible (Root cause: java.lang.IllegalArgumentException: Object is null)

2018-11-21 16:08:30 - [MESSAGE][WARNING] - Test object with id 'Object Repository/Folder 1/Page_Counterparty Limit Monitoring/a_Withdraw Transfer Limit' does not exist

2018-11-21 16:08:30 - [MESSAGE][WARNING] - Test object with id 'Object Repository/' does not exist

2018-11-21 16:08:31 - [MESSAGE][FAILED] - Unable to wait for object to be visible (Root cause: java.lang.IllegalArgumentException: Object is null)
[[ATTACHMENT|C:\\Users\\ashavini\\Desktop\\Katalon\\Ankita\\LERMS_CP\\LERMS_CP\\Reports\\WD Request\\20181121_160328\\1542796710433.png]]

2018-11-21 16:08:31 - [TEST_STEP][PASSED] - click: Object: 'Object Repository/WD Objects/WD Req Obj/Page_Counterparty Limit Monitoring/a_Withdraw Transfer Limit' is clicked on

2018-11-21 16:08:36 - [MESSAGE][PASSED] - Object: 'Object Repository/WD Objects/WD Req Obj/Page_Counterparty Limit Monitoring/a_Withdraw Transfer Limit' is clicked on

2018-11-21 16:08:36 - [TEST_STEP][PASSED] - click: Object: 'Object Repository/WD Objects/WD Req Obj/Page_Counterparty Limit Monitoring/input_()Mandatory Fields_ctl00' is clicked on

2018-11-21 16:08:41 - [MESSAGE][PASSED] - Object: 'Object Repository/WD Objects/WD Req Obj/Page_Counterparty Limit Monitoring/input_()Mandatory Fields_ctl00' is clicked on

2018-11-21 16:08:41 - [TEST_STEP][PASSED] - setText: Text 'AIDNI FO' is set on object 'Object Repository/WD Objects/WD Req Obj/Page_Counterparty Limit Monitoring/input_COUNTERPARTY_GridView1ct'

2018-11-21 16:08:47 - [MESSAGE][PASSED] - Text 'AIDNI FO' is set on object 'Object Repository/WD Objects/WD Req Obj/Page_Counterparty Limit Monitoring/input_COUNTERPARTY_GridView1ct'

2018-11-21 16:08:49 - [TEST_STEP][PASSED] - click: Object: 'Object Repository/WD Objects/WD Req Obj/Page_Counterparty Limit Monitoring/input_COUNTERPARTY_GridView1ct_1' is clicked on

2018-11-21 16:08:56 - [MESSAGE][PASSED] - Object: 'Object Repository/WD Objects/WD Req Obj/Page_Counterparty Limit Monitoring/input_COUNTERPARTY_GridView1ct_1' is clicked on

2018-11-21 16:08:58 - [TEST_STEP][PASSED] - delay: Delayed 2 second(s)

2018-11-21 16:09:00 - [MESSAGE][PASSED] - Delayed 2 second(s)

2018-11-21 16:09:00 - [TEST_STEP][PASSED] - click: Object: 'Object Repository/WD Objects/WD Req Obj/Page_Counterparty Limit Monitoring/span_AIDNI FO KNAB' is clicked on

2018-11-21 16:09:04 - [MESSAGE][PASSED] - Object: 'Object Repository/WD Objects/WD Req Obj/Page_Counterparty Limit Monitoring/span_AIDNI FO KNAB' is clicked on

2018-11-21 16:09:06 - [TEST_STEP][PASSED] - delay: Delayed 2 second(s)

2018-11-21 16:09:08 - [MESSAGE][PASSED] - Delayed 2 second(s)

2018-11-21 16:09:08 - [TEST_STEP][PASSED] - takeScreenshot: Taking screenshot successfully

2018-11-21 16:09:10 - [MESSAGE][PASSED] - Taking screenshot successfully
[[ATTACHMENT|C:\\Users\\ashavini\\Desktop\\Katalon\\Ankita\\Automation Project\\LERMS_Counterparty\\Screenshots\\WD transfer Limit.png]]

2018-11-21 16:09:10 - [TEST_STEP][PASSED] - scrollToElement: Scroll to object 'Object Repository/WD Objects/WD Req Obj/Page_Counterparty Limit Monitoring/input_()Mandatory Fields_ctl00_1' successfully

2018-11-21 16:09:12 - [MESSAGE][PASSED] - Scroll to object 'Object Repository/WD Objects/WD Req Obj/Page_Counterparty Limit Monitoring/input_()Mandatory Fields_ctl00_1' successfully

2018-11-21 16:09:12 - [TEST_STEP][PASSED] - click: Object: 'Object Repository/WD Objects/WD Req Obj/Page_Counterparty Limit Monitoring/input_()Mandatory Fields_ctl00_1' is clicked on

2018-11-21 16:09:14 - [MESSAGE][PASSED] - Object: 'Object Repository/WD Objects/WD Req Obj/Page_Counterparty Limit Monitoring/input_()Mandatory Fields_ctl00_1' is clicked on

2018-11-21 16:09:14 - [TEST_STEP][PASSED] - acceptAlert: Alert accepted

2018-11-21 16:09:16 - [MESSAGE][PASSED] - Alert accepted

2018-11-21 16:09:16 - [TEST_STEP][PASSED] - waitForAlert: Alert is present after 20 second(s).

2018-11-21 16:09:19 - [MESSAGE][PASSED] - Alert is present after 20 second(s).

2018-11-21 16:09:19 - [TEST_STEP][PASSED] - Statement - alertText = com.kms.katalon.core.webui.keyword.WebUiBuiltInKeywords.getAlertText(): Get alert text successfully: 'Transfer Limit withdrawn successfully'

2018-11-21 16:09:21 - [MESSAGE][PASSED] - Get alert text successfully: 'Transfer Limit withdrawn successfully'

2018-11-21 16:09:21 - [TEST_STEP][PASSED] - verifyMatch: Actual text 'Transfer Limit withdrawn successfully' and expected text 'Transfer Limit withdrawn successfully' are matched 

2018-11-21 16:09:21 - [MESSAGE][PASSED] - Actual text 'Transfer Limit withdrawn successfully' and expected text 'Transfer Limit withdrawn successfully' are matched 

2018-11-21 16:09:21 - [TEST_STEP][PASSED] - acceptAlert: Alert accepted

2018-11-21 16:09:23 - [MESSAGE][PASSED] - Alert accepted

2018-11-21 16:09:23 - [TEST_STEP][PASSED] - delay: Delayed 2 second(s)

2018-11-21 16:09:25 - [MESSAGE][PASSED] - Delayed 2 second(s)

2018-11-21 16:09:25 - [TEST_STEP][PASSED] - click: Object: 'Object Repository/WD Objects/WD Req Obj/Page_Counterparty Limit Monitoring/input_()Mandatory Fields_ctl00_2' is clicked on

2018-11-21 16:09:30 - [MESSAGE][PASSED] - Object: 'Object Repository/WD Objects/WD Req Obj/Page_Counterparty Limit Monitoring/input_()Mandatory Fields_ctl00_2' is clicked on

2018-11-21 16:09:30 - [TEST_STEP][PASSED] - delay: Delayed 2 second(s)

2018-11-21 16:09:32 - [MESSAGE][PASSED] - Delayed 2 second(s)]]></system-out>
         <system-err><![CDATA[2018-11-21 16:08:22 - [TEST_CASE][FAILED] - Test Cases/Withdraw Request: Test Cases/Withdraw Request FAILED because (of) (Stack trace: com.kms.katalon.core.exception.StepFailedException: Unable to wait for object to be visible (Root cause: java.lang.IllegalArgumentException: Object is null)
	at com.kms.katalon.core.keyword.internal.KeywordMain.stepFailed(KeywordMain.groovy:32)
	at com.kms.katalon.core.webui.keyword.internal.WebUIKeywordMain.stepFailed(WebUIKeywordMain.groovy:65)
	at com.kms.katalon.core.webui.keyword.internal.WebUIKeywordMain.runKeyword(WebUIKeywordMain.groovy:27)
	at com.kms.katalon.core.webui.keyword.builtin.WaitForElementVisibleKeyword.waitForElementVisible(WaitForElementVisibleKeyword.groovy:99)
	at com.kms.katalon.core.webui.keyword.builtin.WaitForElementVisibleKeyword.execute(WaitForElementVisibleKeyword.groovy:68)
	at com.kms.katalon.core.keyword.internal.KeywordExecutor.executeKeywordForPlatform(KeywordExecutor.groovy:53)
	at com.kms.katalon.core.webui.keyword.WebUiBuiltInKeywords.waitForElementVisible(WebUiBuiltInKeywords.groovy:434)
	at com.kms.katalon.core.webui.keyword.WebUiBuiltInKeywords$waitForElementVisible$8.call(Unknown Source)
	at org.codehaus.groovy.runtime.callsite.CallSiteArray.defaultCall(CallSiteArray.java:48)
	at org.codehaus.groovy.runtime.callsite.AbstractCallSite.call(AbstractCallSite.java:113)
	at org.codehaus.groovy.runtime.callsite.AbstractCallSite.call(AbstractCallSite.java:133)
	at Script1542782452308.run(Script1542782452308.groovy:52)
	at com.kms.katalon.core.main.ScriptEngine.run(ScriptEngine.java:183)
	at com.kms.katalon.core.main.ScriptEngine.runScriptAsRawText(ScriptEngine.java:108)
	at com.kms.katalon.core.main.TestCaseExecutor.runScript(TestCaseExecutor.java:294)
	at com.kms.katalon.core.main.TestCaseExecutor.doExecute(TestCaseExecutor.java:285)
	at com.kms.katalon.core.main.TestCaseExecutor.processExecutionPhase(TestCaseExecutor.java:264)
	at com.kms.katalon.core.main.TestCaseExecutor.accessMainPhase(TestCaseExecutor.java:256)
	at com.kms.katalon.core.main.TestCaseExecutor.execute(TestCaseExecutor.java:200)
	at com.kms.katalon.core.main.TestSuiteExecutor.accessTestCaseMainPhase(TestSuiteExecutor.java:129)
	at com.kms.katalon.core.main.TestSuiteExecutor.accessTestSuiteMainPhase(TestSuiteExecutor.java:112)
	at com.kms.katalon.core.main.TestSuiteExecutor.execute(TestSuiteExecutor.java:81)
	at com.kms.katalon.core.main.TestCaseMain.startTestSuite(TestCaseMain.java:142)
	at com.kms.katalon.core.main.TestCaseMain$startTestSuite$0.call(Unknown Source)
	at org.codehaus.groovy.runtime.callsite.CallSiteArray.defaultCall(CallSiteArray.java:48)
	at org.codehaus.groovy.runtime.callsite.AbstractCallSite.call(AbstractCallSite.java:113)
	at org.codehaus.groovy.runtime.callsite.AbstractCallSite.call(AbstractCallSite.java:141)
	at TempTestSuite1542796408060.run(TempTestSuite1542796408060.groovy:36)
	at groovy.lang.GroovyShell.runScriptOrMainOrTestOrRunnable(GroovyShell.java:263)
	at groovy.lang.GroovyShell.run(GroovyShell.java:518)
	at groovy.lang.GroovyShell.run(GroovyShell.java:507)
	at groovy.ui.GroovyMain.processOnce(GroovyMain.java:653)
	at groovy.ui.GroovyMain.run(GroovyMain.java:384)
	at groovy.ui.GroovyMain.process(GroovyMain.java:370)
	at groovy.ui.GroovyMain.processArgs(GroovyMain.java:129)
	at groovy.ui.GroovyMain.main(GroovyMain.java:109)
	at sun.reflect.NativeMethodAccessorImpl.invoke0(Native Method)
	at sun.reflect.NativeMethodAccessorImpl.invoke(NativeMethodAccessorImpl.java:62)
	at sun.reflect.DelegatingMethodAccessorImpl.invoke(DelegatingMethodAccessorImpl.java:43)
	at java.lang.reflect.Method.invoke(Method.java:498)
	at org.codehaus.groovy.tools.GroovyStarter.rootLoader(GroovyStarter.java:109)
	at org.codehaus.groovy.tools.GroovyStarter.main(GroovyStarter.java:131)
)]]></system-err>
      </testcase>
      <system-out><![CDATA[2018-11-21 16:03:31 - [TEST_SUITE][FAILED] - WD Request: Test Cases/MK_Initiate_WD FAILED because (of) (Stack trace: com.kms.katalon.core.exception.StepFailedException: Unable to select option by value 'SG' of object 'Object Repository/WD Objects/MK Initiate/Page_Counterparty Limit Monitoring/select_--SELECT--INDIASINGAPOR'  using regular expression (Root cause: org.openqa.selenium.StaleElementReferenceException: stale element reference: element is not attached to the page document
  (Session info: chrome=70.0.3538.102)
  (Driver info: chromedriver=2.43.600210 (68dcf5eebde37173d4027fa8635e332711d2874a),platform=Windows NT 6.3.9600 x86_64) (WARNING: The server did not provide any stacktrace information)
Command duration or timeout: 0 milliseconds
For documentation on this error, please visit: http://seleniumhq.org/exceptions/stale_element_reference.html
Build info: version: '3.7.1', revision: '8a0099a', time: '2017-11-06T21:07:36.161Z'
System info: host: 'COMP116', ip: '192.168.50.116', os.name: 'Windows 8.1', os.arch: 'amd64', os.version: '6.3', java.version: '1.8.0_181'
Driver info: com.kms.katalon.selenium.driver.CChromeDriver
Capabilities {acceptInsecureCerts: false, acceptSslCerts: false, applicationCacheEnabled: false, browserConnectionEnabled: false, browserName: chrome, chrome: {chromedriverVersion: 2.43.600210 (68dcf5eebde371..., userDataDir: C:\Users\ashavini\AppData\L...}, cssSelectorsEnabled: true, databaseEnabled: false, goog:chromeOptions: {debuggerAddress: localhost:2578}, handlesAlerts: true, hasTouchScreen: false, javascriptEnabled: true, locationContextEnabled: true, mobileEmulationEnabled: false, nativeEvents: true, networkConnectionEnabled: false, pageLoadStrategy: normal, platform: XP, platformName: XP, rotatable: false, setWindowRect: true, takesHeapSnapshot: true, takesScreenshot: true, unexpectedAlertBehaviour: , unhandledPromptBehavior: , version: 70.0.3538.102, webStorageEnabled: true}
Session ID: c3b56fc9645a78f56b000652e926b158)
	at com.kms.katalon.core.keyword.internal.KeywordMain.stepFailed(KeywordMain.groovy:32)
	at com.kms.katalon.core.webui.keyword.internal.WebUIKeywordMain.stepFailed(WebUIKeywordMain.groovy:65)
	at com.kms.katalon.core.webui.keyword.internal.WebUIKeywordMain.runKeyword(WebUIKeywordMain.groovy:27)
	at com.kms.katalon.core.webui.keyword.builtin.SelectOptionByValueKeyword.selectOptionByValue(SelectOptionByValueKeyword.groovy:99)
	at com.kms.katalon.core.webui.keyword.builtin.SelectOptionByValueKeyword.execute(SelectOptionByValueKeyword.groovy:71)
	at com.kms.katalon.core.keyword.internal.KeywordExecutor.executeKeywordForPlatform(KeywordExecutor.groovy:53)
	at com.kms.katalon.core.webui.keyword.WebUiBuiltInKeywords.selectOptionByValue(WebUiBuiltInKeywords.groovy:1138)
	at com.kms.katalon.core.webui.keyword.WebUiBuiltInKeywords$selectOptionByValue$9.call(Unknown Source)
	at org.codehaus.groovy.runtime.callsite.CallSiteArray.defaultCall(CallSiteArray.java:48)
	at org.codehaus.groovy.runtime.callsite.AbstractCallSite.call(AbstractCallSite.java:113)
	at org.codehaus.groovy.runtime.callsite.AbstractCallSite.call(AbstractCallSite.java:141)
	at Script1542782649460.run(Script1542782649460.groovy:130)
	at com.kms.katalon.core.main.ScriptEngine.run(ScriptEngine.java:183)
	at com.kms.katalon.core.main.ScriptEngine.runScriptAsRawText(ScriptEngine.java:108)
	at com.kms.katalon.core.main.TestCaseExecutor.runScript(TestCaseExecutor.java:294)
	at com.kms.katalon.core.main.TestCaseExecutor.doExecute(TestCaseExecutor.java:285)
	at com.kms.katalon.core.main.TestCaseExecutor.processExecutionPhase(TestCaseExecutor.java:264)
	at com.kms.katalon.core.main.TestCaseExecutor.accessMainPhase(TestCaseExecutor.java:256)
	at com.kms.katalon.core.main.TestCaseExecutor.execute(TestCaseExecutor.java:200)
	at com.kms.katalon.core.main.TestSuiteExecutor.accessTestCaseMainPhase(TestSuiteExecutor.java:129)
	at com.kms.katalon.core.main.TestSuiteExecutor.accessTestSuiteMainPhase(TestSuiteExecutor.java:112)
	at com.kms.katalon.core.main.TestSuiteExecutor.execute(TestSuiteExecutor.java:81)
	at com.kms.katalon.core.main.TestCaseMain.startTestSuite(TestCaseMain.java:142)
	at com.kms.katalon.core.main.TestCaseMain$startTestSuite$0.call(Unknown Source)
	at org.codehaus.groovy.runtime.callsite.CallSiteArray.defaultCall(CallSiteArray.java:48)
	at org.codehaus.groovy.runtime.callsite.AbstractCallSite.call(AbstractCallSite.java:113)
	at org.codehaus.groovy.runtime.callsite.AbstractCallSite.call(AbstractCallSite.java:141)
	at TempTestSuite1542796408060.run(TempTestSuite1542796408060.groovy:36)
	at groovy.lang.GroovyShell.runScriptOrMainOrTestOrRunnable(GroovyShell.java:263)
	at groovy.lang.GroovyShell.run(GroovyShell.java:518)
	at groovy.lang.GroovyShell.run(GroovyShell.java:507)
	at groovy.ui.GroovyMain.processOnce(GroovyMain.java:653)
	at groovy.ui.GroovyMain.run(GroovyMain.java:384)
	at groovy.ui.GroovyMain.process(GroovyMain.java:370)
	at groovy.ui.GroovyMain.processArgs(GroovyMain.java:129)
	at groovy.ui.GroovyMain.main(GroovyMain.java:109)
	at sun.reflect.NativeMethodAccessorImpl.invoke0(Native Method)
	at sun.reflect.NativeMethodAccessorImpl.invoke(NativeMethodAccessorImpl.java:62)
	at sun.reflect.DelegatingMethodAccessorImpl.invoke(DelegatingMethodAccessorImpl.java:43)
	at java.lang.reflect.Method.invoke(Method.java:498)
	at org.codehaus.groovy.tools.GroovyStarter.rootLoader(GroovyStarter.java:109)
	at org.codehaus.groovy.tools.GroovyStarter.main(GroovyStarter.java:131)
)]]></system-out>
      <system-err><![CDATA[2018-11-21 16:03:31 - [TEST_SUITE][FAILED] - WD Request: Test Cases/MK_Initiate_WD FAILED because (of) (Stack trace: com.kms.katalon.core.exception.StepFailedException: Unable to select option by value 'SG' of object 'Object Repository/WD Objects/MK Initiate/Page_Counterparty Limit Monitoring/select_--SELECT--INDIASINGAPOR'  using regular expression (Root cause: org.openqa.selenium.StaleElementReferenceException: stale element reference: element is not attached to the page document
  (Session info: chrome=70.0.3538.102)
  (Driver info: chromedriver=2.43.600210 (68dcf5eebde37173d4027fa8635e332711d2874a),platform=Windows NT 6.3.9600 x86_64) (WARNING: The server did not provide any stacktrace information)
Command duration or timeout: 0 milliseconds
For documentation on this error, please visit: http://seleniumhq.org/exceptions/stale_element_reference.html
Build info: version: '3.7.1', revision: '8a0099a', time: '2017-11-06T21:07:36.161Z'
System info: host: 'COMP116', ip: '192.168.50.116', os.name: 'Windows 8.1', os.arch: 'amd64', os.version: '6.3', java.version: '1.8.0_181'
Driver info: com.kms.katalon.selenium.driver.CChromeDriver
Capabilities {acceptInsecureCerts: false, acceptSslCerts: false, applicationCacheEnabled: false, browserConnectionEnabled: false, browserName: chrome, chrome: {chromedriverVersion: 2.43.600210 (68dcf5eebde371..., userDataDir: C:\Users\ashavini\AppData\L...}, cssSelectorsEnabled: true, databaseEnabled: false, goog:chromeOptions: {debuggerAddress: localhost:2578}, handlesAlerts: true, hasTouchScreen: false, javascriptEnabled: true, locationContextEnabled: true, mobileEmulationEnabled: false, nativeEvents: true, networkConnectionEnabled: false, pageLoadStrategy: normal, platform: XP, platformName: XP, rotatable: false, setWindowRect: true, takesHeapSnapshot: true, takesScreenshot: true, unexpectedAlertBehaviour: , unhandledPromptBehavior: , version: 70.0.3538.102, webStorageEnabled: true}
Session ID: c3b56fc9645a78f56b000652e926b158)
	at com.kms.katalon.core.keyword.internal.KeywordMain.stepFailed(KeywordMain.groovy:32)
	at com.kms.katalon.core.webui.keyword.internal.WebUIKeywordMain.stepFailed(WebUIKeywordMain.groovy:65)
	at com.kms.katalon.core.webui.keyword.internal.WebUIKeywordMain.runKeyword(WebUIKeywordMain.groovy:27)
	at com.kms.katalon.core.webui.keyword.builtin.SelectOptionByValueKeyword.selectOptionByValue(SelectOptionByValueKeyword.groovy:99)
	at com.kms.katalon.core.webui.keyword.builtin.SelectOptionByValueKeyword.execute(SelectOptionByValueKeyword.groovy:71)
	at com.kms.katalon.core.keyword.internal.KeywordExecutor.executeKeywordForPlatform(KeywordExecutor.groovy:53)
	at com.kms.katalon.core.webui.keyword.WebUiBuiltInKeywords.selectOptionByValue(WebUiBuiltInKeywords.groovy:1138)
	at com.kms.katalon.core.webui.keyword.WebUiBuiltInKeywords$selectOptionByValue$9.call(Unknown Source)
	at org.codehaus.groovy.runtime.callsite.CallSiteArray.defaultCall(CallSiteArray.java:48)
	at org.codehaus.groovy.runtime.callsite.AbstractCallSite.call(AbstractCallSite.java:113)
	at org.codehaus.groovy.runtime.callsite.AbstractCallSite.call(AbstractCallSite.java:141)
	at Script1542782649460.run(Script1542782649460.groovy:130)
	at com.kms.katalon.core.main.ScriptEngine.run(ScriptEngine.java:183)
	at com.kms.katalon.core.main.ScriptEngine.runScriptAsRawText(ScriptEngine.java:108)
	at com.kms.katalon.core.main.TestCaseExecutor.runScript(TestCaseExecutor.java:294)
	at com.kms.katalon.core.main.TestCaseExecutor.doExecute(TestCaseExecutor.java:285)
	at com.kms.katalon.core.main.TestCaseExecutor.processExecutionPhase(TestCaseExecutor.java:264)
	at com.kms.katalon.core.main.TestCaseExecutor.accessMainPhase(TestCaseExecutor.java:256)
	at com.kms.katalon.core.main.TestCaseExecutor.execute(TestCaseExecutor.java:200)
	at com.kms.katalon.core.main.TestSuiteExecutor.accessTestCaseMainPhase(TestSuiteExecutor.java:129)
	at com.kms.katalon.core.main.TestSuiteExecutor.accessTestSuiteMainPhase(TestSuiteExecutor.java:112)
	at com.kms.katalon.core.main.TestSuiteExecutor.execute(TestSuiteExecutor.java:81)
	at com.kms.katalon.core.main.TestCaseMain.startTestSuite(TestCaseMain.java:142)
	at com.kms.katalon.core.main.TestCaseMain$startTestSuite$0.call(Unknown Source)
	at org.codehaus.groovy.runtime.callsite.CallSiteArray.defaultCall(CallSiteArray.java:48)
	at org.codehaus.groovy.runtime.callsite.AbstractCallSite.call(AbstractCallSite.java:113)
	at org.codehaus.groovy.runtime.callsite.AbstractCallSite.call(AbstractCallSite.java:141)
	at TempTestSuite1542796408060.run(TempTestSuite1542796408060.groovy:36)
	at groovy.lang.GroovyShell.runScriptOrMainOrTestOrRunnable(GroovyShell.java:263)
	at groovy.lang.GroovyShell.run(GroovyShell.java:518)
	at groovy.lang.GroovyShell.run(GroovyShell.java:507)
	at groovy.ui.GroovyMain.processOnce(GroovyMain.java:653)
	at groovy.ui.GroovyMain.run(GroovyMain.java:384)
	at groovy.ui.GroovyMain.process(GroovyMain.java:370)
	at groovy.ui.GroovyMain.processArgs(GroovyMain.java:129)
	at groovy.ui.GroovyMain.main(GroovyMain.java:109)
	at sun.reflect.NativeMethodAccessorImpl.invoke0(Native Method)
	at sun.reflect.NativeMethodAccessorImpl.invoke(NativeMethodAccessorImpl.java:62)
	at sun.reflect.DelegatingMethodAccessorImpl.invoke(DelegatingMethodAccessorImpl.java:43)
	at java.lang.reflect.Method.invoke(Method.java:498)
	at org.codehaus.groovy.tools.GroovyStarter.rootLoader(GroovyStarter.java:109)
	at org.codehaus.groovy.tools.GroovyStarter.main(GroovyStarter.java:131)
)]]></system-err>
   </testsuite>
</testsuites>
