<?xml version="1.0" encoding="UTF-8"?>
<testsuites name="CHK1 Approve WD List" time="408" tests="0" failures="2" errors="1">
   <testsuite name="CHK1 Approve WD List" tests="0" failures="2" errors="1" time="408" timestamp="2018-11-21 17:09:37" hostname="Ashavini - COMP116.etplember.local" id="Test Suites/CHK1 Approve WD List">
      <properties>
         <property name="deviceName" value=""/>
         <property name="devicePlatform" value=""/>
         <property name="logFolder" value="C:\\Users\\ashavini\\Desktop\\Katalon\\Ankita\\LERMS_CP\\LERMS_CP\\Reports\\CHK1 Approve WD List\\20181121_170935"/>
         <property name="logFiles" value="C:\\Users\\ashavini\\Desktop\\Katalon\\Ankita\\LERMS_CP\\LERMS_CP\\Reports\\CHK1 Approve WD List\\20181121_170935\\execution0.log"/>
         <property name="attachments" value="C:\\Users\\ashavini\\Desktop\\Katalon\\Ankita\\LERMS_CP\\LERMS_CP\\Reports\\CHK1 Approve WD List\\20181121_170935\\1542800598099.png, C:\\Users\\ashavini\\Desktop\\Katalon\\Ankita\\LERMS_CP\\LERMS_CP\\Reports\\CHK1 Approve WD List\\20181121_170935\\1542800623756.png, C:\\Users\\ashavini\\Desktop\\Katalon\\Ankita\\Automation Project\\LERMS_Counterparty\\Screenshots\\MakerInitiation.png, C:\\Users\\ashavini\\Desktop\\Katalon\\Ankita\\Automation Project\\LERMS_Counterparty\\Screenshots\\Checker1_Recorddetails.png, C:\\Users\\ashavini\\Desktop\\Katalon\\Ankita\\LERMS_CP\\LERMS_CP\\Reports\\CHK1 Approve WD List\\20181121_170935\\1542800743360.png"/>
         <property name="hostName" value="Ashavini - COMP116.etplember.local"/>
         <property name="os" value="Windows 8.1 64bit"/>
         <property name="katalonVersion" value="5.8.6.1"/>
         <property name="browser" value="Chrome 70.0.3538.102"/>
         <property name="hostAddress" value="192.168.50.116"/>
         <property name="sessionId" value="bcfb708fdc63fc445efaa97d1a3e48fd"/>
         <property name="seleniumVersion" value="3.7.1"/>
         <property name="proxyInformation" value="ProxyInformation{proxyOption=NO_PROXY, proxyServerType=HTTP, password=, proxyServerAddress=, proxyServerPort=0}"/>
         <property name="platform" value="Windows 8.1"/>
      </properties>
      <testcase name="Test Cases/MK_Initiate_WD" classname="Test Cases/MK_Initiate_WD" status="FAILED">
         <failure type="FAILED" message="(Stack trace: com.kms.katalon.core.exception.StepFailedException: Unable to select option by value 'SG' of object 'Object Repository/WD Objects/MK Initiate/Page_Counterparty Limit Monitoring/select_--SELECT--INDIASINGAPOR'  using regular expression (Root cause: org.openqa.selenium.StaleElementReferenceException: stale element reference: element is not attached to the page document
  (Session info: chrome=70.0.3538.102)
  (Driver info: chromedriver=2.43.600210 (68dcf5eebde37173d4027fa8635e332711d2874a),platform=Windows NT 6.3.9600 x86_64) (WARNING: The server did not provide any stacktrace information)
Command duration or timeout: 0 milliseconds
For documentation on this error, please visit: http://seleniumhq.org/exceptions/stale_element_reference.html
Build info: version: '3.7.1', revision: '8a0099a', time: '2017-11-06T21:07:36.161Z'
System info: host: 'COMP116', ip: '192.168.50.116', os.name: 'Windows 8.1', os.arch: 'amd64', os.version: '6.3', java.version: '1.8.0_181'
Driver info: com.kms.katalon.selenium.driver.CChromeDriver
Capabilities {acceptInsecureCerts: false, acceptSslCerts: false, applicationCacheEnabled: false, browserConnectionEnabled: false, browserName: chrome, chrome: {chromedriverVersion: 2.43.600210 (68dcf5eebde371..., userDataDir: C:\Users\ashavini\AppData\L...}, cssSelectorsEnabled: true, databaseEnabled: false, goog:chromeOptions: {debuggerAddress: localhost:5709}, handlesAlerts: true, hasTouchScreen: false, javascriptEnabled: true, locationContextEnabled: true, mobileEmulationEnabled: false, nativeEvents: true, networkConnectionEnabled: false, pageLoadStrategy: normal, platform: XP, platformName: XP, rotatable: false, setWindowRect: true, takesHeapSnapshot: true, takesScreenshot: true, unexpectedAlertBehaviour: , unhandledPromptBehavior: , version: 70.0.3538.102, webStorageEnabled: true}
Session ID: 55e3bc2280abd7d291eb50392efb5bee)
	at com.kms.katalon.core.keyword.internal.KeywordMain.stepFailed(KeywordMain.groovy:32)
	at com.kms.katalon.core.webui.keyword.internal.WebUIKeywordMain.stepFailed(WebUIKeywordMain.groovy:65)
	at com.kms.katalon.core.webui.keyword.internal.WebUIKeywordMain.runKeyword(WebUIKeywordMain.groovy:27)
	at com.kms.katalon.core.webui.keyword.builtin.SelectOptionByValueKeyword.selectOptionByValue(SelectOptionByValueKeyword.groovy:99)
	at com.kms.katalon.core.webui.keyword.builtin.SelectOptionByValueKeyword.execute(SelectOptionByValueKeyword.groovy:71)
	at com.kms.katalon.core.keyword.internal.KeywordExecutor.executeKeywordForPlatform(KeywordExecutor.groovy:53)
	at com.kms.katalon.core.webui.keyword.WebUiBuiltInKeywords.selectOptionByValue(WebUiBuiltInKeywords.groovy:1138)
	at com.kms.katalon.core.webui.keyword.WebUiBuiltInKeywords$selectOptionByValue$10.call(Unknown Source)
	at org.codehaus.groovy.runtime.callsite.CallSiteArray.defaultCall(CallSiteArray.java:48)
	at org.codehaus.groovy.runtime.callsite.AbstractCallSite.call(AbstractCallSite.java:113)
	at org.codehaus.groovy.runtime.callsite.AbstractCallSite.call(AbstractCallSite.java:141)
	at Script1542782649460.run(Script1542782649460.groovy:132)
	at com.kms.katalon.core.main.ScriptEngine.run(ScriptEngine.java:183)
	at com.kms.katalon.core.main.ScriptEngine.runScriptAsRawText(ScriptEngine.java:108)
	at com.kms.katalon.core.main.TestCaseExecutor.runScript(TestCaseExecutor.java:294)
	at com.kms.katalon.core.main.TestCaseExecutor.doExecute(TestCaseExecutor.java:285)
	at com.kms.katalon.core.main.TestCaseExecutor.processExecutionPhase(TestCaseExecutor.java:264)
	at com.kms.katalon.core.main.TestCaseExecutor.accessMainPhase(TestCaseExecutor.java:256)
	at com.kms.katalon.core.main.TestCaseExecutor.execute(TestCaseExecutor.java:200)
	at com.kms.katalon.core.main.TestSuiteExecutor.accessTestCaseMainPhase(TestSuiteExecutor.java:129)
	at com.kms.katalon.core.main.TestSuiteExecutor.accessTestSuiteMainPhase(TestSuiteExecutor.java:112)
	at com.kms.katalon.core.main.TestSuiteExecutor.execute(TestSuiteExecutor.java:81)
	at com.kms.katalon.core.main.TestCaseMain.startTestSuite(TestCaseMain.java:142)
	at com.kms.katalon.core.main.TestCaseMain$startTestSuite$0.call(Unknown Source)
	at org.codehaus.groovy.runtime.callsite.CallSiteArray.defaultCall(CallSiteArray.java:48)
	at org.codehaus.groovy.runtime.callsite.AbstractCallSite.call(AbstractCallSite.java:113)
	at org.codehaus.groovy.runtime.callsite.AbstractCallSite.call(AbstractCallSite.java:141)
	at TempTestSuite1542800375660.run(TempTestSuite1542800375660.groovy:36)
	at groovy.lang.GroovyShell.runScriptOrMainOrTestOrRunnable(GroovyShell.java:263)
	at groovy.lang.GroovyShell.run(GroovyShell.java:518)
	at groovy.lang.GroovyShell.run(GroovyShell.java:507)
	at groovy.ui.GroovyMain.processOnce(GroovyMain.java:653)
	at groovy.ui.GroovyMain.run(GroovyMain.java:384)
	at groovy.ui.GroovyMain.process(GroovyMain.java:370)
	at groovy.ui.GroovyMain.processArgs(GroovyMain.java:129)
	at groovy.ui.GroovyMain.main(GroovyMain.java:109)
	at sun.reflect.NativeMethodAccessorImpl.invoke0(Native Method)
	at sun.reflect.NativeMethodAccessorImpl.invoke(NativeMethodAccessorImpl.java:62)
	at sun.reflect.DelegatingMethodAccessorImpl.invoke(DelegatingMethodAccessorImpl.java:43)
	at java.lang.reflect.Method.invoke(Method.java:498)
	at org.codehaus.groovy.tools.GroovyStarter.rootLoader(GroovyStarter.java:109)
	at org.codehaus.groovy.tools.GroovyStarter.main(GroovyStarter.java:131)
)"/>
         <system-out><![CDATA[2018-11-21 17:09:38 - [TEST_CASE][FAILED] - Test Cases/MK_Initiate_WD: Test Cases/MK_Initiate_WD FAILED because (of) (Stack trace: com.kms.katalon.core.exception.StepFailedException: Unable to select option by value 'SG' of object 'Object Repository/WD Objects/MK Initiate/Page_Counterparty Limit Monitoring/select_--SELECT--INDIASINGAPOR'  using regular expression (Root cause: org.openqa.selenium.StaleElementReferenceException: stale element reference: element is not attached to the page document
  (Session info: chrome=70.0.3538.102)
  (Driver info: chromedriver=2.43.600210 (68dcf5eebde37173d4027fa8635e332711d2874a),platform=Windows NT 6.3.9600 x86_64) (WARNING: The server did not provide any stacktrace information)
Command duration or timeout: 0 milliseconds
For documentation on this error, please visit: http://seleniumhq.org/exceptions/stale_element_reference.html
Build info: version: '3.7.1', revision: '8a0099a', time: '2017-11-06T21:07:36.161Z'
System info: host: 'COMP116', ip: '192.168.50.116', os.name: 'Windows 8.1', os.arch: 'amd64', os.version: '6.3', java.version: '1.8.0_181'
Driver info: com.kms.katalon.selenium.driver.CChromeDriver
Capabilities {acceptInsecureCerts: false, acceptSslCerts: false, applicationCacheEnabled: false, browserConnectionEnabled: false, browserName: chrome, chrome: {chromedriverVersion: 2.43.600210 (68dcf5eebde371..., userDataDir: C:\Users\ashavini\AppData\L...}, cssSelectorsEnabled: true, databaseEnabled: false, goog:chromeOptions: {debuggerAddress: localhost:5709}, handlesAlerts: true, hasTouchScreen: false, javascriptEnabled: true, locationContextEnabled: true, mobileEmulationEnabled: false, nativeEvents: true, networkConnectionEnabled: false, pageLoadStrategy: normal, platform: XP, platformName: XP, rotatable: false, setWindowRect: true, takesHeapSnapshot: true, takesScreenshot: true, unexpectedAlertBehaviour: , unhandledPromptBehavior: , version: 70.0.3538.102, webStorageEnabled: true}
Session ID: 55e3bc2280abd7d291eb50392efb5bee)
	at com.kms.katalon.core.keyword.internal.KeywordMain.stepFailed(KeywordMain.groovy:32)
	at com.kms.katalon.core.webui.keyword.internal.WebUIKeywordMain.stepFailed(WebUIKeywordMain.groovy:65)
	at com.kms.katalon.core.webui.keyword.internal.WebUIKeywordMain.runKeyword(WebUIKeywordMain.groovy:27)
	at com.kms.katalon.core.webui.keyword.builtin.SelectOptionByValueKeyword.selectOptionByValue(SelectOptionByValueKeyword.groovy:99)
	at com.kms.katalon.core.webui.keyword.builtin.SelectOptionByValueKeyword.execute(SelectOptionByValueKeyword.groovy:71)
	at com.kms.katalon.core.keyword.internal.KeywordExecutor.executeKeywordForPlatform(KeywordExecutor.groovy:53)
	at com.kms.katalon.core.webui.keyword.WebUiBuiltInKeywords.selectOptionByValue(WebUiBuiltInKeywords.groovy:1138)
	at com.kms.katalon.core.webui.keyword.WebUiBuiltInKeywords$selectOptionByValue$10.call(Unknown Source)
	at org.codehaus.groovy.runtime.callsite.CallSiteArray.defaultCall(CallSiteArray.java:48)
	at org.codehaus.groovy.runtime.callsite.AbstractCallSite.call(AbstractCallSite.java:113)
	at org.codehaus.groovy.runtime.callsite.AbstractCallSite.call(AbstractCallSite.java:141)
	at Script1542782649460.run(Script1542782649460.groovy:132)
	at com.kms.katalon.core.main.ScriptEngine.run(ScriptEngine.java:183)
	at com.kms.katalon.core.main.ScriptEngine.runScriptAsRawText(ScriptEngine.java:108)
	at com.kms.katalon.core.main.TestCaseExecutor.runScript(TestCaseExecutor.java:294)
	at com.kms.katalon.core.main.TestCaseExecutor.doExecute(TestCaseExecutor.java:285)
	at com.kms.katalon.core.main.TestCaseExecutor.processExecutionPhase(TestCaseExecutor.java:264)
	at com.kms.katalon.core.main.TestCaseExecutor.accessMainPhase(TestCaseExecutor.java:256)
	at com.kms.katalon.core.main.TestCaseExecutor.execute(TestCaseExecutor.java:200)
	at com.kms.katalon.core.main.TestSuiteExecutor.accessTestCaseMainPhase(TestSuiteExecutor.java:129)
	at com.kms.katalon.core.main.TestSuiteExecutor.accessTestSuiteMainPhase(TestSuiteExecutor.java:112)
	at com.kms.katalon.core.main.TestSuiteExecutor.execute(TestSuiteExecutor.java:81)
	at com.kms.katalon.core.main.TestCaseMain.startTestSuite(TestCaseMain.java:142)
	at com.kms.katalon.core.main.TestCaseMain$startTestSuite$0.call(Unknown Source)
	at org.codehaus.groovy.runtime.callsite.CallSiteArray.defaultCall(CallSiteArray.java:48)
	at org.codehaus.groovy.runtime.callsite.AbstractCallSite.call(AbstractCallSite.java:113)
	at org.codehaus.groovy.runtime.callsite.AbstractCallSite.call(AbstractCallSite.java:141)
	at TempTestSuite1542800375660.run(TempTestSuite1542800375660.groovy:36)
	at groovy.lang.GroovyShell.runScriptOrMainOrTestOrRunnable(GroovyShell.java:263)
	at groovy.lang.GroovyShell.run(GroovyShell.java:518)
	at groovy.lang.GroovyShell.run(GroovyShell.java:507)
	at groovy.ui.GroovyMain.processOnce(GroovyMain.java:653)
	at groovy.ui.GroovyMain.run(GroovyMain.java:384)
	at groovy.ui.GroovyMain.process(GroovyMain.java:370)
	at groovy.ui.GroovyMain.processArgs(GroovyMain.java:129)
	at groovy.ui.GroovyMain.main(GroovyMain.java:109)
	at sun.reflect.NativeMethodAccessorImpl.invoke0(Native Method)
	at sun.reflect.NativeMethodAccessorImpl.invoke(NativeMethodAccessorImpl.java:62)
	at sun.reflect.DelegatingMethodAccessorImpl.invoke(DelegatingMethodAccessorImpl.java:43)
	at java.lang.reflect.Method.invoke(Method.java:498)
	at org.codehaus.groovy.tools.GroovyStarter.rootLoader(GroovyStarter.java:109)
	at org.codehaus.groovy.tools.GroovyStarter.main(GroovyStarter.java:131)
)

2018-11-21 17:09:39 - [TEST_STEP][PASSED] - openBrowser: Browser is opened with url: ''

2018-11-21 17:09:49 - [MESSAGE][PASSED] - Browser is opened with url: ''

2018-11-21 17:09:49 - [TEST_STEP][PASSED] - navigateToUrl: Navigate to 'http://siachen:8003/AXIS_LERM_WEB_UAT_V4/login.aspx' successfully

2018-11-21 17:09:56 - [MESSAGE][PASSED] - Navigate to 'http://siachen:8003/AXIS_LERM_WEB_UAT_V4/login.aspx' successfully

2018-11-21 17:09:56 - [TEST_STEP][PASSED] - setText: Text 'Siddhika' is set on object 'Object Repository/Folder 1/Page_Loan Equivalent Risk System/input_User Name_ctl00MainConte'

2018-11-21 17:10:00 - [MESSAGE][PASSED] - Text 'Siddhika' is set on object 'Object Repository/Folder 1/Page_Loan Equivalent Risk System/input_User Name_ctl00MainConte'

2018-11-21 17:10:00 - [TEST_STEP][PASSED] - setEncryptedText: Text ****** has been set on object 'Object Repository/Folder 1/Page_Loan Equivalent Risk System/input_Password_ctl00MainConten'

2018-11-21 17:10:04 - [MESSAGE][PASSED] - Text ****** has been set on object 'Object Repository/Folder 1/Page_Loan Equivalent Risk System/input_Password_ctl00MainConten'

2018-11-21 17:10:04 - [TEST_STEP][PASSED] - click: Object: 'Object Repository/Folder 1/Page_Loan Equivalent Risk System/input_Password_ctl00MainConten_1' is clicked on

2018-11-21 17:10:07 - [MESSAGE][PASSED] - Object: 'Object Repository/Folder 1/Page_Loan Equivalent Risk System/input_Password_ctl00MainConten_1' is clicked on

2018-11-21 17:10:07 - [TEST_STEP][PASSED] - acceptAlert: Alert accepted

2018-11-21 17:10:09 - [MESSAGE][PASSED] - Alert accepted

2018-11-21 17:10:09 - [TEST_STEP][PASSED] - delay: Delayed 2 second(s)

2018-11-21 17:10:11 - [MESSAGE][PASSED] - Delayed 2 second(s)

2018-11-21 17:10:11 - [TEST_STEP][PASSED] - click: Object: 'Object Repository/Folder 1/Page_Loan Equivalent Risk System/a_Counterparty Limit Maintaine' is clicked on

2018-11-21 17:10:13 - [MESSAGE][PASSED] - Object: 'Object Repository/Folder 1/Page_Loan Equivalent Risk System/a_Counterparty Limit Maintaine' is clicked on

2018-11-21 17:10:13 - [TEST_STEP][PASSED] - delay: Delayed 2 second(s)

2018-11-21 17:10:15 - [MESSAGE][PASSED] - Delayed 2 second(s)

2018-11-21 17:10:15 - [TEST_STEP][PASSED] - switchToWindowIndex: Switched to window with index: '1'

2018-11-21 17:10:17 - [MESSAGE][PASSED] - Switched to window with index: '1'

2018-11-21 17:10:17 - [TEST_STEP][PASSED] - waitForPageLoad: Wait for page load successfully

2018-11-21 17:10:20 - [MESSAGE][PASSED] - Wait for page load successfully

2018-11-21 17:10:20 - [TEST_STEP][PASSED] - delay: Delayed 2 second(s)

2018-11-21 17:10:22 - [MESSAGE][PASSED] - Delayed 2 second(s)

2018-11-21 17:10:22 - [TEST_STEP][PASSED] - maximizeWindow: Current window maximized

2018-11-21 17:10:24 - [MESSAGE][PASSED] - Current window maximized

2018-11-21 17:10:24 - [TEST_STEP][PASSED] - delay: Delayed 2 second(s)

2018-11-21 17:10:26 - [MESSAGE][PASSED] - Delayed 2 second(s)

2018-11-21 17:10:26 - [TEST_STEP][PASSED] - mouseOver: Object: 'Object Repository/Folder 1/Page_Counterparty Limit Monitoring/Page_Counterparty Limit Monitoring/a_Transactions' is hovered

2018-11-21 17:10:29 - [MESSAGE][PASSED] - Object: 'Object Repository/Folder 1/Page_Counterparty Limit Monitoring/Page_Counterparty Limit Monitoring/a_Transactions' is hovered

2018-11-21 17:10:29 - [TEST_STEP][PASSED] - waitForElementVisible: Object 'Object Repository/Folder 1/Page_Counterparty Limit Monitoring/a_Transfer Limit' is visible

2018-11-21 17:10:31 - [MESSAGE][PASSED] - Object 'Object Repository/Folder 1/Page_Counterparty Limit Monitoring/a_Transfer Limit' is visible

2018-11-21 17:10:31 - [TEST_STEP][PASSED] - click: Object: 'Object Repository/Folder 1/Page_Counterparty Limit Monitoring/a_Transfer Limit' is clicked on

2018-11-21 17:10:35 - [MESSAGE][PASSED] - Object: 'Object Repository/Folder 1/Page_Counterparty Limit Monitoring/a_Transfer Limit' is clicked on

2018-11-21 17:10:35 - [TEST_STEP][PASSED] - selectOptionByValue: All options with value '02' are selected in object 'Object Repository/Folder 1/Page_Counterparty Limit Monitoring/select_--SELECT--CHANGE IN LIM'  using regular expression

2018-11-21 17:10:50 - [MESSAGE][PASSED] - All options with value '02' are selected in object 'Object Repository/Folder 1/Page_Counterparty Limit Monitoring/select_--SELECT--CHANGE IN LIM'  using regular expression

2018-11-21 17:10:50 - [TEST_STEP][PASSED] - delay: Delayed 2 second(s)

2018-11-21 17:10:52 - [MESSAGE][PASSED] - Delayed 2 second(s)

2018-11-21 17:10:52 - [TEST_STEP][PASSED] - click: Object: 'Object Repository/Folder 1/Page_Counterparty Limit Monitoring/input__ctl00MainContentimgbtnL' is clicked on

2018-11-21 17:10:56 - [MESSAGE][PASSED] - Object: 'Object Repository/Folder 1/Page_Counterparty Limit Monitoring/input__ctl00MainContentimgbtnL' is clicked on

2018-11-21 17:10:56 - [TEST_STEP][PASSED] - delay: Delayed 2 second(s)

2018-11-21 17:10:58 - [MESSAGE][PASSED] - Delayed 2 second(s)

2018-11-21 17:10:58 - [TEST_STEP][PASSED] - mouseOver: Object: 'Object Repository/Folder 1/Page_Counterparty Limit Monitoring/iframe_or Esc Key_TB_iframeCon' is hovered

2018-11-21 17:11:01 - [MESSAGE][PASSED] - Object: 'Object Repository/Folder 1/Page_Counterparty Limit Monitoring/iframe_or Esc Key_TB_iframeCon' is hovered

2018-11-21 17:11:01 - [TEST_STEP][PASSED] - delay: Delayed 2 second(s)

2018-11-21 17:11:03 - [MESSAGE][PASSED] - Delayed 2 second(s)

2018-11-21 17:11:03 - [TEST_STEP][PASSED] - setText: Text 'AIDNI FO KNAB' is set on object 'Object Repository/WD Objects/MK Initiate/Page_Counterparty Limit Monitoring/input_COUNTERPARTY_NAME_GridVi'

2018-11-21 17:11:09 - [MESSAGE][PASSED] - Text 'AIDNI FO KNAB' is set on object 'Object Repository/WD Objects/MK Initiate/Page_Counterparty Limit Monitoring/input_COUNTERPARTY_NAME_GridVi'

2018-11-21 17:11:11 - [TEST_STEP][PASSED] - delay: Delayed 2 second(s)

2018-11-21 17:11:13 - [MESSAGE][PASSED] - Delayed 2 second(s)

2018-11-21 17:11:13 - [TEST_STEP][PASSED] - click: Object: 'Object Repository/WD Objects/MK Initiate/Page_Counterparty Limit Monitoring/input_COUNTERPARTY_NAME_GridVi_1' is clicked on

2018-11-21 17:11:19 - [MESSAGE][PASSED] - Object: 'Object Repository/WD Objects/MK Initiate/Page_Counterparty Limit Monitoring/input_COUNTERPARTY_NAME_GridVi_1' is clicked on

2018-11-21 17:11:21 - [TEST_STEP][PASSED] - click: Object: 'Object Repository/WD Objects/MK Initiate/Page_Counterparty Limit Monitoring/span_AIDNI FO KNAB' is clicked on

2018-11-21 17:11:25 - [MESSAGE][PASSED] - Object: 'Object Repository/WD Objects/MK Initiate/Page_Counterparty Limit Monitoring/span_AIDNI FO KNAB' is clicked on

2018-11-21 17:11:27 - [TEST_STEP][PASSED] - delay: Delayed 2 second(s)

2018-11-21 17:11:29 - [MESSAGE][PASSED] - Delayed 2 second(s)

2018-11-21 17:11:29 - [TEST_STEP][PASSED] - click: Object: 'Object Repository/Folder 1/Page_Counterparty Limit Monitoring/input__ctl00MainContentimgChec' is clicked on

2018-11-21 17:11:32 - [MESSAGE][PASSED] - Object: 'Object Repository/Folder 1/Page_Counterparty Limit Monitoring/input__ctl00MainContentimgChec' is clicked on

2018-11-21 17:11:32 - [TEST_STEP][PASSED] - delay: Delayed 2 second(s)

2018-11-21 17:11:34 - [MESSAGE][PASSED] - Delayed 2 second(s)

2018-11-21 17:11:34 - [TEST_STEP][PASSED] - mouseOver: Object: 'Object Repository/Folder 1/Page_Counterparty Limit Monitoring/iframe_or Esc Key_TB_iframeCon_12' is hovered

2018-11-21 17:11:38 - [MESSAGE][PASSED] - Object: 'Object Repository/Folder 1/Page_Counterparty Limit Monitoring/iframe_or Esc Key_TB_iframeCon_12' is hovered

2018-11-21 17:11:38 - [TEST_STEP][PASSED] - mouseOver: Object: 'Object Repository/Folder 1/Page_Counterparty Limit Monitoring/iframe_or Esc Key_TB_iframeCon' is hovered

2018-11-21 17:11:41 - [MESSAGE][PASSED] - Object: 'Object Repository/Folder 1/Page_Counterparty Limit Monitoring/iframe_or Esc Key_TB_iframeCon' is hovered

2018-11-21 17:11:41 - [TEST_STEP][PASSED] - delay: Delayed 2 second(s)

2018-11-21 17:11:43 - [MESSAGE][PASSED] - Delayed 2 second(s)

2018-11-21 17:11:43 - [TEST_STEP][PASSED] - setText: Text 'Ankita' is set on object 'Object Repository/Folder 1/Page_Counterparty Limit Monitoring/input_USERID_GridView1ctl01txt (9)'

2018-11-21 17:11:49 - [MESSAGE][PASSED] - Text 'Ankita' is set on object 'Object Repository/Folder 1/Page_Counterparty Limit Monitoring/input_USERID_GridView1ctl01txt (9)'

2018-11-21 17:11:51 - [TEST_STEP][PASSED] - delay: Delayed 2 second(s)

2018-11-21 17:11:53 - [MESSAGE][PASSED] - Delayed 2 second(s)

2018-11-21 17:11:53 - [TEST_STEP][PASSED] - click: Object: 'Object Repository/Folder 1/Page_Counterparty Limit Monitoring/input_USERID_GridView1ctl01btn (1)' is clicked on

2018-11-21 17:11:59 - [MESSAGE][PASSED] - Object: 'Object Repository/Folder 1/Page_Counterparty Limit Monitoring/input_USERID_GridView1ctl01btn (1)' is clicked on

2018-11-21 17:12:01 - [TEST_STEP][PASSED] - delay: Delayed 2 second(s)

2018-11-21 17:12:03 - [MESSAGE][PASSED] - Delayed 2 second(s)

2018-11-21 17:12:03 - [TEST_STEP][PASSED] - click: Object: 'Object Repository/Folder 1/Page_Counterparty Limit Monitoring/td_ANKITA' is clicked on

2018-11-21 17:12:07 - [MESSAGE][PASSED] - Object: 'Object Repository/Folder 1/Page_Counterparty Limit Monitoring/td_ANKITA' is clicked on

2018-11-21 17:12:09 - [TEST_STEP][PASSED] - delay: Delayed 4 second(s)

2018-11-21 17:12:14 - [MESSAGE][PASSED] - Delayed 4 second(s)

2018-11-21 17:12:14 - [TEST_STEP][PASSED] - click: Object: 'Object Repository/Folder 1/Page_Counterparty Limit Monitoring/input__ctl00MainContentimgChec_1' is clicked on

2018-11-21 17:12:18 - [MESSAGE][PASSED] - Object: 'Object Repository/Folder 1/Page_Counterparty Limit Monitoring/input__ctl00MainContentimgChec_1' is clicked on

2018-11-21 17:12:18 - [TEST_STEP][PASSED] - mouseOver: Object: 'Object Repository/Folder 1/Page_Counterparty Limit Monitoring/iframe_or Esc Key_TB_iframeCon' is hovered

2018-11-21 17:12:21 - [MESSAGE][PASSED] - Object: 'Object Repository/Folder 1/Page_Counterparty Limit Monitoring/iframe_or Esc Key_TB_iframeCon' is hovered

2018-11-21 17:12:21 - [TEST_STEP][PASSED] - delay: Delayed 2 second(s)

2018-11-21 17:12:23 - [MESSAGE][PASSED] - Delayed 2 second(s)

2018-11-21 17:12:23 - [TEST_STEP][PASSED] - setText: Text 'Ashavini' is set on object 'Object Repository/Folder 1/Page_Counterparty Limit Monitoring/input_USERID_GridView1ctl01txt (15)'

2018-11-21 17:12:29 - [MESSAGE][PASSED] - Text 'Ashavini' is set on object 'Object Repository/Folder 1/Page_Counterparty Limit Monitoring/input_USERID_GridView1ctl01txt (15)'

2018-11-21 17:12:31 - [TEST_STEP][PASSED] - delay: Delayed 2 second(s)

2018-11-21 17:12:33 - [MESSAGE][PASSED] - Delayed 2 second(s)

2018-11-21 17:12:33 - [TEST_STEP][PASSED] - click: Object: 'Object Repository/Folder 1/Page_Counterparty Limit Monitoring/input_USERID_GridView1ctl01btn (1)' is clicked on

2018-11-21 17:12:42 - [MESSAGE][PASSED] - Object: 'Object Repository/Folder 1/Page_Counterparty Limit Monitoring/input_USERID_GridView1ctl01btn (1)' is clicked on

2018-11-21 17:12:44 - [TEST_STEP][PASSED] - delay: Delayed 2 second(s)

2018-11-21 17:12:46 - [MESSAGE][PASSED] - Delayed 2 second(s)

2018-11-21 17:12:46 - [TEST_STEP][PASSED] - click: Object: 'Object Repository/Folder 1/Page_Counterparty Limit Monitoring/span_ASHAVINI' is clicked on

2018-11-21 17:12:50 - [MESSAGE][PASSED] - Object: 'Object Repository/Folder 1/Page_Counterparty Limit Monitoring/span_ASHAVINI' is clicked on

2018-11-21 17:12:52 - [TEST_STEP][PASSED] - delay: Delayed 2 second(s)

2018-11-21 17:12:54 - [MESSAGE][PASSED] - Delayed 2 second(s)

2018-11-21 17:12:54 - [TEST_STEP][PASSED] - setText: Text 'On Request initiate to check withdraw flow' is set on object 'Object Repository/WD Objects/MK Initiate/Page_Counterparty Limit Monitoring/textarea_Maker Remark_ctl00Mai'

2018-11-21 17:12:59 - [MESSAGE][PASSED] - Text 'On Request initiate to check withdraw flow' is set on object 'Object Repository/WD Objects/MK Initiate/Page_Counterparty Limit Monitoring/textarea_Maker Remark_ctl00Mai'

2018-11-21 17:12:59 - [TEST_STEP][FAILED] - selectOptionByValue: Unable to select option by value 'SG' of object 'Object Repository/WD Objects/MK Initiate/Page_Counterparty Limit Monitoring/select_--SELECT--INDIASINGAPOR'  using regular expression (Root cause: org.openqa.selenium.StaleElementReferenceException: stale element reference: element is not attached to the page document
  (Session info: chrome=70.0.3538.102)
  (Driver info: chromedriver=2.43.600210 (68dcf5eebde37173d4027fa8635e332711d2874a),platform=Windows NT 6.3.9600 x86_64) (WARNING: The server did not provide any stacktrace information)
Command duration or timeout: 0 milliseconds
For documentation on this error, please visit: http://seleniumhq.org/exceptions/stale_element_reference.html
Build info: version: '3.7.1', revision: '8a0099a', time: '2017-11-06T21:07:36.161Z'
System info: host: 'COMP116', ip: '192.168.50.116', os.name: 'Windows 8.1', os.arch: 'amd64', os.version: '6.3', java.version: '1.8.0_181'
Driver info: com.kms.katalon.selenium.driver.CChromeDriver
Capabilities {acceptInsecureCerts: false, acceptSslCerts: false, applicationCacheEnabled: false, browserConnectionEnabled: false, browserName: chrome, chrome: {chromedriverVersion: 2.43.600210 (68dcf5eebde371..., userDataDir: C:\Users\ashavini\AppData\L...}, cssSelectorsEnabled: true, databaseEnabled: false, goog:chromeOptions: {debuggerAddress: localhost:5709}, handlesAlerts: true, hasTouchScreen: false, javascriptEnabled: true, locationContextEnabled: true, mobileEmulationEnabled: false, nativeEvents: true, networkConnectionEnabled: false, pageLoadStrategy: normal, platform: XP, platformName: XP, rotatable: false, setWindowRect: true, takesHeapSnapshot: true, takesScreenshot: true, unexpectedAlertBehaviour: , unhandledPromptBehavior: , version: 70.0.3538.102, webStorageEnabled: true}
Session ID: 55e3bc2280abd7d291eb50392efb5bee)

2018-11-21 17:13:19 - [MESSAGE][FAILED] - Unable to select option by value 'SG' of object 'Object Repository/WD Objects/MK Initiate/Page_Counterparty Limit Monitoring/select_--SELECT--INDIASINGAPOR'  using regular expression (Root cause: org.openqa.selenium.StaleElementReferenceException: stale element reference: element is not attached to the page document
  (Session info: chrome=70.0.3538.102)
  (Driver info: chromedriver=2.43.600210 (68dcf5eebde37173d4027fa8635e332711d2874a),platform=Windows NT 6.3.9600 x86_64) (WARNING: The server did not provide any stacktrace information)
Command duration or timeout: 0 milliseconds
For documentation on this error, please visit: http://seleniumhq.org/exceptions/stale_element_reference.html
Build info: version: '3.7.1', revision: '8a0099a', time: '2017-11-06T21:07:36.161Z'
System info: host: 'COMP116', ip: '192.168.50.116', os.name: 'Windows 8.1', os.arch: 'amd64', os.version: '6.3', java.version: '1.8.0_181'
Driver info: com.kms.katalon.selenium.driver.CChromeDriver
Capabilities {acceptInsecureCerts: false, acceptSslCerts: false, applicationCacheEnabled: false, browserConnectionEnabled: false, browserName: chrome, chrome: {chromedriverVersion: 2.43.600210 (68dcf5eebde371..., userDataDir: C:\Users\ashavini\AppData\L...}, cssSelectorsEnabled: true, databaseEnabled: false, goog:chromeOptions: {debuggerAddress: localhost:5709}, handlesAlerts: true, hasTouchScreen: false, javascriptEnabled: true, locationContextEnabled: true, mobileEmulationEnabled: false, nativeEvents: true, networkConnectionEnabled: false, pageLoadStrategy: normal, platform: XP, platformName: XP, rotatable: false, setWindowRect: true, takesHeapSnapshot: true, takesScreenshot: true, unexpectedAlertBehaviour: , unhandledPromptBehavior: , version: 70.0.3538.102, webStorageEnabled: true}
Session ID: 55e3bc2280abd7d291eb50392efb5bee)
[[ATTACHMENT|C:\\Users\\ashavini\\Desktop\\Katalon\\Ankita\\LERMS_CP\\LERMS_CP\\Reports\\CHK1 Approve WD List\\20181121_170935\\1542800598099.png]]

2018-11-21 17:13:19 - [TEST_STEP][PASSED] - setText: Text '10' is set on object 'Object Repository/WD Objects/MK Initiate/Page_Counterparty Limit Monitoring/input_DERIVATIVE_ctl00MainCont'

2018-11-21 17:13:23 - [MESSAGE][PASSED] - Text '10' is set on object 'Object Repository/WD Objects/MK Initiate/Page_Counterparty Limit Monitoring/input_DERIVATIVE_ctl00MainCont'

2018-11-21 17:13:23 - [TEST_STEP][PASSED] - delay: Delayed 2 second(s)

2018-11-21 17:13:25 - [MESSAGE][PASSED] - Delayed 2 second(s)

2018-11-21 17:13:25 - [TEST_STEP][PASSED] - sendKeys: Keys 'TAB + ' sent to object: 'Object Repository/Folder 1/Page_Counterparty Limit Monitoring/Page_Counterparty Limit Monitoring/input_CREDIT LIMITS_ctl00MainC'

2018-11-21 17:13:28 - [MESSAGE][PASSED] - Keys 'TAB + ' sent to object: 'Object Repository/Folder 1/Page_Counterparty Limit Monitoring/Page_Counterparty Limit Monitoring/input_CREDIT LIMITS_ctl00MainC'

2018-11-21 17:13:28 - [TEST_STEP][FAILED] - selectOptionByValue: Unable to select option by value 'IN' of object 'Object Repository/WD Objects/MK Initiate/Page_Counterparty Limit Monitoring/select_--SELECT--INDIASINGAPOR_1'  using regular expression (Root cause: org.openqa.selenium.StaleElementReferenceException: stale element reference: element is not attached to the page document
  (Session info: chrome=70.0.3538.102)
  (Driver info: chromedriver=2.43.600210 (68dcf5eebde37173d4027fa8635e332711d2874a),platform=Windows NT 6.3.9600 x86_64) (WARNING: The server did not provide any stacktrace information)
Command duration or timeout: 0 milliseconds
For documentation on this error, please visit: http://seleniumhq.org/exceptions/stale_element_reference.html
Build info: version: '3.7.1', revision: '8a0099a', time: '2017-11-06T21:07:36.161Z'
System info: host: 'COMP116', ip: '192.168.50.116', os.name: 'Windows 8.1', os.arch: 'amd64', os.version: '6.3', java.version: '1.8.0_181'
Driver info: com.kms.katalon.selenium.driver.CChromeDriver
Capabilities {acceptInsecureCerts: false, acceptSslCerts: false, applicationCacheEnabled: false, browserConnectionEnabled: false, browserName: chrome, chrome: {chromedriverVersion: 2.43.600210 (68dcf5eebde371..., userDataDir: C:\Users\ashavini\AppData\L...}, cssSelectorsEnabled: true, databaseEnabled: false, goog:chromeOptions: {debuggerAddress: localhost:5709}, handlesAlerts: true, hasTouchScreen: false, javascriptEnabled: true, locationContextEnabled: true, mobileEmulationEnabled: false, nativeEvents: true, networkConnectionEnabled: false, pageLoadStrategy: normal, platform: XP, platformName: XP, rotatable: false, setWindowRect: true, takesHeapSnapshot: true, takesScreenshot: true, unexpectedAlertBehaviour: , unhandledPromptBehavior: , version: 70.0.3538.102, webStorageEnabled: true}
Session ID: 55e3bc2280abd7d291eb50392efb5bee)

2018-11-21 17:13:45 - [MESSAGE][FAILED] - Unable to select option by value 'IN' of object 'Object Repository/WD Objects/MK Initiate/Page_Counterparty Limit Monitoring/select_--SELECT--INDIASINGAPOR_1'  using regular expression (Root cause: org.openqa.selenium.StaleElementReferenceException: stale element reference: element is not attached to the page document
  (Session info: chrome=70.0.3538.102)
  (Driver info: chromedriver=2.43.600210 (68dcf5eebde37173d4027fa8635e332711d2874a),platform=Windows NT 6.3.9600 x86_64) (WARNING: The server did not provide any stacktrace information)
Command duration or timeout: 0 milliseconds
For documentation on this error, please visit: http://seleniumhq.org/exceptions/stale_element_reference.html
Build info: version: '3.7.1', revision: '8a0099a', time: '2017-11-06T21:07:36.161Z'
System info: host: 'COMP116', ip: '192.168.50.116', os.name: 'Windows 8.1', os.arch: 'amd64', os.version: '6.3', java.version: '1.8.0_181'
Driver info: com.kms.katalon.selenium.driver.CChromeDriver
Capabilities {acceptInsecureCerts: false, acceptSslCerts: false, applicationCacheEnabled: false, browserConnectionEnabled: false, browserName: chrome, chrome: {chromedriverVersion: 2.43.600210 (68dcf5eebde371..., userDataDir: C:\Users\ashavini\AppData\L...}, cssSelectorsEnabled: true, databaseEnabled: false, goog:chromeOptions: {debuggerAddress: localhost:5709}, handlesAlerts: true, hasTouchScreen: false, javascriptEnabled: true, locationContextEnabled: true, mobileEmulationEnabled: false, nativeEvents: true, networkConnectionEnabled: false, pageLoadStrategy: normal, platform: XP, platformName: XP, rotatable: false, setWindowRect: true, takesHeapSnapshot: true, takesScreenshot: true, unexpectedAlertBehaviour: , unhandledPromptBehavior: , version: 70.0.3538.102, webStorageEnabled: true}
Session ID: 55e3bc2280abd7d291eb50392efb5bee)
[[ATTACHMENT|C:\\Users\\ashavini\\Desktop\\Katalon\\Ankita\\LERMS_CP\\LERMS_CP\\Reports\\CHK1 Approve WD List\\20181121_170935\\1542800623756.png]]

2018-11-21 17:13:45 - [TEST_STEP][PASSED] - setText: Text '1' is set on object 'Object Repository/WD Objects/MK Initiate/Page_Counterparty Limit Monitoring/input_DERIVATIVE_ctl00MainCont_2'

2018-11-21 17:13:49 - [MESSAGE][PASSED] - Text '1' is set on object 'Object Repository/WD Objects/MK Initiate/Page_Counterparty Limit Monitoring/input_DERIVATIVE_ctl00MainCont_2'

2018-11-21 17:13:49 - [TEST_STEP][PASSED] - delay: Delayed 2 second(s)

2018-11-21 17:13:51 - [MESSAGE][PASSED] - Delayed 2 second(s)

2018-11-21 17:13:51 - [TEST_STEP][PASSED] - sendKeys: Keys 'TAB + ' sent to object: 'Object Repository/Folder 1/Page_Counterparty Limit Monitoring/Page_Counterparty Limit Monitoring/input_CREDIT LIMITS_ctl00MainC'

2018-11-21 17:13:53 - [MESSAGE][PASSED] - Keys 'TAB + ' sent to object: 'Object Repository/Folder 1/Page_Counterparty Limit Monitoring/Page_Counterparty Limit Monitoring/input_CREDIT LIMITS_ctl00MainC'

2018-11-21 17:13:53 - [TEST_STEP][PASSED] - delay: Delayed 2 second(s)

2018-11-21 17:13:55 - [MESSAGE][PASSED] - Delayed 2 second(s)

2018-11-21 17:13:55 - [TEST_STEP][PASSED] - scrollToElement: Scroll to object 'Object Repository/Folder 1/Page_Counterparty Limit Monitoring/input_()Mandatory Fields_ctl00' successfully

2018-11-21 17:13:57 - [MESSAGE][PASSED] - Scroll to object 'Object Repository/Folder 1/Page_Counterparty Limit Monitoring/input_()Mandatory Fields_ctl00' successfully

2018-11-21 17:13:57 - [TEST_STEP][PASSED] - delay: Delayed 3 second(s)

2018-11-21 17:14:00 - [MESSAGE][PASSED] - Delayed 3 second(s)

2018-11-21 17:14:00 - [TEST_STEP][PASSED] - takeScreenshot: Taking screenshot successfully

2018-11-21 17:14:02 - [MESSAGE][PASSED] - Taking screenshot successfully
[[ATTACHMENT|C:\\Users\\ashavini\\Desktop\\Katalon\\Ankita\\Automation Project\\LERMS_Counterparty\\Screenshots\\MakerInitiation.png]]

2018-11-21 17:14:02 - [TEST_STEP][PASSED] - click: Object: 'Object Repository/Folder 1/Page_Counterparty Limit Monitoring/input_()Mandatory Fields_ctl00' is clicked on

2018-11-21 17:14:04 - [MESSAGE][PASSED] - Object: 'Object Repository/Folder 1/Page_Counterparty Limit Monitoring/input_()Mandatory Fields_ctl00' is clicked on

2018-11-21 17:14:04 - [TEST_STEP][PASSED] - waitForAlert: Alert is present after 20 second(s).

2018-11-21 17:14:08 - [MESSAGE][PASSED] - Alert is present after 20 second(s).

2018-11-21 17:14:08 - [TEST_STEP][PASSED] - Statement - alertText = com.kms.katalon.core.webui.keyword.WebUiBuiltInKeywords.getAlertText(): Get alert text successfully: 'Limit Transfered successfully'

2018-11-21 17:14:10 - [MESSAGE][PASSED] - Get alert text successfully: 'Limit Transfered successfully'

2018-11-21 17:14:10 - [TEST_STEP][PASSED] - verifyMatch: Actual text 'Limit Transfered successfully' and expected text 'Limit Transfered successfully' are matched 

2018-11-21 17:14:10 - [MESSAGE][PASSED] - Actual text 'Limit Transfered successfully' and expected text 'Limit Transfered successfully' are matched 

2018-11-21 17:14:10 - [TEST_STEP][PASSED] - acceptAlert: Alert accepted

2018-11-21 17:14:12 - [MESSAGE][PASSED] - Alert accepted

2018-11-21 17:14:12 - [TEST_STEP][PASSED] - delay: Delayed 4 second(s)

2018-11-21 17:14:16 - [MESSAGE][PASSED] - Delayed 4 second(s)]]></system-out>
         <system-err><![CDATA[2018-11-21 17:09:38 - [TEST_CASE][FAILED] - Test Cases/MK_Initiate_WD: Test Cases/MK_Initiate_WD FAILED because (of) (Stack trace: com.kms.katalon.core.exception.StepFailedException: Unable to select option by value 'SG' of object 'Object Repository/WD Objects/MK Initiate/Page_Counterparty Limit Monitoring/select_--SELECT--INDIASINGAPOR'  using regular expression (Root cause: org.openqa.selenium.StaleElementReferenceException: stale element reference: element is not attached to the page document
  (Session info: chrome=70.0.3538.102)
  (Driver info: chromedriver=2.43.600210 (68dcf5eebde37173d4027fa8635e332711d2874a),platform=Windows NT 6.3.9600 x86_64) (WARNING: The server did not provide any stacktrace information)
Command duration or timeout: 0 milliseconds
For documentation on this error, please visit: http://seleniumhq.org/exceptions/stale_element_reference.html
Build info: version: '3.7.1', revision: '8a0099a', time: '2017-11-06T21:07:36.161Z'
System info: host: 'COMP116', ip: '192.168.50.116', os.name: 'Windows 8.1', os.arch: 'amd64', os.version: '6.3', java.version: '1.8.0_181'
Driver info: com.kms.katalon.selenium.driver.CChromeDriver
Capabilities {acceptInsecureCerts: false, acceptSslCerts: false, applicationCacheEnabled: false, browserConnectionEnabled: false, browserName: chrome, chrome: {chromedriverVersion: 2.43.600210 (68dcf5eebde371..., userDataDir: C:\Users\ashavini\AppData\L...}, cssSelectorsEnabled: true, databaseEnabled: false, goog:chromeOptions: {debuggerAddress: localhost:5709}, handlesAlerts: true, hasTouchScreen: false, javascriptEnabled: true, locationContextEnabled: true, mobileEmulationEnabled: false, nativeEvents: true, networkConnectionEnabled: false, pageLoadStrategy: normal, platform: XP, platformName: XP, rotatable: false, setWindowRect: true, takesHeapSnapshot: true, takesScreenshot: true, unexpectedAlertBehaviour: , unhandledPromptBehavior: , version: 70.0.3538.102, webStorageEnabled: true}
Session ID: 55e3bc2280abd7d291eb50392efb5bee)
	at com.kms.katalon.core.keyword.internal.KeywordMain.stepFailed(KeywordMain.groovy:32)
	at com.kms.katalon.core.webui.keyword.internal.WebUIKeywordMain.stepFailed(WebUIKeywordMain.groovy:65)
	at com.kms.katalon.core.webui.keyword.internal.WebUIKeywordMain.runKeyword(WebUIKeywordMain.groovy:27)
	at com.kms.katalon.core.webui.keyword.builtin.SelectOptionByValueKeyword.selectOptionByValue(SelectOptionByValueKeyword.groovy:99)
	at com.kms.katalon.core.webui.keyword.builtin.SelectOptionByValueKeyword.execute(SelectOptionByValueKeyword.groovy:71)
	at com.kms.katalon.core.keyword.internal.KeywordExecutor.executeKeywordForPlatform(KeywordExecutor.groovy:53)
	at com.kms.katalon.core.webui.keyword.WebUiBuiltInKeywords.selectOptionByValue(WebUiBuiltInKeywords.groovy:1138)
	at com.kms.katalon.core.webui.keyword.WebUiBuiltInKeywords$selectOptionByValue$10.call(Unknown Source)
	at org.codehaus.groovy.runtime.callsite.CallSiteArray.defaultCall(CallSiteArray.java:48)
	at org.codehaus.groovy.runtime.callsite.AbstractCallSite.call(AbstractCallSite.java:113)
	at org.codehaus.groovy.runtime.callsite.AbstractCallSite.call(AbstractCallSite.java:141)
	at Script1542782649460.run(Script1542782649460.groovy:132)
	at com.kms.katalon.core.main.ScriptEngine.run(ScriptEngine.java:183)
	at com.kms.katalon.core.main.ScriptEngine.runScriptAsRawText(ScriptEngine.java:108)
	at com.kms.katalon.core.main.TestCaseExecutor.runScript(TestCaseExecutor.java:294)
	at com.kms.katalon.core.main.TestCaseExecutor.doExecute(TestCaseExecutor.java:285)
	at com.kms.katalon.core.main.TestCaseExecutor.processExecutionPhase(TestCaseExecutor.java:264)
	at com.kms.katalon.core.main.TestCaseExecutor.accessMainPhase(TestCaseExecutor.java:256)
	at com.kms.katalon.core.main.TestCaseExecutor.execute(TestCaseExecutor.java:200)
	at com.kms.katalon.core.main.TestSuiteExecutor.accessTestCaseMainPhase(TestSuiteExecutor.java:129)
	at com.kms.katalon.core.main.TestSuiteExecutor.accessTestSuiteMainPhase(TestSuiteExecutor.java:112)
	at com.kms.katalon.core.main.TestSuiteExecutor.execute(TestSuiteExecutor.java:81)
	at com.kms.katalon.core.main.TestCaseMain.startTestSuite(TestCaseMain.java:142)
	at com.kms.katalon.core.main.TestCaseMain$startTestSuite$0.call(Unknown Source)
	at org.codehaus.groovy.runtime.callsite.CallSiteArray.defaultCall(CallSiteArray.java:48)
	at org.codehaus.groovy.runtime.callsite.AbstractCallSite.call(AbstractCallSite.java:113)
	at org.codehaus.groovy.runtime.callsite.AbstractCallSite.call(AbstractCallSite.java:141)
	at TempTestSuite1542800375660.run(TempTestSuite1542800375660.groovy:36)
	at groovy.lang.GroovyShell.runScriptOrMainOrTestOrRunnable(GroovyShell.java:263)
	at groovy.lang.GroovyShell.run(GroovyShell.java:518)
	at groovy.lang.GroovyShell.run(GroovyShell.java:507)
	at groovy.ui.GroovyMain.processOnce(GroovyMain.java:653)
	at groovy.ui.GroovyMain.run(GroovyMain.java:384)
	at groovy.ui.GroovyMain.process(GroovyMain.java:370)
	at groovy.ui.GroovyMain.processArgs(GroovyMain.java:129)
	at groovy.ui.GroovyMain.main(GroovyMain.java:109)
	at sun.reflect.NativeMethodAccessorImpl.invoke0(Native Method)
	at sun.reflect.NativeMethodAccessorImpl.invoke(NativeMethodAccessorImpl.java:62)
	at sun.reflect.DelegatingMethodAccessorImpl.invoke(DelegatingMethodAccessorImpl.java:43)
	at java.lang.reflect.Method.invoke(Method.java:498)
	at org.codehaus.groovy.tools.GroovyStarter.rootLoader(GroovyStarter.java:109)
	at org.codehaus.groovy.tools.GroovyStarter.main(GroovyStarter.java:131)
)]]></system-err>
      </testcase>
      <testcase name="Test Cases/Checker 1 Approve" classname="Test Cases/Checker 1 Approve" status="FAILED">
         <failure type="FAILED" message="(Stack trace: com.kms.katalon.core.exception.StepFailedException: Unable to click on object 'Object Repository/Folder 1/Page_Counterparty Limit Monitoring/a_Logout' (Root cause: org.openqa.selenium.ElementNotVisibleException: element not interactable
  (Session info: chrome=70.0.3538.102)
  (Driver info: chromedriver=2.43.600210 (68dcf5eebde37173d4027fa8635e332711d2874a),platform=Windows NT 6.3.9600 x86_64) (WARNING: The server did not provide any stacktrace information)
Command duration or timeout: 0 milliseconds
Build info: version: '3.7.1', revision: '8a0099a', time: '2017-11-06T21:07:36.161Z'
System info: host: 'COMP116', ip: '192.168.50.116', os.name: 'Windows 8.1', os.arch: 'amd64', os.version: '6.3', java.version: '1.8.0_181'
Driver info: com.kms.katalon.selenium.driver.CChromeDriver
Capabilities {acceptInsecureCerts: false, acceptSslCerts: false, applicationCacheEnabled: false, browserConnectionEnabled: false, browserName: chrome, chrome: {chromedriverVersion: 2.43.600210 (68dcf5eebde371..., userDataDir: C:\Users\ashavini\AppData\L...}, cssSelectorsEnabled: true, databaseEnabled: false, goog:chromeOptions: {debuggerAddress: localhost:5934}, handlesAlerts: true, hasTouchScreen: false, javascriptEnabled: true, locationContextEnabled: true, mobileEmulationEnabled: false, nativeEvents: true, networkConnectionEnabled: false, pageLoadStrategy: normal, platform: XP, platformName: XP, rotatable: false, setWindowRect: true, takesHeapSnapshot: true, takesScreenshot: true, unexpectedAlertBehaviour: , unhandledPromptBehavior: , version: 70.0.3538.102, webStorageEnabled: true}
Session ID: bcfb708fdc63fc445efaa97d1a3e48fd)
	at com.kms.katalon.core.keyword.internal.KeywordMain.stepFailed(KeywordMain.groovy:32)
	at com.kms.katalon.core.webui.keyword.internal.WebUIKeywordMain.stepFailed(WebUIKeywordMain.groovy:65)
	at com.kms.katalon.core.webui.keyword.internal.WebUIKeywordMain.runKeyword(WebUIKeywordMain.groovy:27)
	at com.kms.katalon.core.webui.keyword.builtin.ClickKeyword.click(ClickKeyword.groovy:86)
	at com.kms.katalon.core.webui.keyword.builtin.ClickKeyword.execute(ClickKeyword.groovy:67)
	at com.kms.katalon.core.keyword.internal.KeywordExecutor.executeKeywordForPlatform(KeywordExecutor.groovy:53)
	at com.kms.katalon.core.webui.keyword.WebUiBuiltInKeywords.click(WebUiBuiltInKeywords.groovy:616)
	at com.kms.katalon.core.webui.keyword.WebUiBuiltInKeywords$click$3.call(Unknown Source)
	at org.codehaus.groovy.runtime.callsite.CallSiteArray.defaultCall(CallSiteArray.java:48)
	at org.codehaus.groovy.runtime.callsite.AbstractCallSite.call(AbstractCallSite.java:113)
	at org.codehaus.groovy.runtime.callsite.AbstractCallSite.call(AbstractCallSite.java:125)
	at Script1542695773372.run(Script1542695773372.groovy:84)
	at com.kms.katalon.core.main.ScriptEngine.run(ScriptEngine.java:183)
	at com.kms.katalon.core.main.ScriptEngine.runScriptAsRawText(ScriptEngine.java:108)
	at com.kms.katalon.core.main.TestCaseExecutor.runScript(TestCaseExecutor.java:294)
	at com.kms.katalon.core.main.TestCaseExecutor.doExecute(TestCaseExecutor.java:285)
	at com.kms.katalon.core.main.TestCaseExecutor.processExecutionPhase(TestCaseExecutor.java:264)
	at com.kms.katalon.core.main.TestCaseExecutor.accessMainPhase(TestCaseExecutor.java:256)
	at com.kms.katalon.core.main.TestCaseExecutor.execute(TestCaseExecutor.java:200)
	at com.kms.katalon.core.main.TestSuiteExecutor.accessTestCaseMainPhase(TestSuiteExecutor.java:129)
	at com.kms.katalon.core.main.TestSuiteExecutor.accessTestSuiteMainPhase(TestSuiteExecutor.java:112)
	at com.kms.katalon.core.main.TestSuiteExecutor.execute(TestSuiteExecutor.java:81)
	at com.kms.katalon.core.main.TestCaseMain.startTestSuite(TestCaseMain.java:142)
	at com.kms.katalon.core.main.TestCaseMain$startTestSuite$0.call(Unknown Source)
	at org.codehaus.groovy.runtime.callsite.CallSiteArray.defaultCall(CallSiteArray.java:48)
	at org.codehaus.groovy.runtime.callsite.AbstractCallSite.call(AbstractCallSite.java:113)
	at org.codehaus.groovy.runtime.callsite.AbstractCallSite.call(AbstractCallSite.java:141)
	at TempTestSuite1542800375660.run(TempTestSuite1542800375660.groovy:36)
	at groovy.lang.GroovyShell.runScriptOrMainOrTestOrRunnable(GroovyShell.java:263)
	at groovy.lang.GroovyShell.run(GroovyShell.java:518)
	at groovy.lang.GroovyShell.run(GroovyShell.java:507)
	at groovy.ui.GroovyMain.processOnce(GroovyMain.java:653)
	at groovy.ui.GroovyMain.run(GroovyMain.java:384)
	at groovy.ui.GroovyMain.process(GroovyMain.java:370)
	at groovy.ui.GroovyMain.processArgs(GroovyMain.java:129)
	at groovy.ui.GroovyMain.main(GroovyMain.java:109)
	at sun.reflect.NativeMethodAccessorImpl.invoke0(Native Method)
	at sun.reflect.NativeMethodAccessorImpl.invoke(NativeMethodAccessorImpl.java:62)
	at sun.reflect.DelegatingMethodAccessorImpl.invoke(DelegatingMethodAccessorImpl.java:43)
	at java.lang.reflect.Method.invoke(Method.java:498)
	at org.codehaus.groovy.tools.GroovyStarter.rootLoader(GroovyStarter.java:109)
	at org.codehaus.groovy.tools.GroovyStarter.main(GroovyStarter.java:131)
)"/>
         <system-out><![CDATA[2018-11-21 17:14:19 - [TEST_CASE][FAILED] - Test Cases/Checker 1 Approve: Test Cases/Checker 1 Approve FAILED because (of) (Stack trace: com.kms.katalon.core.exception.StepFailedException: Unable to click on object 'Object Repository/Folder 1/Page_Counterparty Limit Monitoring/a_Logout' (Root cause: org.openqa.selenium.ElementNotVisibleException: element not interactable
  (Session info: chrome=70.0.3538.102)
  (Driver info: chromedriver=2.43.600210 (68dcf5eebde37173d4027fa8635e332711d2874a),platform=Windows NT 6.3.9600 x86_64) (WARNING: The server did not provide any stacktrace information)
Command duration or timeout: 0 milliseconds
Build info: version: '3.7.1', revision: '8a0099a', time: '2017-11-06T21:07:36.161Z'
System info: host: 'COMP116', ip: '192.168.50.116', os.name: 'Windows 8.1', os.arch: 'amd64', os.version: '6.3', java.version: '1.8.0_181'
Driver info: com.kms.katalon.selenium.driver.CChromeDriver
Capabilities {acceptInsecureCerts: false, acceptSslCerts: false, applicationCacheEnabled: false, browserConnectionEnabled: false, browserName: chrome, chrome: {chromedriverVersion: 2.43.600210 (68dcf5eebde371..., userDataDir: C:\Users\ashavini\AppData\L...}, cssSelectorsEnabled: true, databaseEnabled: false, goog:chromeOptions: {debuggerAddress: localhost:5934}, handlesAlerts: true, hasTouchScreen: false, javascriptEnabled: true, locationContextEnabled: true, mobileEmulationEnabled: false, nativeEvents: true, networkConnectionEnabled: false, pageLoadStrategy: normal, platform: XP, platformName: XP, rotatable: false, setWindowRect: true, takesHeapSnapshot: true, takesScreenshot: true, unexpectedAlertBehaviour: , unhandledPromptBehavior: , version: 70.0.3538.102, webStorageEnabled: true}
Session ID: bcfb708fdc63fc445efaa97d1a3e48fd)
	at com.kms.katalon.core.keyword.internal.KeywordMain.stepFailed(KeywordMain.groovy:32)
	at com.kms.katalon.core.webui.keyword.internal.WebUIKeywordMain.stepFailed(WebUIKeywordMain.groovy:65)
	at com.kms.katalon.core.webui.keyword.internal.WebUIKeywordMain.runKeyword(WebUIKeywordMain.groovy:27)
	at com.kms.katalon.core.webui.keyword.builtin.ClickKeyword.click(ClickKeyword.groovy:86)
	at com.kms.katalon.core.webui.keyword.builtin.ClickKeyword.execute(ClickKeyword.groovy:67)
	at com.kms.katalon.core.keyword.internal.KeywordExecutor.executeKeywordForPlatform(KeywordExecutor.groovy:53)
	at com.kms.katalon.core.webui.keyword.WebUiBuiltInKeywords.click(WebUiBuiltInKeywords.groovy:616)
	at com.kms.katalon.core.webui.keyword.WebUiBuiltInKeywords$click$3.call(Unknown Source)
	at org.codehaus.groovy.runtime.callsite.CallSiteArray.defaultCall(CallSiteArray.java:48)
	at org.codehaus.groovy.runtime.callsite.AbstractCallSite.call(AbstractCallSite.java:113)
	at org.codehaus.groovy.runtime.callsite.AbstractCallSite.call(AbstractCallSite.java:125)
	at Script1542695773372.run(Script1542695773372.groovy:84)
	at com.kms.katalon.core.main.ScriptEngine.run(ScriptEngine.java:183)
	at com.kms.katalon.core.main.ScriptEngine.runScriptAsRawText(ScriptEngine.java:108)
	at com.kms.katalon.core.main.TestCaseExecutor.runScript(TestCaseExecutor.java:294)
	at com.kms.katalon.core.main.TestCaseExecutor.doExecute(TestCaseExecutor.java:285)
	at com.kms.katalon.core.main.TestCaseExecutor.processExecutionPhase(TestCaseExecutor.java:264)
	at com.kms.katalon.core.main.TestCaseExecutor.accessMainPhase(TestCaseExecutor.java:256)
	at com.kms.katalon.core.main.TestCaseExecutor.execute(TestCaseExecutor.java:200)
	at com.kms.katalon.core.main.TestSuiteExecutor.accessTestCaseMainPhase(TestSuiteExecutor.java:129)
	at com.kms.katalon.core.main.TestSuiteExecutor.accessTestSuiteMainPhase(TestSuiteExecutor.java:112)
	at com.kms.katalon.core.main.TestSuiteExecutor.execute(TestSuiteExecutor.java:81)
	at com.kms.katalon.core.main.TestCaseMain.startTestSuite(TestCaseMain.java:142)
	at com.kms.katalon.core.main.TestCaseMain$startTestSuite$0.call(Unknown Source)
	at org.codehaus.groovy.runtime.callsite.CallSiteArray.defaultCall(CallSiteArray.java:48)
	at org.codehaus.groovy.runtime.callsite.AbstractCallSite.call(AbstractCallSite.java:113)
	at org.codehaus.groovy.runtime.callsite.AbstractCallSite.call(AbstractCallSite.java:141)
	at TempTestSuite1542800375660.run(TempTestSuite1542800375660.groovy:36)
	at groovy.lang.GroovyShell.runScriptOrMainOrTestOrRunnable(GroovyShell.java:263)
	at groovy.lang.GroovyShell.run(GroovyShell.java:518)
	at groovy.lang.GroovyShell.run(GroovyShell.java:507)
	at groovy.ui.GroovyMain.processOnce(GroovyMain.java:653)
	at groovy.ui.GroovyMain.run(GroovyMain.java:384)
	at groovy.ui.GroovyMain.process(GroovyMain.java:370)
	at groovy.ui.GroovyMain.processArgs(GroovyMain.java:129)
	at groovy.ui.GroovyMain.main(GroovyMain.java:109)
	at sun.reflect.NativeMethodAccessorImpl.invoke0(Native Method)
	at sun.reflect.NativeMethodAccessorImpl.invoke(NativeMethodAccessorImpl.java:62)
	at sun.reflect.DelegatingMethodAccessorImpl.invoke(DelegatingMethodAccessorImpl.java:43)
	at java.lang.reflect.Method.invoke(Method.java:498)
	at org.codehaus.groovy.tools.GroovyStarter.rootLoader(GroovyStarter.java:109)
	at org.codehaus.groovy.tools.GroovyStarter.main(GroovyStarter.java:131)
)

2018-11-21 17:14:19 - [TEST_STEP][PASSED] - openBrowser: Browser is opened with url: ''

2018-11-21 17:14:19 - [MESSAGE][WARNING] - A browser is already opened. Closing browser and opening a new one

2018-11-21 17:14:27 - [MESSAGE][PASSED] - Browser is opened with url: ''

2018-11-21 17:14:27 - [TEST_STEP][PASSED] - maximizeWindow: Current window maximized

2018-11-21 17:14:29 - [MESSAGE][PASSED] - Current window maximized

2018-11-21 17:14:29 - [TEST_STEP][PASSED] - navigateToUrl: Navigate to 'http://siachen:8003/AXIS_LERM_WEB_UAT_V4/login.aspx' successfully

2018-11-21 17:14:31 - [MESSAGE][PASSED] - Navigate to 'http://siachen:8003/AXIS_LERM_WEB_UAT_V4/login.aspx' successfully

2018-11-21 17:14:31 - [TEST_STEP][PASSED] - setText: Text 'Ankita' is set on object 'Object Repository/Checker 1 Forms Objects/Page_Loan Equivalent Risk System/input_User Name_ctl00MainConte'

2018-11-21 17:14:35 - [MESSAGE][PASSED] - Text 'Ankita' is set on object 'Object Repository/Checker 1 Forms Objects/Page_Loan Equivalent Risk System/input_User Name_ctl00MainConte'

2018-11-21 17:14:35 - [TEST_STEP][PASSED] - delay: Delayed 1 second(s)

2018-11-21 17:14:36 - [MESSAGE][PASSED] - Delayed 1 second(s)

2018-11-21 17:14:36 - [TEST_STEP][PASSED] - setEncryptedText: Text ****** has been set on object 'Object Repository/Checker 1 Forms Objects/Page_Loan Equivalent Risk System/input_Password_ctl00MainConten'

2018-11-21 17:14:39 - [MESSAGE][PASSED] - Text ****** has been set on object 'Object Repository/Checker 1 Forms Objects/Page_Loan Equivalent Risk System/input_Password_ctl00MainConten'

2018-11-21 17:14:39 - [TEST_STEP][PASSED] - click: Object: 'Object Repository/Checker 1 Forms Objects/Page_Loan Equivalent Risk System/input_Password_ctl00MainConten_1' is clicked on

2018-11-21 17:14:43 - [MESSAGE][PASSED] - Object: 'Object Repository/Checker 1 Forms Objects/Page_Loan Equivalent Risk System/input_Password_ctl00MainConten_1' is clicked on

2018-11-21 17:14:43 - [TEST_STEP][PASSED] - acceptAlert: Alert accepted

2018-11-21 17:14:45 - [MESSAGE][PASSED] - Alert accepted

2018-11-21 17:14:45 - [TEST_STEP][PASSED] - click: Object: 'Object Repository/Folder 1/Page_Loan Equivalent Risk System/a_Counterparty Limit Maintaine' is clicked on

2018-11-21 17:14:47 - [MESSAGE][PASSED] - Object: 'Object Repository/Folder 1/Page_Loan Equivalent Risk System/a_Counterparty Limit Maintaine' is clicked on

2018-11-21 17:14:47 - [TEST_STEP][PASSED] - delay: Delayed 2 second(s)

2018-11-21 17:14:49 - [MESSAGE][PASSED] - Delayed 2 second(s)

2018-11-21 17:14:49 - [TEST_STEP][PASSED] - switchToWindowIndex: Switched to window with index: '1'

2018-11-21 17:14:51 - [MESSAGE][PASSED] - Switched to window with index: '1'

2018-11-21 17:14:51 - [TEST_STEP][PASSED] - delay: Delayed 4 second(s)

2018-11-21 17:14:55 - [MESSAGE][PASSED] - Delayed 4 second(s)

2018-11-21 17:14:55 - [TEST_STEP][PASSED] - maximizeWindow: Current window maximized

2018-11-21 17:14:56 - [MESSAGE][PASSED] - Current window maximized

2018-11-21 17:14:56 - [TEST_STEP][PASSED] - mouseOver: Object: 'Object Repository/Checker 1 Forms Objects/Page_Counterparty Limit Monitoring/a_Authorization' is hovered

2018-11-21 17:15:01 - [MESSAGE][PASSED] - Object: 'Object Repository/Checker 1 Forms Objects/Page_Counterparty Limit Monitoring/a_Authorization' is hovered

2018-11-21 17:15:01 - [TEST_STEP][PASSED] - waitForElementVisible: Object 'Object Repository/Checker 1 Forms Objects/Page_Counterparty Limit Monitoring/a_Authorization' is visible

2018-11-21 17:15:03 - [MESSAGE][PASSED] - Object 'Object Repository/Checker 1 Forms Objects/Page_Counterparty Limit Monitoring/a_Authorization' is visible

2018-11-21 17:15:03 - [TEST_STEP][PASSED] - click: Object: 'Object Repository/Checker 1 Forms Objects/Page_Counterparty Limit Monitoring/a_Transfer Limit' is clicked on

2018-11-21 17:15:08 - [MESSAGE][PASSED] - Object: 'Object Repository/Checker 1 Forms Objects/Page_Counterparty Limit Monitoring/a_Transfer Limit' is clicked on

2018-11-21 17:15:08 - [TEST_STEP][PASSED] - takeScreenshot: Taking screenshot successfully

2018-11-21 17:15:10 - [MESSAGE][PASSED] - Taking screenshot successfully
[[ATTACHMENT|C:\\Users\\ashavini\\Desktop\\Katalon\\Ankita\\Automation Project\\LERMS_Counterparty\\Screenshots\\Checker1_Recorddetails.png]]

2018-11-21 17:15:10 - [TEST_STEP][PASSED] - click: Object: 'Object Repository/Checker 1 Forms Objects/Page_Counterparty Limit Monitoring/span_IN' is clicked on

2018-11-21 17:15:12 - [MESSAGE][PASSED] - Object: 'Object Repository/Checker 1 Forms Objects/Page_Counterparty Limit Monitoring/span_IN' is clicked on

2018-11-21 17:15:12 - [TEST_STEP][PASSED] - switchToWindowIndex: Switched to window with index: '2'

2018-11-21 17:15:14 - [MESSAGE][PASSED] - Switched to window with index: '2'

2018-11-21 17:15:14 - [TEST_STEP][PASSED] - click: Object: 'Object Repository/Checker 1 Forms Objects/Page_Counterparty Limit Monitoring/input_()Mandatory Fields_ctl00' is clicked on

2018-11-21 17:15:17 - [MESSAGE][PASSED] - Object: 'Object Repository/Checker 1 Forms Objects/Page_Counterparty Limit Monitoring/input_()Mandatory Fields_ctl00' is clicked on

2018-11-21 17:15:17 - [TEST_STEP][PASSED] - acceptAlert: Alert accepted

2018-11-21 17:15:19 - [MESSAGE][PASSED] - Alert accepted

2018-11-21 17:15:19 - [TEST_STEP][PASSED] - delay: Delayed 2 second(s)

2018-11-21 17:15:21 - [MESSAGE][PASSED] - Delayed 2 second(s)

2018-11-21 17:15:21 - [TEST_STEP][PASSED] - waitForAlert: Alert is present after 20 second(s).

2018-11-21 17:15:22 - [MESSAGE][PASSED] - Alert is present after 20 second(s).

2018-11-21 17:15:22 - [TEST_STEP][PASSED] - Statement - alertText = com.kms.katalon.core.webui.keyword.WebUiBuiltInKeywords.getAlertText(): Get alert text successfully: 'Record authorized successfully by Checker1'

2018-11-21 17:15:24 - [MESSAGE][PASSED] - Get alert text successfully: 'Record authorized successfully by Checker1'

2018-11-21 17:15:24 - [TEST_STEP][PASSED] - verifyMatch: Actual text 'Record authorized successfully by Checker1' and expected text 'Record authorized successfully by Checker1' are matched 

2018-11-21 17:15:24 - [MESSAGE][PASSED] - Actual text 'Record authorized successfully by Checker1' and expected text 'Record authorized successfully by Checker1' are matched 

2018-11-21 17:15:24 - [TEST_STEP][PASSED] - acceptAlert: Alert accepted

2018-11-21 17:15:26 - [MESSAGE][PASSED] - Alert accepted

2018-11-21 17:15:26 - [TEST_STEP][PASSED] - delay: Delayed 2 second(s)

2018-11-21 17:15:28 - [MESSAGE][PASSED] - Delayed 2 second(s)

2018-11-21 17:15:28 - [TEST_STEP][PASSED] - switchToWindowIndex: Switched to window with index: '1'

2018-11-21 17:15:30 - [MESSAGE][PASSED] - Switched to window with index: '1'

2018-11-21 17:15:30 - [TEST_STEP][PASSED] - delay: Delayed 3 second(s)

2018-11-21 17:15:33 - [MESSAGE][PASSED] - Delayed 3 second(s)

2018-11-21 17:15:33 - [TEST_STEP][PASSED] - click: Object: 'Object Repository/Checker 1 Forms Objects/Page_Counterparty Limit Monitoring/ul_ANKITA (TREASURY)' is clicked on

2018-11-21 17:15:36 - [MESSAGE][PASSED] - Object: 'Object Repository/Checker 1 Forms Objects/Page_Counterparty Limit Monitoring/ul_ANKITA (TREASURY)' is clicked on

2018-11-21 17:15:36 - [TEST_STEP][PASSED] - delay: Delayed 5 second(s)

2018-11-21 17:15:41 - [MESSAGE][PASSED] - Delayed 5 second(s)

2018-11-21 17:15:41 - [TEST_STEP][FAILED] - click: Unable to click on object 'Object Repository/Folder 1/Page_Counterparty Limit Monitoring/a_Logout' (Root cause: org.openqa.selenium.ElementNotVisibleException: element not interactable
  (Session info: chrome=70.0.3538.102)
  (Driver info: chromedriver=2.43.600210 (68dcf5eebde37173d4027fa8635e332711d2874a),platform=Windows NT 6.3.9600 x86_64) (WARNING: The server did not provide any stacktrace information)
Command duration or timeout: 0 milliseconds
Build info: version: '3.7.1', revision: '8a0099a', time: '2017-11-06T21:07:36.161Z'
System info: host: 'COMP116', ip: '192.168.50.116', os.name: 'Windows 8.1', os.arch: 'amd64', os.version: '6.3', java.version: '1.8.0_181'
Driver info: com.kms.katalon.selenium.driver.CChromeDriver
Capabilities {acceptInsecureCerts: false, acceptSslCerts: false, applicationCacheEnabled: false, browserConnectionEnabled: false, browserName: chrome, chrome: {chromedriverVersion: 2.43.600210 (68dcf5eebde371..., userDataDir: C:\Users\ashavini\AppData\L...}, cssSelectorsEnabled: true, databaseEnabled: false, goog:chromeOptions: {debuggerAddress: localhost:5934}, handlesAlerts: true, hasTouchScreen: false, javascriptEnabled: true, locationContextEnabled: true, mobileEmulationEnabled: false, nativeEvents: true, networkConnectionEnabled: false, pageLoadStrategy: normal, platform: XP, platformName: XP, rotatable: false, setWindowRect: true, takesHeapSnapshot: true, takesScreenshot: true, unexpectedAlertBehaviour: , unhandledPromptBehavior: , version: 70.0.3538.102, webStorageEnabled: true}
Session ID: bcfb708fdc63fc445efaa97d1a3e48fd)

2018-11-21 17:15:44 - [MESSAGE][FAILED] - Unable to click on object 'Object Repository/Folder 1/Page_Counterparty Limit Monitoring/a_Logout' (Root cause: org.openqa.selenium.ElementNotVisibleException: element not interactable
  (Session info: chrome=70.0.3538.102)
  (Driver info: chromedriver=2.43.600210 (68dcf5eebde37173d4027fa8635e332711d2874a),platform=Windows NT 6.3.9600 x86_64) (WARNING: The server did not provide any stacktrace information)
Command duration or timeout: 0 milliseconds
Build info: version: '3.7.1', revision: '8a0099a', time: '2017-11-06T21:07:36.161Z'
System info: host: 'COMP116', ip: '192.168.50.116', os.name: 'Windows 8.1', os.arch: 'amd64', os.version: '6.3', java.version: '1.8.0_181'
Driver info: com.kms.katalon.selenium.driver.CChromeDriver
Capabilities {acceptInsecureCerts: false, acceptSslCerts: false, applicationCacheEnabled: false, browserConnectionEnabled: false, browserName: chrome, chrome: {chromedriverVersion: 2.43.600210 (68dcf5eebde371..., userDataDir: C:\Users\ashavini\AppData\L...}, cssSelectorsEnabled: true, databaseEnabled: false, goog:chromeOptions: {debuggerAddress: localhost:5934}, handlesAlerts: true, hasTouchScreen: false, javascriptEnabled: true, locationContextEnabled: true, mobileEmulationEnabled: false, nativeEvents: true, networkConnectionEnabled: false, pageLoadStrategy: normal, platform: XP, platformName: XP, rotatable: false, setWindowRect: true, takesHeapSnapshot: true, takesScreenshot: true, unexpectedAlertBehaviour: , unhandledPromptBehavior: , version: 70.0.3538.102, webStorageEnabled: true}
Session ID: bcfb708fdc63fc445efaa97d1a3e48fd)
[[ATTACHMENT|C:\\Users\\ashavini\\Desktop\\Katalon\\Ankita\\LERMS_CP\\LERMS_CP\\Reports\\CHK1 Approve WD List\\20181121_170935\\1542800743360.png]]

2018-11-21 17:15:44 - [TEST_STEP][PASSED] - switchToWindowTitle: Switched to window with title: 'Loan Equivalent Risk System'

2018-11-21 17:15:47 - [MESSAGE][PASSED] - Switched to window with title: 'Loan Equivalent Risk System'

2018-11-21 17:15:47 - [TEST_STEP][PASSED] - click: Object: 'Object Repository/Folder 1/Page_Loan Equivalent Risk System/Page_Loan Equivalent Risk System/td_SIDDHIKA (TREASURY DEPARTME' is clicked on

2018-11-21 17:15:50 - [MESSAGE][PASSED] - Object: 'Object Repository/Folder 1/Page_Loan Equivalent Risk System/Page_Loan Equivalent Risk System/td_SIDDHIKA (TREASURY DEPARTME' is clicked on

2018-11-21 17:15:50 - [TEST_STEP][PASSED] - click: Object: 'Object Repository/Checker 1 Forms Objects/Page_Loan Equivalent Risk System/a_Logout' is clicked on

2018-11-21 17:15:53 - [MESSAGE][PASSED] - Object: 'Object Repository/Checker 1 Forms Objects/Page_Loan Equivalent Risk System/a_Logout' is clicked on]]></system-out>
         <system-err><![CDATA[2018-11-21 17:14:19 - [TEST_CASE][FAILED] - Test Cases/Checker 1 Approve: Test Cases/Checker 1 Approve FAILED because (of) (Stack trace: com.kms.katalon.core.exception.StepFailedException: Unable to click on object 'Object Repository/Folder 1/Page_Counterparty Limit Monitoring/a_Logout' (Root cause: org.openqa.selenium.ElementNotVisibleException: element not interactable
  (Session info: chrome=70.0.3538.102)
  (Driver info: chromedriver=2.43.600210 (68dcf5eebde37173d4027fa8635e332711d2874a),platform=Windows NT 6.3.9600 x86_64) (WARNING: The server did not provide any stacktrace information)
Command duration or timeout: 0 milliseconds
Build info: version: '3.7.1', revision: '8a0099a', time: '2017-11-06T21:07:36.161Z'
System info: host: 'COMP116', ip: '192.168.50.116', os.name: 'Windows 8.1', os.arch: 'amd64', os.version: '6.3', java.version: '1.8.0_181'
Driver info: com.kms.katalon.selenium.driver.CChromeDriver
Capabilities {acceptInsecureCerts: false, acceptSslCerts: false, applicationCacheEnabled: false, browserConnectionEnabled: false, browserName: chrome, chrome: {chromedriverVersion: 2.43.600210 (68dcf5eebde371..., userDataDir: C:\Users\ashavini\AppData\L...}, cssSelectorsEnabled: true, databaseEnabled: false, goog:chromeOptions: {debuggerAddress: localhost:5934}, handlesAlerts: true, hasTouchScreen: false, javascriptEnabled: true, locationContextEnabled: true, mobileEmulationEnabled: false, nativeEvents: true, networkConnectionEnabled: false, pageLoadStrategy: normal, platform: XP, platformName: XP, rotatable: false, setWindowRect: true, takesHeapSnapshot: true, takesScreenshot: true, unexpectedAlertBehaviour: , unhandledPromptBehavior: , version: 70.0.3538.102, webStorageEnabled: true}
Session ID: bcfb708fdc63fc445efaa97d1a3e48fd)
	at com.kms.katalon.core.keyword.internal.KeywordMain.stepFailed(KeywordMain.groovy:32)
	at com.kms.katalon.core.webui.keyword.internal.WebUIKeywordMain.stepFailed(WebUIKeywordMain.groovy:65)
	at com.kms.katalon.core.webui.keyword.internal.WebUIKeywordMain.runKeyword(WebUIKeywordMain.groovy:27)
	at com.kms.katalon.core.webui.keyword.builtin.ClickKeyword.click(ClickKeyword.groovy:86)
	at com.kms.katalon.core.webui.keyword.builtin.ClickKeyword.execute(ClickKeyword.groovy:67)
	at com.kms.katalon.core.keyword.internal.KeywordExecutor.executeKeywordForPlatform(KeywordExecutor.groovy:53)
	at com.kms.katalon.core.webui.keyword.WebUiBuiltInKeywords.click(WebUiBuiltInKeywords.groovy:616)
	at com.kms.katalon.core.webui.keyword.WebUiBuiltInKeywords$click$3.call(Unknown Source)
	at org.codehaus.groovy.runtime.callsite.CallSiteArray.defaultCall(CallSiteArray.java:48)
	at org.codehaus.groovy.runtime.callsite.AbstractCallSite.call(AbstractCallSite.java:113)
	at org.codehaus.groovy.runtime.callsite.AbstractCallSite.call(AbstractCallSite.java:125)
	at Script1542695773372.run(Script1542695773372.groovy:84)
	at com.kms.katalon.core.main.ScriptEngine.run(ScriptEngine.java:183)
	at com.kms.katalon.core.main.ScriptEngine.runScriptAsRawText(ScriptEngine.java:108)
	at com.kms.katalon.core.main.TestCaseExecutor.runScript(TestCaseExecutor.java:294)
	at com.kms.katalon.core.main.TestCaseExecutor.doExecute(TestCaseExecutor.java:285)
	at com.kms.katalon.core.main.TestCaseExecutor.processExecutionPhase(TestCaseExecutor.java:264)
	at com.kms.katalon.core.main.TestCaseExecutor.accessMainPhase(TestCaseExecutor.java:256)
	at com.kms.katalon.core.main.TestCaseExecutor.execute(TestCaseExecutor.java:200)
	at com.kms.katalon.core.main.TestSuiteExecutor.accessTestCaseMainPhase(TestSuiteExecutor.java:129)
	at com.kms.katalon.core.main.TestSuiteExecutor.accessTestSuiteMainPhase(TestSuiteExecutor.java:112)
	at com.kms.katalon.core.main.TestSuiteExecutor.execute(TestSuiteExecutor.java:81)
	at com.kms.katalon.core.main.TestCaseMain.startTestSuite(TestCaseMain.java:142)
	at com.kms.katalon.core.main.TestCaseMain$startTestSuite$0.call(Unknown Source)
	at org.codehaus.groovy.runtime.callsite.CallSiteArray.defaultCall(CallSiteArray.java:48)
	at org.codehaus.groovy.runtime.callsite.AbstractCallSite.call(AbstractCallSite.java:113)
	at org.codehaus.groovy.runtime.callsite.AbstractCallSite.call(AbstractCallSite.java:141)
	at TempTestSuite1542800375660.run(TempTestSuite1542800375660.groovy:36)
	at groovy.lang.GroovyShell.runScriptOrMainOrTestOrRunnable(GroovyShell.java:263)
	at groovy.lang.GroovyShell.run(GroovyShell.java:518)
	at groovy.lang.GroovyShell.run(GroovyShell.java:507)
	at groovy.ui.GroovyMain.processOnce(GroovyMain.java:653)
	at groovy.ui.GroovyMain.run(GroovyMain.java:384)
	at groovy.ui.GroovyMain.process(GroovyMain.java:370)
	at groovy.ui.GroovyMain.processArgs(GroovyMain.java:129)
	at groovy.ui.GroovyMain.main(GroovyMain.java:109)
	at sun.reflect.NativeMethodAccessorImpl.invoke0(Native Method)
	at sun.reflect.NativeMethodAccessorImpl.invoke(NativeMethodAccessorImpl.java:62)
	at sun.reflect.DelegatingMethodAccessorImpl.invoke(DelegatingMethodAccessorImpl.java:43)
	at java.lang.reflect.Method.invoke(Method.java:498)
	at org.codehaus.groovy.tools.GroovyStarter.rootLoader(GroovyStarter.java:109)
	at org.codehaus.groovy.tools.GroovyStarter.main(GroovyStarter.java:131)
)]]></system-err>
      </testcase>
      <testcase name="Test Cases/CHK1 Approval WD List Chk" classname="Test Cases/CHK1 Approval WD List Chk" status="ERROR">
         <error type="ERROR" message="Test Cases/CHK1 Approval WD List Chk FAILED because (of) (Stack trace: java.lang.NullPointerException: Cannot invoke method multiply() on null object
	at org.codehaus.groovy.runtime.NullObject.invokeMethod(NullObject.java:91)
	at org.codehaus.groovy.runtime.callsite.PogoMetaClassSite.call(PogoMetaClassSite.java:48)
	at org.codehaus.groovy.runtime.callsite.CallSiteArray.defaultCall(CallSiteArray.java:48)
	at org.codehaus.groovy.runtime.callsite.NullCallSite.call(NullCallSite.java:35)
	at org.codehaus.groovy.runtime.callsite.CallSiteArray.defaultCall(CallSiteArray.java:48)
	at org.codehaus.groovy.runtime.callsite.AbstractCallSite.call(AbstractCallSite.java:113)
	at org.codehaus.groovy.runtime.callsite.AbstractCallSite.call(AbstractCallSite.java:125)
	at Script1542800080372.run(Script1542800080372.groovy:43)
	at com.kms.katalon.core.main.ScriptEngine.run(ScriptEngine.java:183)
	at com.kms.katalon.core.main.ScriptEngine.runScriptAsRawText(ScriptEngine.java:108)
	at com.kms.katalon.core.main.TestCaseExecutor.runScript(TestCaseExecutor.java:294)
	at com.kms.katalon.core.main.TestCaseExecutor.doExecute(TestCaseExecutor.java:285)
	at com.kms.katalon.core.main.TestCaseExecutor.processExecutionPhase(TestCaseExecutor.java:264)
	at com.kms.katalon.core.main.TestCaseExecutor.accessMainPhase(TestCaseExecutor.java:256)
	at com.kms.katalon.core.main.TestCaseExecutor.execute(TestCaseExecutor.java:200)
	at com.kms.katalon.core.main.TestSuiteExecutor.accessTestCaseMainPhase(TestSuiteExecutor.java:129)
	at com.kms.katalon.core.main.TestSuiteExecutor.accessTestSuiteMainPhase(TestSuiteExecutor.java:112)
	at com.kms.katalon.core.main.TestSuiteExecutor.execute(TestSuiteExecutor.java:81)
	at com.kms.katalon.core.main.TestCaseMain.startTestSuite(TestCaseMain.java:142)
	at com.kms.katalon.core.main.TestCaseMain$startTestSuite$0.call(Unknown Source)
	at org.codehaus.groovy.runtime.callsite.CallSiteArray.defaultCall(CallSiteArray.java:48)
	at org.codehaus.groovy.runtime.callsite.AbstractCallSite.call(AbstractCallSite.java:113)
	at org.codehaus.groovy.runtime.callsite.AbstractCallSite.call(AbstractCallSite.java:141)
	at TempTestSuite1542800375660.run(TempTestSuite1542800375660.groovy:36)
	at groovy.lang.GroovyShell.runScriptOrMainOrTestOrRunnable(GroovyShell.java:263)
	at groovy.lang.GroovyShell.run(GroovyShell.java:518)
	at groovy.lang.GroovyShell.run(GroovyShell.java:507)
	at groovy.ui.GroovyMain.processOnce(GroovyMain.java:653)
	at groovy.ui.GroovyMain.run(GroovyMain.java:384)
	at groovy.ui.GroovyMain.process(GroovyMain.java:370)
	at groovy.ui.GroovyMain.processArgs(GroovyMain.java:129)
	at groovy.ui.GroovyMain.main(GroovyMain.java:109)
	at sun.reflect.NativeMethodAccessorImpl.invoke0(Native Method)
	at sun.reflect.NativeMethodAccessorImpl.invoke(NativeMethodAccessorImpl.java:62)
	at sun.reflect.DelegatingMethodAccessorImpl.invoke(DelegatingMethodAccessorImpl.java:43)
	at java.lang.reflect.Method.invoke(Method.java:498)
	at org.codehaus.groovy.tools.GroovyStarter.rootLoader(GroovyStarter.java:109)
	at org.codehaus.groovy.tools.GroovyStarter.main(GroovyStarter.java:131)
)"/>
         <system-out><![CDATA[2018-11-21 17:15:55 - [TEST_CASE][ERROR] - Test Cases/CHK1 Approval WD List Chk: Test Cases/CHK1 Approval WD List Chk FAILED because (of) (Stack trace: java.lang.NullPointerException: Cannot invoke method multiply() on null object
	at org.codehaus.groovy.runtime.NullObject.invokeMethod(NullObject.java:91)
	at org.codehaus.groovy.runtime.callsite.PogoMetaClassSite.call(PogoMetaClassSite.java:48)
	at org.codehaus.groovy.runtime.callsite.CallSiteArray.defaultCall(CallSiteArray.java:48)
	at org.codehaus.groovy.runtime.callsite.NullCallSite.call(NullCallSite.java:35)
	at org.codehaus.groovy.runtime.callsite.CallSiteArray.defaultCall(CallSiteArray.java:48)
	at org.codehaus.groovy.runtime.callsite.AbstractCallSite.call(AbstractCallSite.java:113)
	at org.codehaus.groovy.runtime.callsite.AbstractCallSite.call(AbstractCallSite.java:125)
	at Script1542800080372.run(Script1542800080372.groovy:43)
	at com.kms.katalon.core.main.ScriptEngine.run(ScriptEngine.java:183)
	at com.kms.katalon.core.main.ScriptEngine.runScriptAsRawText(ScriptEngine.java:108)
	at com.kms.katalon.core.main.TestCaseExecutor.runScript(TestCaseExecutor.java:294)
	at com.kms.katalon.core.main.TestCaseExecutor.doExecute(TestCaseExecutor.java:285)
	at com.kms.katalon.core.main.TestCaseExecutor.processExecutionPhase(TestCaseExecutor.java:264)
	at com.kms.katalon.core.main.TestCaseExecutor.accessMainPhase(TestCaseExecutor.java:256)
	at com.kms.katalon.core.main.TestCaseExecutor.execute(TestCaseExecutor.java:200)
	at com.kms.katalon.core.main.TestSuiteExecutor.accessTestCaseMainPhase(TestSuiteExecutor.java:129)
	at com.kms.katalon.core.main.TestSuiteExecutor.accessTestSuiteMainPhase(TestSuiteExecutor.java:112)
	at com.kms.katalon.core.main.TestSuiteExecutor.execute(TestSuiteExecutor.java:81)
	at com.kms.katalon.core.main.TestCaseMain.startTestSuite(TestCaseMain.java:142)
	at com.kms.katalon.core.main.TestCaseMain$startTestSuite$0.call(Unknown Source)
	at org.codehaus.groovy.runtime.callsite.CallSiteArray.defaultCall(CallSiteArray.java:48)
	at org.codehaus.groovy.runtime.callsite.AbstractCallSite.call(AbstractCallSite.java:113)
	at org.codehaus.groovy.runtime.callsite.AbstractCallSite.call(AbstractCallSite.java:141)
	at TempTestSuite1542800375660.run(TempTestSuite1542800375660.groovy:36)
	at groovy.lang.GroovyShell.runScriptOrMainOrTestOrRunnable(GroovyShell.java:263)
	at groovy.lang.GroovyShell.run(GroovyShell.java:518)
	at groovy.lang.GroovyShell.run(GroovyShell.java:507)
	at groovy.ui.GroovyMain.processOnce(GroovyMain.java:653)
	at groovy.ui.GroovyMain.run(GroovyMain.java:384)
	at groovy.ui.GroovyMain.process(GroovyMain.java:370)
	at groovy.ui.GroovyMain.processArgs(GroovyMain.java:129)
	at groovy.ui.GroovyMain.main(GroovyMain.java:109)
	at sun.reflect.NativeMethodAccessorImpl.invoke0(Native Method)
	at sun.reflect.NativeMethodAccessorImpl.invoke(NativeMethodAccessorImpl.java:62)
	at sun.reflect.DelegatingMethodAccessorImpl.invoke(DelegatingMethodAccessorImpl.java:43)
	at java.lang.reflect.Method.invoke(Method.java:498)
	at org.codehaus.groovy.tools.GroovyStarter.rootLoader(GroovyStarter.java:109)
	at org.codehaus.groovy.tools.GroovyStarter.main(GroovyStarter.java:131)
)

2018-11-21 17:15:56 - [TEST_STEP][PASSED] - setText: Text 'Siddhika' is set on object 'Object Repository/Folder 1/Page_Loan Equivalent Risk System/input_User Name_ctl00MainConte'

2018-11-21 17:16:00 - [MESSAGE][PASSED] - Text 'Siddhika' is set on object 'Object Repository/Folder 1/Page_Loan Equivalent Risk System/input_User Name_ctl00MainConte'

2018-11-21 17:16:00 - [TEST_STEP][PASSED] - setEncryptedText: Text ****** has been set on object 'Object Repository/Folder 1/Page_Loan Equivalent Risk System/input_Password_ctl00MainConten'

2018-11-21 17:16:04 - [MESSAGE][PASSED] - Text ****** has been set on object 'Object Repository/Folder 1/Page_Loan Equivalent Risk System/input_Password_ctl00MainConten'

2018-11-21 17:16:04 - [TEST_STEP][PASSED] - click: Object: 'Object Repository/Folder 1/Page_Loan Equivalent Risk System/input_Password_ctl00MainConten_1' is clicked on

2018-11-21 17:16:08 - [MESSAGE][PASSED] - Object: 'Object Repository/Folder 1/Page_Loan Equivalent Risk System/input_Password_ctl00MainConten_1' is clicked on

2018-11-21 17:16:08 - [TEST_STEP][PASSED] - acceptAlert: Alert accepted

2018-11-21 17:16:10 - [MESSAGE][PASSED] - Alert accepted

2018-11-21 17:16:10 - [TEST_STEP][PASSED] - delay: Delayed 2 second(s)

2018-11-21 17:16:12 - [MESSAGE][PASSED] - Delayed 2 second(s)

2018-11-21 17:16:12 - [TEST_STEP][PASSED] - click: Object: 'Object Repository/Folder 1/Page_Loan Equivalent Risk System/a_Counterparty Limit Maintaine' is clicked on

2018-11-21 17:16:14 - [MESSAGE][PASSED] - Object: 'Object Repository/Folder 1/Page_Loan Equivalent Risk System/a_Counterparty Limit Maintaine' is clicked on

2018-11-21 17:16:14 - [TEST_STEP][PASSED] - delay: Delayed 2 second(s)

2018-11-21 17:16:16 - [MESSAGE][PASSED] - Delayed 2 second(s)

2018-11-21 17:16:16 - [TEST_STEP][PASSED] - switchToWindowIndex: Switched to window with index: '1'

2018-11-21 17:16:18 - [MESSAGE][PASSED] - Switched to window with index: '1'

2018-11-21 17:16:18 - [TEST_STEP][PASSED] - delay: Delayed 2 second(s)

2018-11-21 17:16:20 - [MESSAGE][PASSED] - Delayed 2 second(s)

2018-11-21 17:16:20 - [TEST_STEP][PASSED] - Statement - com.kms.katalon.core.webui.keyword.WebUiBuiltInKeywords.maximizeWindow() * com.kms.katalon.core.webui.keyword.WebUiBuiltInKeywords.delay(2): Delayed 2 second(s)

2018-11-21 17:16:21 - [MESSAGE][PASSED] - Current window maximized

2018-11-21 17:16:23 - [MESSAGE][PASSED] - Delayed 2 second(s)]]></system-out>
         <system-err><![CDATA[2018-11-21 17:15:55 - [TEST_CASE][ERROR] - Test Cases/CHK1 Approval WD List Chk: Test Cases/CHK1 Approval WD List Chk FAILED because (of) (Stack trace: java.lang.NullPointerException: Cannot invoke method multiply() on null object
	at org.codehaus.groovy.runtime.NullObject.invokeMethod(NullObject.java:91)
	at org.codehaus.groovy.runtime.callsite.PogoMetaClassSite.call(PogoMetaClassSite.java:48)
	at org.codehaus.groovy.runtime.callsite.CallSiteArray.defaultCall(CallSiteArray.java:48)
	at org.codehaus.groovy.runtime.callsite.NullCallSite.call(NullCallSite.java:35)
	at org.codehaus.groovy.runtime.callsite.CallSiteArray.defaultCall(CallSiteArray.java:48)
	at org.codehaus.groovy.runtime.callsite.AbstractCallSite.call(AbstractCallSite.java:113)
	at org.codehaus.groovy.runtime.callsite.AbstractCallSite.call(AbstractCallSite.java:125)
	at Script1542800080372.run(Script1542800080372.groovy:43)
	at com.kms.katalon.core.main.ScriptEngine.run(ScriptEngine.java:183)
	at com.kms.katalon.core.main.ScriptEngine.runScriptAsRawText(ScriptEngine.java:108)
	at com.kms.katalon.core.main.TestCaseExecutor.runScript(TestCaseExecutor.java:294)
	at com.kms.katalon.core.main.TestCaseExecutor.doExecute(TestCaseExecutor.java:285)
	at com.kms.katalon.core.main.TestCaseExecutor.processExecutionPhase(TestCaseExecutor.java:264)
	at com.kms.katalon.core.main.TestCaseExecutor.accessMainPhase(TestCaseExecutor.java:256)
	at com.kms.katalon.core.main.TestCaseExecutor.execute(TestCaseExecutor.java:200)
	at com.kms.katalon.core.main.TestSuiteExecutor.accessTestCaseMainPhase(TestSuiteExecutor.java:129)
	at com.kms.katalon.core.main.TestSuiteExecutor.accessTestSuiteMainPhase(TestSuiteExecutor.java:112)
	at com.kms.katalon.core.main.TestSuiteExecutor.execute(TestSuiteExecutor.java:81)
	at com.kms.katalon.core.main.TestCaseMain.startTestSuite(TestCaseMain.java:142)
	at com.kms.katalon.core.main.TestCaseMain$startTestSuite$0.call(Unknown Source)
	at org.codehaus.groovy.runtime.callsite.CallSiteArray.defaultCall(CallSiteArray.java:48)
	at org.codehaus.groovy.runtime.callsite.AbstractCallSite.call(AbstractCallSite.java:113)
	at org.codehaus.groovy.runtime.callsite.AbstractCallSite.call(AbstractCallSite.java:141)
	at TempTestSuite1542800375660.run(TempTestSuite1542800375660.groovy:36)
	at groovy.lang.GroovyShell.runScriptOrMainOrTestOrRunnable(GroovyShell.java:263)
	at groovy.lang.GroovyShell.run(GroovyShell.java:518)
	at groovy.lang.GroovyShell.run(GroovyShell.java:507)
	at groovy.ui.GroovyMain.processOnce(GroovyMain.java:653)
	at groovy.ui.GroovyMain.run(GroovyMain.java:384)
	at groovy.ui.GroovyMain.process(GroovyMain.java:370)
	at groovy.ui.GroovyMain.processArgs(GroovyMain.java:129)
	at groovy.ui.GroovyMain.main(GroovyMain.java:109)
	at sun.reflect.NativeMethodAccessorImpl.invoke0(Native Method)
	at sun.reflect.NativeMethodAccessorImpl.invoke(NativeMethodAccessorImpl.java:62)
	at sun.reflect.DelegatingMethodAccessorImpl.invoke(DelegatingMethodAccessorImpl.java:43)
	at java.lang.reflect.Method.invoke(Method.java:498)
	at org.codehaus.groovy.tools.GroovyStarter.rootLoader(GroovyStarter.java:109)
	at org.codehaus.groovy.tools.GroovyStarter.main(GroovyStarter.java:131)
)]]></system-err>
      </testcase>
      <system-out><![CDATA[2018-11-21 17:09:37 - [TEST_SUITE][FAILED] - CHK1 Approve WD List: Test Cases/MK_Initiate_WD FAILED because (of) (Stack trace: com.kms.katalon.core.exception.StepFailedException: Unable to select option by value 'SG' of object 'Object Repository/WD Objects/MK Initiate/Page_Counterparty Limit Monitoring/select_--SELECT--INDIASINGAPOR'  using regular expression (Root cause: org.openqa.selenium.StaleElementReferenceException: stale element reference: element is not attached to the page document
  (Session info: chrome=70.0.3538.102)
  (Driver info: chromedriver=2.43.600210 (68dcf5eebde37173d4027fa8635e332711d2874a),platform=Windows NT 6.3.9600 x86_64) (WARNING: The server did not provide any stacktrace information)
Command duration or timeout: 0 milliseconds
For documentation on this error, please visit: http://seleniumhq.org/exceptions/stale_element_reference.html
Build info: version: '3.7.1', revision: '8a0099a', time: '2017-11-06T21:07:36.161Z'
System info: host: 'COMP116', ip: '192.168.50.116', os.name: 'Windows 8.1', os.arch: 'amd64', os.version: '6.3', java.version: '1.8.0_181'
Driver info: com.kms.katalon.selenium.driver.CChromeDriver
Capabilities {acceptInsecureCerts: false, acceptSslCerts: false, applicationCacheEnabled: false, browserConnectionEnabled: false, browserName: chrome, chrome: {chromedriverVersion: 2.43.600210 (68dcf5eebde371..., userDataDir: C:\Users\ashavini\AppData\L...}, cssSelectorsEnabled: true, databaseEnabled: false, goog:chromeOptions: {debuggerAddress: localhost:5709}, handlesAlerts: true, hasTouchScreen: false, javascriptEnabled: true, locationContextEnabled: true, mobileEmulationEnabled: false, nativeEvents: true, networkConnectionEnabled: false, pageLoadStrategy: normal, platform: XP, platformName: XP, rotatable: false, setWindowRect: true, takesHeapSnapshot: true, takesScreenshot: true, unexpectedAlertBehaviour: , unhandledPromptBehavior: , version: 70.0.3538.102, webStorageEnabled: true}
Session ID: 55e3bc2280abd7d291eb50392efb5bee)
	at com.kms.katalon.core.keyword.internal.KeywordMain.stepFailed(KeywordMain.groovy:32)
	at com.kms.katalon.core.webui.keyword.internal.WebUIKeywordMain.stepFailed(WebUIKeywordMain.groovy:65)
	at com.kms.katalon.core.webui.keyword.internal.WebUIKeywordMain.runKeyword(WebUIKeywordMain.groovy:27)
	at com.kms.katalon.core.webui.keyword.builtin.SelectOptionByValueKeyword.selectOptionByValue(SelectOptionByValueKeyword.groovy:99)
	at com.kms.katalon.core.webui.keyword.builtin.SelectOptionByValueKeyword.execute(SelectOptionByValueKeyword.groovy:71)
	at com.kms.katalon.core.keyword.internal.KeywordExecutor.executeKeywordForPlatform(KeywordExecutor.groovy:53)
	at com.kms.katalon.core.webui.keyword.WebUiBuiltInKeywords.selectOptionByValue(WebUiBuiltInKeywords.groovy:1138)
	at com.kms.katalon.core.webui.keyword.WebUiBuiltInKeywords$selectOptionByValue$10.call(Unknown Source)
	at org.codehaus.groovy.runtime.callsite.CallSiteArray.defaultCall(CallSiteArray.java:48)
	at org.codehaus.groovy.runtime.callsite.AbstractCallSite.call(AbstractCallSite.java:113)
	at org.codehaus.groovy.runtime.callsite.AbstractCallSite.call(AbstractCallSite.java:141)
	at Script1542782649460.run(Script1542782649460.groovy:132)
	at com.kms.katalon.core.main.ScriptEngine.run(ScriptEngine.java:183)
	at com.kms.katalon.core.main.ScriptEngine.runScriptAsRawText(ScriptEngine.java:108)
	at com.kms.katalon.core.main.TestCaseExecutor.runScript(TestCaseExecutor.java:294)
	at com.kms.katalon.core.main.TestCaseExecutor.doExecute(TestCaseExecutor.java:285)
	at com.kms.katalon.core.main.TestCaseExecutor.processExecutionPhase(TestCaseExecutor.java:264)
	at com.kms.katalon.core.main.TestCaseExecutor.accessMainPhase(TestCaseExecutor.java:256)
	at com.kms.katalon.core.main.TestCaseExecutor.execute(TestCaseExecutor.java:200)
	at com.kms.katalon.core.main.TestSuiteExecutor.accessTestCaseMainPhase(TestSuiteExecutor.java:129)
	at com.kms.katalon.core.main.TestSuiteExecutor.accessTestSuiteMainPhase(TestSuiteExecutor.java:112)
	at com.kms.katalon.core.main.TestSuiteExecutor.execute(TestSuiteExecutor.java:81)
	at com.kms.katalon.core.main.TestCaseMain.startTestSuite(TestCaseMain.java:142)
	at com.kms.katalon.core.main.TestCaseMain$startTestSuite$0.call(Unknown Source)
	at org.codehaus.groovy.runtime.callsite.CallSiteArray.defaultCall(CallSiteArray.java:48)
	at org.codehaus.groovy.runtime.callsite.AbstractCallSite.call(AbstractCallSite.java:113)
	at org.codehaus.groovy.runtime.callsite.AbstractCallSite.call(AbstractCallSite.java:141)
	at TempTestSuite1542800375660.run(TempTestSuite1542800375660.groovy:36)
	at groovy.lang.GroovyShell.runScriptOrMainOrTestOrRunnable(GroovyShell.java:263)
	at groovy.lang.GroovyShell.run(GroovyShell.java:518)
	at groovy.lang.GroovyShell.run(GroovyShell.java:507)
	at groovy.ui.GroovyMain.processOnce(GroovyMain.java:653)
	at groovy.ui.GroovyMain.run(GroovyMain.java:384)
	at groovy.ui.GroovyMain.process(GroovyMain.java:370)
	at groovy.ui.GroovyMain.processArgs(GroovyMain.java:129)
	at groovy.ui.GroovyMain.main(GroovyMain.java:109)
	at sun.reflect.NativeMethodAccessorImpl.invoke0(Native Method)
	at sun.reflect.NativeMethodAccessorImpl.invoke(NativeMethodAccessorImpl.java:62)
	at sun.reflect.DelegatingMethodAccessorImpl.invoke(DelegatingMethodAccessorImpl.java:43)
	at java.lang.reflect.Method.invoke(Method.java:498)
	at org.codehaus.groovy.tools.GroovyStarter.rootLoader(GroovyStarter.java:109)
	at org.codehaus.groovy.tools.GroovyStarter.main(GroovyStarter.java:131)
)]]></system-out>
      <system-err><![CDATA[2018-11-21 17:09:37 - [TEST_SUITE][FAILED] - CHK1 Approve WD List: Test Cases/MK_Initiate_WD FAILED because (of) (Stack trace: com.kms.katalon.core.exception.StepFailedException: Unable to select option by value 'SG' of object 'Object Repository/WD Objects/MK Initiate/Page_Counterparty Limit Monitoring/select_--SELECT--INDIASINGAPOR'  using regular expression (Root cause: org.openqa.selenium.StaleElementReferenceException: stale element reference: element is not attached to the page document
  (Session info: chrome=70.0.3538.102)
  (Driver info: chromedriver=2.43.600210 (68dcf5eebde37173d4027fa8635e332711d2874a),platform=Windows NT 6.3.9600 x86_64) (WARNING: The server did not provide any stacktrace information)
Command duration or timeout: 0 milliseconds
For documentation on this error, please visit: http://seleniumhq.org/exceptions/stale_element_reference.html
Build info: version: '3.7.1', revision: '8a0099a', time: '2017-11-06T21:07:36.161Z'
System info: host: 'COMP116', ip: '192.168.50.116', os.name: 'Windows 8.1', os.arch: 'amd64', os.version: '6.3', java.version: '1.8.0_181'
Driver info: com.kms.katalon.selenium.driver.CChromeDriver
Capabilities {acceptInsecureCerts: false, acceptSslCerts: false, applicationCacheEnabled: false, browserConnectionEnabled: false, browserName: chrome, chrome: {chromedriverVersion: 2.43.600210 (68dcf5eebde371..., userDataDir: C:\Users\ashavini\AppData\L...}, cssSelectorsEnabled: true, databaseEnabled: false, goog:chromeOptions: {debuggerAddress: localhost:5709}, handlesAlerts: true, hasTouchScreen: false, javascriptEnabled: true, locationContextEnabled: true, mobileEmulationEnabled: false, nativeEvents: true, networkConnectionEnabled: false, pageLoadStrategy: normal, platform: XP, platformName: XP, rotatable: false, setWindowRect: true, takesHeapSnapshot: true, takesScreenshot: true, unexpectedAlertBehaviour: , unhandledPromptBehavior: , version: 70.0.3538.102, webStorageEnabled: true}
Session ID: 55e3bc2280abd7d291eb50392efb5bee)
	at com.kms.katalon.core.keyword.internal.KeywordMain.stepFailed(KeywordMain.groovy:32)
	at com.kms.katalon.core.webui.keyword.internal.WebUIKeywordMain.stepFailed(WebUIKeywordMain.groovy:65)
	at com.kms.katalon.core.webui.keyword.internal.WebUIKeywordMain.runKeyword(WebUIKeywordMain.groovy:27)
	at com.kms.katalon.core.webui.keyword.builtin.SelectOptionByValueKeyword.selectOptionByValue(SelectOptionByValueKeyword.groovy:99)
	at com.kms.katalon.core.webui.keyword.builtin.SelectOptionByValueKeyword.execute(SelectOptionByValueKeyword.groovy:71)
	at com.kms.katalon.core.keyword.internal.KeywordExecutor.executeKeywordForPlatform(KeywordExecutor.groovy:53)
	at com.kms.katalon.core.webui.keyword.WebUiBuiltInKeywords.selectOptionByValue(WebUiBuiltInKeywords.groovy:1138)
	at com.kms.katalon.core.webui.keyword.WebUiBuiltInKeywords$selectOptionByValue$10.call(Unknown Source)
	at org.codehaus.groovy.runtime.callsite.CallSiteArray.defaultCall(CallSiteArray.java:48)
	at org.codehaus.groovy.runtime.callsite.AbstractCallSite.call(AbstractCallSite.java:113)
	at org.codehaus.groovy.runtime.callsite.AbstractCallSite.call(AbstractCallSite.java:141)
	at Script1542782649460.run(Script1542782649460.groovy:132)
	at com.kms.katalon.core.main.ScriptEngine.run(ScriptEngine.java:183)
	at com.kms.katalon.core.main.ScriptEngine.runScriptAsRawText(ScriptEngine.java:108)
	at com.kms.katalon.core.main.TestCaseExecutor.runScript(TestCaseExecutor.java:294)
	at com.kms.katalon.core.main.TestCaseExecutor.doExecute(TestCaseExecutor.java:285)
	at com.kms.katalon.core.main.TestCaseExecutor.processExecutionPhase(TestCaseExecutor.java:264)
	at com.kms.katalon.core.main.TestCaseExecutor.accessMainPhase(TestCaseExecutor.java:256)
	at com.kms.katalon.core.main.TestCaseExecutor.execute(TestCaseExecutor.java:200)
	at com.kms.katalon.core.main.TestSuiteExecutor.accessTestCaseMainPhase(TestSuiteExecutor.java:129)
	at com.kms.katalon.core.main.TestSuiteExecutor.accessTestSuiteMainPhase(TestSuiteExecutor.java:112)
	at com.kms.katalon.core.main.TestSuiteExecutor.execute(TestSuiteExecutor.java:81)
	at com.kms.katalon.core.main.TestCaseMain.startTestSuite(TestCaseMain.java:142)
	at com.kms.katalon.core.main.TestCaseMain$startTestSuite$0.call(Unknown Source)
	at org.codehaus.groovy.runtime.callsite.CallSiteArray.defaultCall(CallSiteArray.java:48)
	at org.codehaus.groovy.runtime.callsite.AbstractCallSite.call(AbstractCallSite.java:113)
	at org.codehaus.groovy.runtime.callsite.AbstractCallSite.call(AbstractCallSite.java:141)
	at TempTestSuite1542800375660.run(TempTestSuite1542800375660.groovy:36)
	at groovy.lang.GroovyShell.runScriptOrMainOrTestOrRunnable(GroovyShell.java:263)
	at groovy.lang.GroovyShell.run(GroovyShell.java:518)
	at groovy.lang.GroovyShell.run(GroovyShell.java:507)
	at groovy.ui.GroovyMain.processOnce(GroovyMain.java:653)
	at groovy.ui.GroovyMain.run(GroovyMain.java:384)
	at groovy.ui.GroovyMain.process(GroovyMain.java:370)
	at groovy.ui.GroovyMain.processArgs(GroovyMain.java:129)
	at groovy.ui.GroovyMain.main(GroovyMain.java:109)
	at sun.reflect.NativeMethodAccessorImpl.invoke0(Native Method)
	at sun.reflect.NativeMethodAccessorImpl.invoke(NativeMethodAccessorImpl.java:62)
	at sun.reflect.DelegatingMethodAccessorImpl.invoke(DelegatingMethodAccessorImpl.java:43)
	at java.lang.reflect.Method.invoke(Method.java:498)
	at org.codehaus.groovy.tools.GroovyStarter.rootLoader(GroovyStarter.java:109)
	at org.codehaus.groovy.tools.GroovyStarter.main(GroovyStarter.java:131)
)]]></system-err>
   </testsuite>
</testsuites>
